2021-03-20 19:14:16,786 [background-preinit          ] [INFO ] org.hibernate.validator.internal.util.Version                          -
				HV000001: Hibernate Validator 6.1.7.Final
2021-03-20 19:14:16,802 [restartedMain               ] [INFO ] com.beerhouse.Application                                              -
				Starting Application using Java 1.8.0_261 on cp3900 with PID 120157 (/home/mtuser/craftbeer/target/classes started by mtuser in /home/mtuser/craftbeer)
2021-03-20 19:14:16,802 [restartedMain               ] [DEBUG] com.beerhouse.Application                                              -
				Running with Spring Boot v2.4.4, Spring v5.3.5
2021-03-20 19:14:16,803 [restartedMain               ] [INFO ] com.beerhouse.Application                                              -
				The following profiles are active: dev
2021-03-20 19:14:16,880 [restartedMain               ] [INFO ] o.s.boot.devtools.env.DevToolsPropertyDefaultsPostProcessor            -
				Devtools property defaults active! Set 'spring.devtools.add-properties' to 'false' to disable
2021-03-20 19:14:16,881 [restartedMain               ] [INFO ] o.s.boot.devtools.env.DevToolsPropertyDefaultsPostProcessor            -
				For additional web related logging consider setting the 'logging.level.web' property to 'DEBUG'
2021-03-20 19:14:18,370 [restartedMain               ] [INFO ] o.s.data.repository.config.RepositoryConfigurationDelegate             -
				Bootstrapping Spring Data JPA repositories in DEFAULT mode.
2021-03-20 19:14:18,445 [restartedMain               ] [INFO ] o.s.data.repository.config.RepositoryConfigurationDelegate             -
				Finished Spring Data repository scanning in 63 ms. Found 1 JPA repository interfaces.
2021-03-20 19:14:19,275 [restartedMain               ] [INFO ] org.springframework.boot.web.embedded.tomcat.TomcatWebServer           -
				Tomcat initialized with port(s): 9000 (http)
2021-03-20 19:14:19,288 [restartedMain               ] [INFO ] org.apache.coyote.http11.Http11NioProtocol                             -
				Initializing ProtocolHandler ["http-nio-9000"]
2021-03-20 19:14:19,338 [restartedMain               ] [INFO ] org.apache.catalina.core.StandardService                               -
				Starting service [Tomcat]
2021-03-20 19:14:19,338 [restartedMain               ] [INFO ] org.apache.catalina.core.StandardEngine                                -
				Starting Servlet engine: [Apache Tomcat/9.0.44]
2021-03-20 19:14:19,433 [restartedMain               ] [INFO ] org.apache.catalina.core.ContainerBase.[Tomcat].[localhost].[/]        -
				Initializing Spring embedded WebApplicationContext
2021-03-20 19:14:19,434 [restartedMain               ] [INFO ] o.s.boot.web.servlet.context.ServletWebServerApplicationContext        -
				Root WebApplicationContext: initialization completed in 2552 ms
2021-03-20 19:14:19,522 [restartedMain               ] [INFO ] com.zaxxer.hikari.HikariDataSource                                     -
				HikariPool-1 - Starting...
2021-03-20 19:14:19,788 [restartedMain               ] [INFO ] com.zaxxer.hikari.HikariDataSource                                     -
				HikariPool-1 - Start completed.
2021-03-20 19:14:19,799 [restartedMain               ] [INFO ] org.springframework.boot.autoconfigure.h2.H2ConsoleAutoConfiguration   -
				H2 console available at '/h2'. Database available at 'jdbc:h2:file:~/test'
2021-03-20 19:14:20,036 [restartedMain               ] [INFO ] org.hibernate.jpa.internal.util.LogHelper                              -
				HHH000204: Processing PersistenceUnitInfo [name: default]
2021-03-20 19:14:20,121 [restartedMain               ] [INFO ] org.hibernate.Version                                                  -
				HHH000412: Hibernate ORM core version 5.4.29.Final
2021-03-20 19:14:20,315 [restartedMain               ] [INFO ] org.hibernate.annotations.common.Version                               -
				HCANN000001: Hibernate Commons Annotations {5.1.2.Final}
2021-03-20 19:14:20,575 [restartedMain               ] [INFO ] org.hibernate.dialect.Dialect                                          -
				HHH000400: Using dialect: org.hibernate.dialect.H2Dialect
2021-03-20 19:14:21,471 [restartedMain               ] [INFO ] o.h.engine.transaction.jta.platform.internal.JtaPlatformInitiator      -
				HHH000490: Using JtaPlatform implementation: [org.hibernate.engine.transaction.jta.platform.internal.NoJtaPlatform]
2021-03-20 19:14:21,484 [restartedMain               ] [INFO ] org.springframework.orm.jpa.LocalContainerEntityManagerFactoryBean     -
				Initialized JPA EntityManagerFactory for persistence unit 'default'
2021-03-20 19:14:21,537 [restartedMain               ] [INFO ] o.springframework.boot.devtools.autoconfigure.OptionalLiveReloadServer -
				LiveReload server is running on port 35729
2021-03-20 19:14:22,447 [restartedMain               ] [WARN ] o.s.b.autoconfigure.orm.jpa.JpaBaseConfiguration$JpaWebConfiguration   -
				spring.jpa.open-in-view is enabled by default. Therefore, database queries may be performed during view rendering. Explicitly configure spring.jpa.open-in-view to disable this warning
2021-03-20 19:14:22,657 [restartedMain               ] [INFO ] org.springframework.scheduling.concurrent.ThreadPoolTaskExecutor       -
				Initializing ExecutorService 'applicationTaskExecutor'
2021-03-20 19:14:23,130 [restartedMain               ] [INFO ] org.apache.coyote.http11.Http11NioProtocol                             -
				Starting ProtocolHandler ["http-nio-9000"]
2021-03-20 19:14:23,155 [restartedMain               ] [INFO ] org.springframework.boot.web.embedded.tomcat.TomcatWebServer           -
				Tomcat started on port(s): 9000 (http) with context path ''
2021-03-20 19:14:23,167 [restartedMain               ] [INFO ] com.beerhouse.Application                                              -
				Started Application in 6.842 seconds (JVM running for 7.451)
2021-03-20 19:14:31,370 [http-nio-9000-exec-3        ] [INFO ] org.apache.catalina.core.ContainerBase.[Tomcat].[localhost].[/]        -
				Initializing Spring DispatcherServlet 'dispatcherServlet'
2021-03-20 19:14:31,371 [http-nio-9000-exec-3        ] [INFO ] org.springframework.web.servlet.DispatcherServlet                      -
				Initializing Servlet 'dispatcherServlet'
2021-03-20 19:14:31,373 [http-nio-9000-exec-3        ] [INFO ] org.springframework.web.servlet.DispatcherServlet                      -
				Completed initialization in 2 ms
2021-03-20 19:14:35,624 [http-nio-9000-exec-2        ] [ERROR] com.beerhouse.controller.ExceptionHandlerController                    -
				Request: http://localhost:9000/beers raised org.springframework.web.bind.MethodArgumentNotValidException: Validation failed for argument [0] in public org.springframework.http.ResponseEntity<com.beerhouse.dto.BeerDto> com.beerhouse.controller.BeerController.save(com.beerhouse.dto.BeerDto,org.springframework.web.util.UriComponentsBuilder) with 2 errors: [Field error in object 'beerDto' on field 'name': rejected value [null]; codes [NotNull.beerDto.name,NotNull.name,NotNull.java.lang.String,NotNull]; arguments [org.springframework.context.support.DefaultMessageSourceResolvable: codes [beerDto.name,name]; arguments []; default message [name]]; default message [Name cannot be null]] [Field error in object 'beerDto' on field 'name': rejected value [null]; codes [NotEmpty.beerDto.name,NotEmpty.name,NotEmpty.java.lang.String,NotEmpty]; arguments [org.springframework.context.support.DefaultMessageSourceResolvable: codes [beerDto.name,name]; arguments []; default message [name]]; default message [Name cannot be empty]] 
2021-03-20 19:14:35,639 [http-nio-9000-exec-2        ] [WARN ] o.s.w.servlet.mvc.method.annotation.ExceptionHandlerExceptionResolver  -
				Resolved [org.springframework.web.bind.MethodArgumentNotValidException: Validation failed for argument [0] in public org.springframework.http.ResponseEntity<com.beerhouse.dto.BeerDto> com.beerhouse.controller.BeerController.save(com.beerhouse.dto.BeerDto,org.springframework.web.util.UriComponentsBuilder) with 2 errors: [Field error in object 'beerDto' on field 'name': rejected value [null]; codes [NotNull.beerDto.name,NotNull.name,NotNull.java.lang.String,NotNull]; arguments [org.springframework.context.support.DefaultMessageSourceResolvable: codes [beerDto.name,name]; arguments []; default message [name]]; default message [Name cannot be null]] [Field error in object 'beerDto' on field 'name': rejected value [null]; codes [NotEmpty.beerDto.name,NotEmpty.name,NotEmpty.java.lang.String,NotEmpty]; arguments [org.springframework.context.support.DefaultMessageSourceResolvable: codes [beerDto.name,name]; arguments []; default message [name]]; default message [Name cannot be empty]] ]
2021-03-20 19:15:09,624 [Thread-6                    ] [INFO ] org.springframework.scheduling.concurrent.ThreadPoolTaskExecutor       -
				Shutting down ExecutorService 'applicationTaskExecutor'
2021-03-20 19:15:09,626 [Thread-6                    ] [INFO ] org.springframework.orm.jpa.LocalContainerEntityManagerFactoryBean     -
				Closing JPA EntityManagerFactory for persistence unit 'default'
2021-03-20 19:15:09,627 [Thread-6                    ] [INFO ] o.h.tool.schema.internal.SchemaDropperImpl$DelayedDropActionImpl       -
				HHH000477: Starting delayed evictData of schema as part of SessionFactory shut-down'
2021-03-20 19:15:09,634 [Thread-6                    ] [INFO ] com.zaxxer.hikari.HikariDataSource                                     -
				HikariPool-1 - Shutdown initiated...
2021-03-20 19:15:09,645 [Thread-6                    ] [INFO ] com.zaxxer.hikari.HikariDataSource                                     -
				HikariPool-1 - Shutdown completed.
2021-03-20 19:15:09,887 [restartedMain               ] [INFO ] com.beerhouse.Application                                              -
				Starting Application using Java 1.8.0_261 on cp3900 with PID 120157 (/home/mtuser/craftbeer/target/classes started by mtuser in /home/mtuser/craftbeer)
2021-03-20 19:15:09,887 [restartedMain               ] [DEBUG] com.beerhouse.Application                                              -
				Running with Spring Boot v2.4.4, Spring v5.3.5
2021-03-20 19:15:09,887 [restartedMain               ] [INFO ] com.beerhouse.Application                                              -
				The following profiles are active: dev
2021-03-20 19:15:10,199 [restartedMain               ] [INFO ] o.s.data.repository.config.RepositoryConfigurationDelegate             -
				Bootstrapping Spring Data JPA repositories in DEFAULT mode.
2021-03-20 19:15:10,212 [restartedMain               ] [INFO ] o.s.data.repository.config.RepositoryConfigurationDelegate             -
				Finished Spring Data repository scanning in 12 ms. Found 1 JPA repository interfaces.
2021-03-20 19:15:10,359 [restartedMain               ] [INFO ] org.springframework.boot.web.embedded.tomcat.TomcatWebServer           -
				Tomcat initialized with port(s): 9000 (http)
2021-03-20 19:15:10,360 [restartedMain               ] [INFO ] org.apache.coyote.http11.Http11NioProtocol                             -
				Initializing ProtocolHandler ["http-nio-9000"]
2021-03-20 19:15:10,361 [restartedMain               ] [INFO ] org.apache.catalina.core.StandardService                               -
				Starting service [Tomcat]
2021-03-20 19:15:10,361 [restartedMain               ] [INFO ] org.apache.catalina.core.StandardEngine                                -
				Starting Servlet engine: [Apache Tomcat/9.0.44]
2021-03-20 19:15:10,367 [restartedMain               ] [INFO ] org.apache.catalina.core.ContainerBase.[Tomcat].[localhost].[/]        -
				Initializing Spring embedded WebApplicationContext
2021-03-20 19:15:10,367 [restartedMain               ] [INFO ] o.s.boot.web.servlet.context.ServletWebServerApplicationContext        -
				Root WebApplicationContext: initialization completed in 477 ms
2021-03-20 19:15:10,400 [restartedMain               ] [INFO ] com.zaxxer.hikari.HikariDataSource                                     -
				HikariPool-2 - Starting...
2021-03-20 19:15:10,410 [restartedMain               ] [INFO ] com.zaxxer.hikari.HikariDataSource                                     -
				HikariPool-2 - Start completed.
2021-03-20 19:15:10,411 [restartedMain               ] [INFO ] org.springframework.boot.autoconfigure.h2.H2ConsoleAutoConfiguration   -
				H2 console available at '/h2'. Database available at 'jdbc:h2:file:~/test'
2021-03-20 19:15:10,480 [restartedMain               ] [INFO ] org.hibernate.jpa.internal.util.LogHelper                              -
				HHH000204: Processing PersistenceUnitInfo [name: default]
2021-03-20 19:15:10,488 [restartedMain               ] [INFO ] org.hibernate.dialect.Dialect                                          -
				HHH000400: Using dialect: org.hibernate.dialect.H2Dialect
2021-03-20 19:15:10,593 [restartedMain               ] [INFO ] o.h.engine.transaction.jta.platform.internal.JtaPlatformInitiator      -
				HHH000490: Using JtaPlatform implementation: [org.hibernate.engine.transaction.jta.platform.internal.NoJtaPlatform]
2021-03-20 19:15:10,594 [restartedMain               ] [INFO ] org.springframework.orm.jpa.LocalContainerEntityManagerFactoryBean     -
				Initialized JPA EntityManagerFactory for persistence unit 'default'
2021-03-20 19:15:10,603 [restartedMain               ] [INFO ] o.springframework.boot.devtools.autoconfigure.OptionalLiveReloadServer -
				LiveReload server is running on port 35729
2021-03-20 19:15:10,743 [restartedMain               ] [WARN ] o.s.b.autoconfigure.orm.jpa.JpaBaseConfiguration$JpaWebConfiguration   -
				spring.jpa.open-in-view is enabled by default. Therefore, database queries may be performed during view rendering. Explicitly configure spring.jpa.open-in-view to disable this warning
2021-03-20 19:15:10,796 [restartedMain               ] [INFO ] org.springframework.scheduling.concurrent.ThreadPoolTaskExecutor       -
				Initializing ExecutorService 'applicationTaskExecutor'
2021-03-20 19:15:10,905 [restartedMain               ] [INFO ] org.apache.coyote.http11.Http11NioProtocol                             -
				Starting ProtocolHandler ["http-nio-9000"]
2021-03-20 19:15:10,921 [restartedMain               ] [INFO ] org.springframework.boot.web.embedded.tomcat.TomcatWebServer           -
				Tomcat started on port(s): 9000 (http) with context path ''
2021-03-20 19:15:10,928 [restartedMain               ] [INFO ] com.beerhouse.Application                                              -
				Started Application in 1.094 seconds (JVM running for 55.211)
2021-03-20 19:15:10,932 [restartedMain               ] [INFO ] o.s.b.devtools.autoconfigure.ConditionEvaluationDeltaLoggingListener   -
				Condition evaluation unchanged
2021-03-20 19:15:12,346 [Thread-10                   ] [INFO ] org.springframework.scheduling.concurrent.ThreadPoolTaskExecutor       -
				Shutting down ExecutorService 'applicationTaskExecutor'
2021-03-20 19:15:12,350 [Thread-10                   ] [INFO ] org.springframework.orm.jpa.LocalContainerEntityManagerFactoryBean     -
				Closing JPA EntityManagerFactory for persistence unit 'default'
2021-03-20 19:15:12,350 [Thread-10                   ] [INFO ] o.h.tool.schema.internal.SchemaDropperImpl$DelayedDropActionImpl       -
				HHH000477: Starting delayed evictData of schema as part of SessionFactory shut-down'
2021-03-20 19:15:12,358 [Thread-10                   ] [INFO ] com.zaxxer.hikari.HikariDataSource                                     -
				HikariPool-2 - Shutdown initiated...
2021-03-20 19:15:12,378 [Thread-10                   ] [INFO ] com.zaxxer.hikari.HikariDataSource                                     -
				HikariPool-2 - Shutdown completed.
2021-03-20 19:15:12,641 [restartedMain               ] [INFO ] com.beerhouse.Application                                              -
				Starting Application using Java 1.8.0_261 on cp3900 with PID 120157 (/home/mtuser/craftbeer/target/classes started by mtuser in /home/mtuser/craftbeer)
2021-03-20 19:15:12,641 [restartedMain               ] [DEBUG] com.beerhouse.Application                                              -
				Running with Spring Boot v2.4.4, Spring v5.3.5
2021-03-20 19:15:12,641 [restartedMain               ] [INFO ] com.beerhouse.Application                                              -
				The following profiles are active: dev
2021-03-20 19:15:12,862 [restartedMain               ] [INFO ] o.s.data.repository.config.RepositoryConfigurationDelegate             -
				Bootstrapping Spring Data JPA repositories in DEFAULT mode.
2021-03-20 19:15:12,877 [restartedMain               ] [INFO ] o.s.data.repository.config.RepositoryConfigurationDelegate             -
				Finished Spring Data repository scanning in 13 ms. Found 1 JPA repository interfaces.
2021-03-20 19:15:12,970 [restartedMain               ] [INFO ] org.springframework.boot.web.embedded.tomcat.TomcatWebServer           -
				Tomcat initialized with port(s): 9000 (http)
2021-03-20 19:15:12,971 [restartedMain               ] [INFO ] org.apache.coyote.http11.Http11NioProtocol                             -
				Initializing ProtocolHandler ["http-nio-9000"]
2021-03-20 19:15:12,971 [restartedMain               ] [INFO ] org.apache.catalina.core.StandardService                               -
				Starting service [Tomcat]
2021-03-20 19:15:12,972 [restartedMain               ] [INFO ] org.apache.catalina.core.StandardEngine                                -
				Starting Servlet engine: [Apache Tomcat/9.0.44]
2021-03-20 19:15:12,978 [restartedMain               ] [INFO ] org.apache.catalina.core.ContainerBase.[Tomcat].[localhost].[/]        -
				Initializing Spring embedded WebApplicationContext
2021-03-20 19:15:12,978 [restartedMain               ] [INFO ] o.s.boot.web.servlet.context.ServletWebServerApplicationContext        -
				Root WebApplicationContext: initialization completed in 327 ms
2021-03-20 19:15:12,997 [restartedMain               ] [INFO ] com.zaxxer.hikari.HikariDataSource                                     -
				HikariPool-3 - Starting...
2021-03-20 19:15:13,002 [restartedMain               ] [INFO ] com.zaxxer.hikari.HikariDataSource                                     -
				HikariPool-3 - Start completed.
2021-03-20 19:15:13,002 [restartedMain               ] [INFO ] org.springframework.boot.autoconfigure.h2.H2ConsoleAutoConfiguration   -
				H2 console available at '/h2'. Database available at 'jdbc:h2:file:~/test'
2021-03-20 19:15:13,042 [restartedMain               ] [INFO ] org.hibernate.jpa.internal.util.LogHelper                              -
				HHH000204: Processing PersistenceUnitInfo [name: default]
2021-03-20 19:15:13,046 [restartedMain               ] [INFO ] org.hibernate.dialect.Dialect                                          -
				HHH000400: Using dialect: org.hibernate.dialect.H2Dialect
2021-03-20 19:15:13,110 [restartedMain               ] [INFO ] o.h.engine.transaction.jta.platform.internal.JtaPlatformInitiator      -
				HHH000490: Using JtaPlatform implementation: [org.hibernate.engine.transaction.jta.platform.internal.NoJtaPlatform]
2021-03-20 19:15:13,110 [restartedMain               ] [INFO ] org.springframework.orm.jpa.LocalContainerEntityManagerFactoryBean     -
				Initialized JPA EntityManagerFactory for persistence unit 'default'
2021-03-20 19:15:13,116 [restartedMain               ] [INFO ] o.springframework.boot.devtools.autoconfigure.OptionalLiveReloadServer -
				LiveReload server is running on port 35729
2021-03-20 19:15:13,226 [restartedMain               ] [WARN ] o.s.b.autoconfigure.orm.jpa.JpaBaseConfiguration$JpaWebConfiguration   -
				spring.jpa.open-in-view is enabled by default. Therefore, database queries may be performed during view rendering. Explicitly configure spring.jpa.open-in-view to disable this warning
2021-03-20 19:15:13,270 [restartedMain               ] [INFO ] org.springframework.scheduling.concurrent.ThreadPoolTaskExecutor       -
				Initializing ExecutorService 'applicationTaskExecutor'
2021-03-20 19:15:13,340 [restartedMain               ] [INFO ] org.apache.coyote.http11.Http11NioProtocol                             -
				Starting ProtocolHandler ["http-nio-9000"]
2021-03-20 19:15:13,351 [restartedMain               ] [INFO ] org.springframework.boot.web.embedded.tomcat.TomcatWebServer           -
				Tomcat started on port(s): 9000 (http) with context path ''
2021-03-20 19:15:13,357 [restartedMain               ] [INFO ] com.beerhouse.Application                                              -
				Started Application in 0.782 seconds (JVM running for 57.64)
2021-03-20 19:15:13,359 [restartedMain               ] [INFO ] o.s.b.devtools.autoconfigure.ConditionEvaluationDeltaLoggingListener   -
				Condition evaluation unchanged
2021-03-20 19:15:56,843 [Thread-15                   ] [INFO ] org.springframework.scheduling.concurrent.ThreadPoolTaskExecutor       -
				Shutting down ExecutorService 'applicationTaskExecutor'
2021-03-20 19:15:56,844 [Thread-15                   ] [INFO ] org.springframework.orm.jpa.LocalContainerEntityManagerFactoryBean     -
				Closing JPA EntityManagerFactory for persistence unit 'default'
2021-03-20 19:15:56,844 [Thread-15                   ] [INFO ] o.h.tool.schema.internal.SchemaDropperImpl$DelayedDropActionImpl       -
				HHH000477: Starting delayed evictData of schema as part of SessionFactory shut-down'
2021-03-20 19:15:56,847 [Thread-15                   ] [INFO ] com.zaxxer.hikari.HikariDataSource                                     -
				HikariPool-3 - Shutdown initiated...
2021-03-20 19:15:56,855 [Thread-15                   ] [INFO ] com.zaxxer.hikari.HikariDataSource                                     -
				HikariPool-3 - Shutdown completed.
2021-03-20 19:15:57,139 [restartedMain               ] [INFO ] com.beerhouse.Application                                              -
				Starting Application using Java 1.8.0_261 on cp3900 with PID 120157 (/home/mtuser/craftbeer/target/classes started by mtuser in /home/mtuser/craftbeer)
2021-03-20 19:15:57,139 [restartedMain               ] [DEBUG] com.beerhouse.Application                                              -
				Running with Spring Boot v2.4.4, Spring v5.3.5
2021-03-20 19:15:57,140 [restartedMain               ] [INFO ] com.beerhouse.Application                                              -
				The following profiles are active: dev
2021-03-20 19:15:57,507 [restartedMain               ] [INFO ] o.s.data.repository.config.RepositoryConfigurationDelegate             -
				Bootstrapping Spring Data JPA repositories in DEFAULT mode.
2021-03-20 19:15:57,520 [restartedMain               ] [INFO ] o.s.data.repository.config.RepositoryConfigurationDelegate             -
				Finished Spring Data repository scanning in 12 ms. Found 1 JPA repository interfaces.
2021-03-20 19:15:57,650 [restartedMain               ] [INFO ] org.springframework.boot.web.embedded.tomcat.TomcatWebServer           -
				Tomcat initialized with port(s): 9000 (http)
2021-03-20 19:15:57,652 [restartedMain               ] [INFO ] org.apache.coyote.http11.Http11NioProtocol                             -
				Initializing ProtocolHandler ["http-nio-9000"]
2021-03-20 19:15:57,652 [restartedMain               ] [INFO ] org.apache.catalina.core.StandardService                               -
				Starting service [Tomcat]
2021-03-20 19:15:57,652 [restartedMain               ] [INFO ] org.apache.catalina.core.StandardEngine                                -
				Starting Servlet engine: [Apache Tomcat/9.0.44]
2021-03-20 19:15:57,669 [restartedMain               ] [INFO ] org.apache.catalina.core.ContainerBase.[Tomcat].[localhost].[/]        -
				Initializing Spring embedded WebApplicationContext
2021-03-20 19:15:57,669 [restartedMain               ] [INFO ] o.s.boot.web.servlet.context.ServletWebServerApplicationContext        -
				Root WebApplicationContext: initialization completed in 526 ms
2021-03-20 19:15:57,692 [restartedMain               ] [INFO ] com.zaxxer.hikari.HikariDataSource                                     -
				HikariPool-4 - Starting...
2021-03-20 19:15:57,717 [restartedMain               ] [INFO ] com.zaxxer.hikari.HikariDataSource                                     -
				HikariPool-4 - Start completed.
2021-03-20 19:15:57,718 [restartedMain               ] [INFO ] org.springframework.boot.autoconfigure.h2.H2ConsoleAutoConfiguration   -
				H2 console available at '/h2'. Database available at 'jdbc:h2:file:~/test'
2021-03-20 19:15:57,778 [restartedMain               ] [INFO ] org.hibernate.jpa.internal.util.LogHelper                              -
				HHH000204: Processing PersistenceUnitInfo [name: default]
2021-03-20 19:15:57,792 [restartedMain               ] [INFO ] org.hibernate.dialect.Dialect                                          -
				HHH000400: Using dialect: org.hibernate.dialect.H2Dialect
2021-03-20 19:15:57,923 [restartedMain               ] [INFO ] o.h.engine.transaction.jta.platform.internal.JtaPlatformInitiator      -
				HHH000490: Using JtaPlatform implementation: [org.hibernate.engine.transaction.jta.platform.internal.NoJtaPlatform]
2021-03-20 19:15:57,923 [restartedMain               ] [INFO ] org.springframework.orm.jpa.LocalContainerEntityManagerFactoryBean     -
				Initialized JPA EntityManagerFactory for persistence unit 'default'
2021-03-20 19:15:57,932 [restartedMain               ] [INFO ] o.springframework.boot.devtools.autoconfigure.OptionalLiveReloadServer -
				LiveReload server is running on port 35729
2021-03-20 19:15:58,251 [restartedMain               ] [WARN ] o.s.b.autoconfigure.orm.jpa.JpaBaseConfiguration$JpaWebConfiguration   -
				spring.jpa.open-in-view is enabled by default. Therefore, database queries may be performed during view rendering. Explicitly configure spring.jpa.open-in-view to disable this warning
2021-03-20 19:15:58,386 [restartedMain               ] [INFO ] org.springframework.scheduling.concurrent.ThreadPoolTaskExecutor       -
				Initializing ExecutorService 'applicationTaskExecutor'
2021-03-20 19:15:58,538 [restartedMain               ] [INFO ] org.apache.coyote.http11.Http11NioProtocol                             -
				Starting ProtocolHandler ["http-nio-9000"]
2021-03-20 19:15:58,543 [restartedMain               ] [INFO ] org.springframework.boot.web.embedded.tomcat.TomcatWebServer           -
				Tomcat started on port(s): 9000 (http) with context path ''
2021-03-20 19:15:58,548 [restartedMain               ] [INFO ] com.beerhouse.Application                                              -
				Started Application in 1.512 seconds (JVM running for 102.832)
2021-03-20 19:15:58,551 [restartedMain               ] [INFO ] o.s.b.devtools.autoconfigure.ConditionEvaluationDeltaLoggingListener   -
				Condition evaluation unchanged
2021-03-20 19:16:22,000 [Thread-20                   ] [INFO ] org.springframework.scheduling.concurrent.ThreadPoolTaskExecutor       -
				Shutting down ExecutorService 'applicationTaskExecutor'
2021-03-20 19:16:22,001 [Thread-20                   ] [INFO ] org.springframework.orm.jpa.LocalContainerEntityManagerFactoryBean     -
				Closing JPA EntityManagerFactory for persistence unit 'default'
2021-03-20 19:16:22,002 [Thread-20                   ] [INFO ] o.h.tool.schema.internal.SchemaDropperImpl$DelayedDropActionImpl       -
				HHH000477: Starting delayed evictData of schema as part of SessionFactory shut-down'
2021-03-20 19:16:22,005 [Thread-20                   ] [INFO ] com.zaxxer.hikari.HikariDataSource                                     -
				HikariPool-4 - Shutdown initiated...
2021-03-20 19:16:22,017 [Thread-20                   ] [INFO ] com.zaxxer.hikari.HikariDataSource                                     -
				HikariPool-4 - Shutdown completed.
2021-03-20 19:16:22,218 [restartedMain               ] [INFO ] com.beerhouse.Application                                              -
				Starting Application using Java 1.8.0_261 on cp3900 with PID 120157 (/home/mtuser/craftbeer/target/classes started by mtuser in /home/mtuser/craftbeer)
2021-03-20 19:16:22,219 [restartedMain               ] [DEBUG] com.beerhouse.Application                                              -
				Running with Spring Boot v2.4.4, Spring v5.3.5
2021-03-20 19:16:22,219 [restartedMain               ] [INFO ] com.beerhouse.Application                                              -
				The following profiles are active: dev
2021-03-20 19:16:22,458 [restartedMain               ] [INFO ] o.s.data.repository.config.RepositoryConfigurationDelegate             -
				Bootstrapping Spring Data JPA repositories in DEFAULT mode.
2021-03-20 19:16:22,472 [restartedMain               ] [INFO ] o.s.data.repository.config.RepositoryConfigurationDelegate             -
				Finished Spring Data repository scanning in 13 ms. Found 1 JPA repository interfaces.
2021-03-20 19:16:22,627 [restartedMain               ] [INFO ] org.springframework.boot.web.embedded.tomcat.TomcatWebServer           -
				Tomcat initialized with port(s): 9000 (http)
2021-03-20 19:16:22,628 [restartedMain               ] [INFO ] org.apache.coyote.http11.Http11NioProtocol                             -
				Initializing ProtocolHandler ["http-nio-9000"]
2021-03-20 19:16:22,629 [restartedMain               ] [INFO ] org.apache.catalina.core.StandardService                               -
				Starting service [Tomcat]
2021-03-20 19:16:22,629 [restartedMain               ] [INFO ] org.apache.catalina.core.StandardEngine                                -
				Starting Servlet engine: [Apache Tomcat/9.0.44]
2021-03-20 19:16:22,634 [restartedMain               ] [INFO ] org.apache.catalina.core.ContainerBase.[Tomcat].[localhost].[/]        -
				Initializing Spring embedded WebApplicationContext
2021-03-20 19:16:22,634 [restartedMain               ] [INFO ] o.s.boot.web.servlet.context.ServletWebServerApplicationContext        -
				Root WebApplicationContext: initialization completed in 412 ms
2021-03-20 19:16:22,659 [restartedMain               ] [INFO ] com.zaxxer.hikari.HikariDataSource                                     -
				HikariPool-5 - Starting...
2021-03-20 19:16:22,668 [restartedMain               ] [INFO ] com.zaxxer.hikari.HikariDataSource                                     -
				HikariPool-5 - Start completed.
2021-03-20 19:16:22,668 [restartedMain               ] [INFO ] org.springframework.boot.autoconfigure.h2.H2ConsoleAutoConfiguration   -
				H2 console available at '/h2'. Database available at 'jdbc:h2:file:~/test'
2021-03-20 19:16:22,717 [restartedMain               ] [INFO ] org.hibernate.jpa.internal.util.LogHelper                              -
				HHH000204: Processing PersistenceUnitInfo [name: default]
2021-03-20 19:16:22,725 [restartedMain               ] [INFO ] org.hibernate.dialect.Dialect                                          -
				HHH000400: Using dialect: org.hibernate.dialect.H2Dialect
2021-03-20 19:16:22,786 [restartedMain               ] [INFO ] o.h.engine.transaction.jta.platform.internal.JtaPlatformInitiator      -
				HHH000490: Using JtaPlatform implementation: [org.hibernate.engine.transaction.jta.platform.internal.NoJtaPlatform]
2021-03-20 19:16:22,786 [restartedMain               ] [INFO ] org.springframework.orm.jpa.LocalContainerEntityManagerFactoryBean     -
				Initialized JPA EntityManagerFactory for persistence unit 'default'
2021-03-20 19:16:22,794 [restartedMain               ] [INFO ] o.springframework.boot.devtools.autoconfigure.OptionalLiveReloadServer -
				LiveReload server is running on port 35729
2021-03-20 19:16:22,934 [restartedMain               ] [WARN ] o.s.b.autoconfigure.orm.jpa.JpaBaseConfiguration$JpaWebConfiguration   -
				spring.jpa.open-in-view is enabled by default. Therefore, database queries may be performed during view rendering. Explicitly configure spring.jpa.open-in-view to disable this warning
2021-03-20 19:16:22,979 [restartedMain               ] [INFO ] org.springframework.scheduling.concurrent.ThreadPoolTaskExecutor       -
				Initializing ExecutorService 'applicationTaskExecutor'
2021-03-20 19:16:23,058 [restartedMain               ] [INFO ] org.apache.coyote.http11.Http11NioProtocol                             -
				Starting ProtocolHandler ["http-nio-9000"]
2021-03-20 19:16:23,074 [restartedMain               ] [INFO ] org.springframework.boot.web.embedded.tomcat.TomcatWebServer           -
				Tomcat started on port(s): 9000 (http) with context path ''
2021-03-20 19:16:23,081 [restartedMain               ] [INFO ] com.beerhouse.Application                                              -
				Started Application in 0.922 seconds (JVM running for 127.364)
2021-03-20 19:16:23,082 [restartedMain               ] [INFO ] o.s.b.devtools.autoconfigure.ConditionEvaluationDeltaLoggingListener   -
				Condition evaluation unchanged
2021-03-20 19:17:46,625 [Thread-25                   ] [INFO ] org.springframework.scheduling.concurrent.ThreadPoolTaskExecutor       -
				Shutting down ExecutorService 'applicationTaskExecutor'
2021-03-20 19:17:46,626 [Thread-25                   ] [INFO ] org.springframework.orm.jpa.LocalContainerEntityManagerFactoryBean     -
				Closing JPA EntityManagerFactory for persistence unit 'default'
2021-03-20 19:17:46,626 [Thread-25                   ] [INFO ] o.h.tool.schema.internal.SchemaDropperImpl$DelayedDropActionImpl       -
				HHH000477: Starting delayed evictData of schema as part of SessionFactory shut-down'
2021-03-20 19:17:46,628 [Thread-25                   ] [INFO ] com.zaxxer.hikari.HikariDataSource                                     -
				HikariPool-5 - Shutdown initiated...
2021-03-20 19:17:46,642 [Thread-25                   ] [INFO ] com.zaxxer.hikari.HikariDataSource                                     -
				HikariPool-5 - Shutdown completed.
2021-03-20 19:17:46,823 [restartedMain               ] [INFO ] com.beerhouse.Application                                              -
				Starting Application using Java 1.8.0_261 on cp3900 with PID 120157 (/home/mtuser/craftbeer/target/classes started by mtuser in /home/mtuser/craftbeer)
2021-03-20 19:17:46,825 [restartedMain               ] [DEBUG] com.beerhouse.Application                                              -
				Running with Spring Boot v2.4.4, Spring v5.3.5
2021-03-20 19:17:46,825 [restartedMain               ] [INFO ] com.beerhouse.Application                                              -
				The following profiles are active: dev
2021-03-20 19:17:47,054 [restartedMain               ] [INFO ] o.s.data.repository.config.RepositoryConfigurationDelegate             -
				Bootstrapping Spring Data JPA repositories in DEFAULT mode.
2021-03-20 19:17:47,064 [restartedMain               ] [INFO ] o.s.data.repository.config.RepositoryConfigurationDelegate             -
				Finished Spring Data repository scanning in 9 ms. Found 1 JPA repository interfaces.
2021-03-20 19:17:47,177 [restartedMain               ] [INFO ] org.springframework.boot.web.embedded.tomcat.TomcatWebServer           -
				Tomcat initialized with port(s): 9000 (http)
2021-03-20 19:17:47,179 [restartedMain               ] [INFO ] org.apache.coyote.http11.Http11NioProtocol                             -
				Initializing ProtocolHandler ["http-nio-9000"]
2021-03-20 19:17:47,180 [restartedMain               ] [INFO ] org.apache.catalina.core.StandardService                               -
				Starting service [Tomcat]
2021-03-20 19:17:47,180 [restartedMain               ] [INFO ] org.apache.catalina.core.StandardEngine                                -
				Starting Servlet engine: [Apache Tomcat/9.0.44]
2021-03-20 19:17:47,189 [restartedMain               ] [INFO ] org.apache.catalina.core.ContainerBase.[Tomcat].[localhost].[/]        -
				Initializing Spring embedded WebApplicationContext
2021-03-20 19:17:47,190 [restartedMain               ] [INFO ] o.s.boot.web.servlet.context.ServletWebServerApplicationContext        -
				Root WebApplicationContext: initialization completed in 360 ms
2021-03-20 19:17:47,221 [restartedMain               ] [INFO ] com.zaxxer.hikari.HikariDataSource                                     -
				HikariPool-6 - Starting...
2021-03-20 19:17:47,261 [restartedMain               ] [INFO ] com.zaxxer.hikari.HikariDataSource                                     -
				HikariPool-6 - Start completed.
2021-03-20 19:17:47,261 [restartedMain               ] [INFO ] org.springframework.boot.autoconfigure.h2.H2ConsoleAutoConfiguration   -
				H2 console available at '/h2'. Database available at 'jdbc:h2:file:~/test'
2021-03-20 19:17:47,318 [restartedMain               ] [INFO ] org.hibernate.jpa.internal.util.LogHelper                              -
				HHH000204: Processing PersistenceUnitInfo [name: default]
2021-03-20 19:17:47,326 [restartedMain               ] [INFO ] org.hibernate.dialect.Dialect                                          -
				HHH000400: Using dialect: org.hibernate.dialect.H2Dialect
2021-03-20 19:17:47,476 [restartedMain               ] [INFO ] o.h.engine.transaction.jta.platform.internal.JtaPlatformInitiator      -
				HHH000490: Using JtaPlatform implementation: [org.hibernate.engine.transaction.jta.platform.internal.NoJtaPlatform]
2021-03-20 19:17:47,476 [restartedMain               ] [INFO ] org.springframework.orm.jpa.LocalContainerEntityManagerFactoryBean     -
				Initialized JPA EntityManagerFactory for persistence unit 'default'
2021-03-20 19:17:47,486 [restartedMain               ] [INFO ] o.springframework.boot.devtools.autoconfigure.OptionalLiveReloadServer -
				LiveReload server is running on port 35729
2021-03-20 19:17:47,600 [restartedMain               ] [WARN ] o.s.b.autoconfigure.orm.jpa.JpaBaseConfiguration$JpaWebConfiguration   -
				spring.jpa.open-in-view is enabled by default. Therefore, database queries may be performed during view rendering. Explicitly configure spring.jpa.open-in-view to disable this warning
2021-03-20 19:17:47,636 [restartedMain               ] [INFO ] org.springframework.scheduling.concurrent.ThreadPoolTaskExecutor       -
				Initializing ExecutorService 'applicationTaskExecutor'
2021-03-20 19:17:47,693 [restartedMain               ] [INFO ] org.apache.coyote.http11.Http11NioProtocol                             -
				Starting ProtocolHandler ["http-nio-9000"]
2021-03-20 19:17:47,696 [restartedMain               ] [INFO ] org.springframework.boot.web.embedded.tomcat.TomcatWebServer           -
				Tomcat started on port(s): 9000 (http) with context path ''
2021-03-20 19:17:47,701 [restartedMain               ] [INFO ] com.beerhouse.Application                                              -
				Started Application in 0.948 seconds (JVM running for 211.984)
2021-03-20 19:17:47,702 [restartedMain               ] [INFO ] o.s.b.devtools.autoconfigure.ConditionEvaluationDeltaLoggingListener   -
				Condition evaluation unchanged
2021-03-20 19:17:53,776 [http-nio-9000-exec-2        ] [INFO ] org.apache.catalina.core.ContainerBase.[Tomcat].[localhost].[/]        -
				Initializing Spring DispatcherServlet 'dispatcherServlet'
2021-03-20 19:17:53,781 [http-nio-9000-exec-2        ] [INFO ] org.springframework.web.servlet.DispatcherServlet                      -
				Initializing Servlet 'dispatcherServlet'
2021-03-20 19:17:53,782 [http-nio-9000-exec-2        ] [INFO ] org.springframework.web.servlet.DispatcherServlet                      -
				Completed initialization in 1 ms
2021-03-20 19:17:53,802 [http-nio-9000-exec-2        ] [ERROR] com.beerhouse.controller.ExceptionHandlerController                    -
				Request: http://localhost:9000/beers/999 raised com.beerhouse.exception.BeerNotFoundException: Beer with ID: 999 not found
2021-03-20 19:17:53,810 [http-nio-9000-exec-2        ] [WARN ] o.s.w.servlet.mvc.method.annotation.ExceptionHandlerExceptionResolver  -
				Resolved [com.beerhouse.exception.BeerNotFoundException: Beer with ID: 999 not found]
2021-03-20 19:51:58,068 [Thread-30                   ] [INFO ] org.springframework.scheduling.concurrent.ThreadPoolTaskExecutor       -
				Shutting down ExecutorService 'applicationTaskExecutor'
2021-03-20 19:51:58,068 [Thread-30                   ] [INFO ] org.springframework.orm.jpa.LocalContainerEntityManagerFactoryBean     -
				Closing JPA EntityManagerFactory for persistence unit 'default'
2021-03-20 19:51:58,068 [Thread-30                   ] [INFO ] o.h.tool.schema.internal.SchemaDropperImpl$DelayedDropActionImpl       -
				HHH000477: Starting delayed evictData of schema as part of SessionFactory shut-down'
2021-03-20 19:51:58,070 [Thread-30                   ] [INFO ] com.zaxxer.hikari.HikariDataSource                                     -
				HikariPool-6 - Shutdown initiated...
2021-03-20 19:51:58,078 [Thread-30                   ] [INFO ] com.zaxxer.hikari.HikariDataSource                                     -
				HikariPool-6 - Shutdown completed.
2021-03-20 19:51:58,310 [restartedMain               ] [INFO ] com.beerhouse.Application                                              -
				Starting Application using Java 1.8.0_261 on cp3900 with PID 120157 (/home/mtuser/craftbeer/target/classes started by mtuser in /home/mtuser/craftbeer)
2021-03-20 19:51:58,311 [restartedMain               ] [DEBUG] com.beerhouse.Application                                              -
				Running with Spring Boot v2.4.4, Spring v5.3.5
2021-03-20 19:51:58,311 [restartedMain               ] [INFO ] com.beerhouse.Application                                              -
				The following profiles are active: dev
2021-03-20 19:51:58,507 [restartedMain               ] [INFO ] o.s.data.repository.config.RepositoryConfigurationDelegate             -
				Bootstrapping Spring Data JPA repositories in DEFAULT mode.
2021-03-20 19:51:58,515 [restartedMain               ] [INFO ] o.s.data.repository.config.RepositoryConfigurationDelegate             -
				Finished Spring Data repository scanning in 8 ms. Found 1 JPA repository interfaces.
2021-03-20 19:51:58,639 [restartedMain               ] [INFO ] org.springframework.boot.web.embedded.tomcat.TomcatWebServer           -
				Tomcat initialized with port(s): 9000 (http)
2021-03-20 19:51:58,641 [restartedMain               ] [INFO ] org.apache.coyote.http11.Http11NioProtocol                             -
				Initializing ProtocolHandler ["http-nio-9000"]
2021-03-20 19:51:58,642 [restartedMain               ] [INFO ] org.apache.catalina.core.StandardService                               -
				Starting service [Tomcat]
2021-03-20 19:51:58,643 [restartedMain               ] [INFO ] org.apache.catalina.core.StandardEngine                                -
				Starting Servlet engine: [Apache Tomcat/9.0.44]
2021-03-20 19:51:58,656 [restartedMain               ] [INFO ] org.apache.catalina.core.ContainerBase.[Tomcat].[localhost].[/]        -
				Initializing Spring embedded WebApplicationContext
2021-03-20 19:51:58,656 [restartedMain               ] [INFO ] o.s.boot.web.servlet.context.ServletWebServerApplicationContext        -
				Root WebApplicationContext: initialization completed in 343 ms
2021-03-20 19:51:58,677 [restartedMain               ] [INFO ] com.zaxxer.hikari.HikariDataSource                                     -
				HikariPool-7 - Starting...
2021-03-20 19:51:58,682 [restartedMain               ] [INFO ] com.zaxxer.hikari.HikariDataSource                                     -
				HikariPool-7 - Start completed.
2021-03-20 19:51:58,682 [restartedMain               ] [INFO ] org.springframework.boot.autoconfigure.h2.H2ConsoleAutoConfiguration   -
				H2 console available at '/h2'. Database available at 'jdbc:h2:file:~/test'
2021-03-20 19:51:58,713 [restartedMain               ] [INFO ] org.hibernate.jpa.internal.util.LogHelper                              -
				HHH000204: Processing PersistenceUnitInfo [name: default]
2021-03-20 19:51:58,717 [restartedMain               ] [INFO ] org.hibernate.dialect.Dialect                                          -
				HHH000400: Using dialect: org.hibernate.dialect.H2Dialect
2021-03-20 19:51:58,816 [restartedMain               ] [INFO ] o.h.engine.transaction.jta.platform.internal.JtaPlatformInitiator      -
				HHH000490: Using JtaPlatform implementation: [org.hibernate.engine.transaction.jta.platform.internal.NoJtaPlatform]
2021-03-20 19:51:58,817 [restartedMain               ] [INFO ] org.springframework.orm.jpa.LocalContainerEntityManagerFactoryBean     -
				Initialized JPA EntityManagerFactory for persistence unit 'default'
2021-03-20 19:51:58,823 [restartedMain               ] [INFO ] o.springframework.boot.devtools.autoconfigure.OptionalLiveReloadServer -
				LiveReload server is running on port 35729
2021-03-20 19:51:58,954 [restartedMain               ] [WARN ] o.s.b.autoconfigure.orm.jpa.JpaBaseConfiguration$JpaWebConfiguration   -
				spring.jpa.open-in-view is enabled by default. Therefore, database queries may be performed during view rendering. Explicitly configure spring.jpa.open-in-view to disable this warning
2021-03-20 19:51:59,001 [restartedMain               ] [INFO ] org.springframework.scheduling.concurrent.ThreadPoolTaskExecutor       -
				Initializing ExecutorService 'applicationTaskExecutor'
2021-03-20 19:51:59,074 [restartedMain               ] [INFO ] org.apache.coyote.http11.Http11NioProtocol                             -
				Starting ProtocolHandler ["http-nio-9000"]
2021-03-20 19:51:59,098 [restartedMain               ] [INFO ] org.springframework.boot.web.embedded.tomcat.TomcatWebServer           -
				Tomcat started on port(s): 9000 (http) with context path ''
2021-03-20 19:51:59,101 [restartedMain               ] [INFO ] com.beerhouse.Application                                              -
				Started Application in 0.832 seconds (JVM running for 2263.385)
2021-03-20 19:51:59,103 [restartedMain               ] [INFO ] o.s.b.devtools.autoconfigure.ConditionEvaluationDeltaLoggingListener   -
				Condition evaluation unchanged
2021-03-20 19:52:08,509 [Thread-35                   ] [INFO ] org.springframework.scheduling.concurrent.ThreadPoolTaskExecutor       -
				Shutting down ExecutorService 'applicationTaskExecutor'
2021-03-20 19:52:08,510 [Thread-35                   ] [INFO ] org.springframework.orm.jpa.LocalContainerEntityManagerFactoryBean     -
				Closing JPA EntityManagerFactory for persistence unit 'default'
2021-03-20 19:52:08,510 [Thread-35                   ] [INFO ] o.h.tool.schema.internal.SchemaDropperImpl$DelayedDropActionImpl       -
				HHH000477: Starting delayed evictData of schema as part of SessionFactory shut-down'
2021-03-20 19:52:08,512 [Thread-35                   ] [INFO ] com.zaxxer.hikari.HikariDataSource                                     -
				HikariPool-7 - Shutdown initiated...
2021-03-20 19:52:08,527 [Thread-35                   ] [INFO ] com.zaxxer.hikari.HikariDataSource                                     -
				HikariPool-7 - Shutdown completed.
2021-03-20 19:52:08,724 [restartedMain               ] [INFO ] com.beerhouse.Application                                              -
				Starting Application using Java 1.8.0_261 on cp3900 with PID 120157 (/home/mtuser/craftbeer/target/classes started by mtuser in /home/mtuser/craftbeer)
2021-03-20 19:52:08,724 [restartedMain               ] [DEBUG] com.beerhouse.Application                                              -
				Running with Spring Boot v2.4.4, Spring v5.3.5
2021-03-20 19:52:08,725 [restartedMain               ] [INFO ] com.beerhouse.Application                                              -
				The following profiles are active: dev
2021-03-20 19:52:08,908 [restartedMain               ] [INFO ] o.s.data.repository.config.RepositoryConfigurationDelegate             -
				Bootstrapping Spring Data JPA repositories in DEFAULT mode.
2021-03-20 19:52:08,918 [restartedMain               ] [INFO ] o.s.data.repository.config.RepositoryConfigurationDelegate             -
				Finished Spring Data repository scanning in 8 ms. Found 1 JPA repository interfaces.
2021-03-20 19:52:09,027 [restartedMain               ] [INFO ] org.springframework.boot.web.embedded.tomcat.TomcatWebServer           -
				Tomcat initialized with port(s): 9000 (http)
2021-03-20 19:52:09,028 [restartedMain               ] [INFO ] org.apache.coyote.http11.Http11NioProtocol                             -
				Initializing ProtocolHandler ["http-nio-9000"]
2021-03-20 19:52:09,029 [restartedMain               ] [INFO ] org.apache.catalina.core.StandardService                               -
				Starting service [Tomcat]
2021-03-20 19:52:09,029 [restartedMain               ] [INFO ] org.apache.catalina.core.StandardEngine                                -
				Starting Servlet engine: [Apache Tomcat/9.0.44]
2021-03-20 19:52:09,035 [restartedMain               ] [INFO ] org.apache.catalina.core.ContainerBase.[Tomcat].[localhost].[/]        -
				Initializing Spring embedded WebApplicationContext
2021-03-20 19:52:09,035 [restartedMain               ] [INFO ] o.s.boot.web.servlet.context.ServletWebServerApplicationContext        -
				Root WebApplicationContext: initialization completed in 308 ms
2021-03-20 19:52:09,071 [restartedMain               ] [INFO ] com.zaxxer.hikari.HikariDataSource                                     -
				HikariPool-8 - Starting...
2021-03-20 19:52:09,090 [restartedMain               ] [INFO ] com.zaxxer.hikari.HikariDataSource                                     -
				HikariPool-8 - Start completed.
2021-03-20 19:52:09,090 [restartedMain               ] [INFO ] org.springframework.boot.autoconfigure.h2.H2ConsoleAutoConfiguration   -
				H2 console available at '/h2'. Database available at 'jdbc:h2:file:~/test'
2021-03-20 19:52:09,121 [restartedMain               ] [INFO ] org.hibernate.jpa.internal.util.LogHelper                              -
				HHH000204: Processing PersistenceUnitInfo [name: default]
2021-03-20 19:52:09,129 [restartedMain               ] [INFO ] org.hibernate.dialect.Dialect                                          -
				HHH000400: Using dialect: org.hibernate.dialect.H2Dialect
2021-03-20 19:52:09,208 [restartedMain               ] [INFO ] o.h.engine.transaction.jta.platform.internal.JtaPlatformInitiator      -
				HHH000490: Using JtaPlatform implementation: [org.hibernate.engine.transaction.jta.platform.internal.NoJtaPlatform]
2021-03-20 19:52:09,211 [restartedMain               ] [INFO ] org.springframework.orm.jpa.LocalContainerEntityManagerFactoryBean     -
				Initialized JPA EntityManagerFactory for persistence unit 'default'
2021-03-20 19:52:09,217 [restartedMain               ] [INFO ] o.springframework.boot.devtools.autoconfigure.OptionalLiveReloadServer -
				LiveReload server is running on port 35729
2021-03-20 19:52:09,313 [restartedMain               ] [WARN ] o.s.b.autoconfigure.orm.jpa.JpaBaseConfiguration$JpaWebConfiguration   -
				spring.jpa.open-in-view is enabled by default. Therefore, database queries may be performed during view rendering. Explicitly configure spring.jpa.open-in-view to disable this warning
2021-03-20 19:52:09,344 [restartedMain               ] [INFO ] org.springframework.scheduling.concurrent.ThreadPoolTaskExecutor       -
				Initializing ExecutorService 'applicationTaskExecutor'
2021-03-20 19:52:09,398 [restartedMain               ] [INFO ] org.apache.coyote.http11.Http11NioProtocol                             -
				Starting ProtocolHandler ["http-nio-9000"]
2021-03-20 19:52:09,412 [restartedMain               ] [INFO ] org.springframework.boot.web.embedded.tomcat.TomcatWebServer           -
				Tomcat started on port(s): 9000 (http) with context path ''
2021-03-20 19:52:09,418 [restartedMain               ] [INFO ] com.beerhouse.Application                                              -
				Started Application in 0.747 seconds (JVM running for 2273.702)
2021-03-20 19:52:09,420 [restartedMain               ] [INFO ] o.s.b.devtools.autoconfigure.ConditionEvaluationDeltaLoggingListener   -
				Condition evaluation unchanged
2021-03-20 19:52:27,866 [Thread-40                   ] [INFO ] org.springframework.scheduling.concurrent.ThreadPoolTaskExecutor       -
				Shutting down ExecutorService 'applicationTaskExecutor'
2021-03-20 19:52:27,867 [Thread-40                   ] [INFO ] org.springframework.orm.jpa.LocalContainerEntityManagerFactoryBean     -
				Closing JPA EntityManagerFactory for persistence unit 'default'
2021-03-20 19:52:27,871 [Thread-40                   ] [INFO ] o.h.tool.schema.internal.SchemaDropperImpl$DelayedDropActionImpl       -
				HHH000477: Starting delayed evictData of schema as part of SessionFactory shut-down'
2021-03-20 19:52:27,875 [Thread-40                   ] [INFO ] com.zaxxer.hikari.HikariDataSource                                     -
				HikariPool-8 - Shutdown initiated...
2021-03-20 19:52:27,907 [Thread-40                   ] [INFO ] com.zaxxer.hikari.HikariDataSource                                     -
				HikariPool-8 - Shutdown completed.
2021-03-20 19:52:28,235 [restartedMain               ] [INFO ] com.beerhouse.Application                                              -
				Starting Application using Java 1.8.0_261 on cp3900 with PID 120157 (/home/mtuser/craftbeer/target/classes started by mtuser in /home/mtuser/craftbeer)
2021-03-20 19:52:28,235 [restartedMain               ] [DEBUG] com.beerhouse.Application                                              -
				Running with Spring Boot v2.4.4, Spring v5.3.5
2021-03-20 19:52:28,235 [restartedMain               ] [INFO ] com.beerhouse.Application                                              -
				The following profiles are active: dev
2021-03-20 19:52:28,491 [restartedMain               ] [INFO ] o.s.data.repository.config.RepositoryConfigurationDelegate             -
				Bootstrapping Spring Data JPA repositories in DEFAULT mode.
2021-03-20 19:52:28,503 [restartedMain               ] [INFO ] o.s.data.repository.config.RepositoryConfigurationDelegate             -
				Finished Spring Data repository scanning in 10 ms. Found 1 JPA repository interfaces.
2021-03-20 19:52:28,615 [restartedMain               ] [INFO ] org.springframework.boot.web.embedded.tomcat.TomcatWebServer           -
				Tomcat initialized with port(s): 9000 (http)
2021-03-20 19:52:28,616 [restartedMain               ] [INFO ] org.apache.coyote.http11.Http11NioProtocol                             -
				Initializing ProtocolHandler ["http-nio-9000"]
2021-03-20 19:52:28,616 [restartedMain               ] [INFO ] org.apache.catalina.core.StandardService                               -
				Starting service [Tomcat]
2021-03-20 19:52:28,616 [restartedMain               ] [INFO ] org.apache.catalina.core.StandardEngine                                -
				Starting Servlet engine: [Apache Tomcat/9.0.44]
2021-03-20 19:52:28,621 [restartedMain               ] [INFO ] org.apache.catalina.core.ContainerBase.[Tomcat].[localhost].[/]        -
				Initializing Spring embedded WebApplicationContext
2021-03-20 19:52:28,621 [restartedMain               ] [INFO ] o.s.boot.web.servlet.context.ServletWebServerApplicationContext        -
				Root WebApplicationContext: initialization completed in 383 ms
2021-03-20 19:52:28,641 [restartedMain               ] [INFO ] com.zaxxer.hikari.HikariDataSource                                     -
				HikariPool-9 - Starting...
2021-03-20 19:52:28,669 [restartedMain               ] [INFO ] com.zaxxer.hikari.HikariDataSource                                     -
				HikariPool-9 - Start completed.
2021-03-20 19:52:28,669 [restartedMain               ] [INFO ] org.springframework.boot.autoconfigure.h2.H2ConsoleAutoConfiguration   -
				H2 console available at '/h2'. Database available at 'jdbc:h2:file:~/test'
2021-03-20 19:52:28,711 [restartedMain               ] [INFO ] org.hibernate.jpa.internal.util.LogHelper                              -
				HHH000204: Processing PersistenceUnitInfo [name: default]
2021-03-20 19:52:28,719 [restartedMain               ] [INFO ] org.hibernate.dialect.Dialect                                          -
				HHH000400: Using dialect: org.hibernate.dialect.H2Dialect
2021-03-20 19:52:28,774 [restartedMain               ] [INFO ] o.h.engine.transaction.jta.platform.internal.JtaPlatformInitiator      -
				HHH000490: Using JtaPlatform implementation: [org.hibernate.engine.transaction.jta.platform.internal.NoJtaPlatform]
2021-03-20 19:52:28,774 [restartedMain               ] [INFO ] org.springframework.orm.jpa.LocalContainerEntityManagerFactoryBean     -
				Initialized JPA EntityManagerFactory for persistence unit 'default'
2021-03-20 19:52:28,780 [restartedMain               ] [INFO ] o.springframework.boot.devtools.autoconfigure.OptionalLiveReloadServer -
				LiveReload server is running on port 35729
2021-03-20 19:52:28,922 [restartedMain               ] [WARN ] o.s.b.autoconfigure.orm.jpa.JpaBaseConfiguration$JpaWebConfiguration   -
				spring.jpa.open-in-view is enabled by default. Therefore, database queries may be performed during view rendering. Explicitly configure spring.jpa.open-in-view to disable this warning
2021-03-20 19:52:28,973 [restartedMain               ] [INFO ] org.springframework.scheduling.concurrent.ThreadPoolTaskExecutor       -
				Initializing ExecutorService 'applicationTaskExecutor'
2021-03-20 19:52:29,060 [restartedMain               ] [INFO ] org.apache.coyote.http11.Http11NioProtocol                             -
				Starting ProtocolHandler ["http-nio-9000"]
2021-03-20 19:52:29,069 [restartedMain               ] [INFO ] org.springframework.boot.web.embedded.tomcat.TomcatWebServer           -
				Tomcat started on port(s): 9000 (http) with context path ''
2021-03-20 19:52:29,074 [restartedMain               ] [INFO ] com.beerhouse.Application                                              -
				Started Application in 0.878 seconds (JVM running for 2293.358)
2021-03-20 19:52:29,075 [restartedMain               ] [INFO ] o.s.b.devtools.autoconfigure.ConditionEvaluationDeltaLoggingListener   -
				Condition evaluation unchanged
2021-03-20 19:52:38,415 [http-nio-9000-exec-2        ] [INFO ] org.apache.catalina.core.ContainerBase.[Tomcat].[localhost].[/]        -
				Initializing Spring DispatcherServlet 'dispatcherServlet'
2021-03-20 19:52:38,416 [http-nio-9000-exec-2        ] [INFO ] org.springframework.web.servlet.DispatcherServlet                      -
				Initializing Servlet 'dispatcherServlet'
2021-03-20 19:52:38,417 [http-nio-9000-exec-2        ] [INFO ] org.springframework.web.servlet.DispatcherServlet                      -
				Completed initialization in 1 ms
2021-03-20 19:52:38,485 [http-nio-9000-exec-2        ] [DEBUG] com.beerhouse.controller.ExceptionHandlerController                    -
				Invalid null value submitted for name
2021-03-20 19:52:38,485 [http-nio-9000-exec-2        ] [DEBUG] com.beerhouse.controller.ExceptionHandlerController                    -
				Invalid null value submitted for name
2021-03-20 19:52:38,489 [http-nio-9000-exec-2        ] [WARN ] o.s.w.servlet.mvc.method.annotation.ExceptionHandlerExceptionResolver  -
				Resolved [org.springframework.web.bind.MethodArgumentNotValidException: Validation failed for argument [0] in public org.springframework.http.ResponseEntity<com.beerhouse.dto.BeerDto> com.beerhouse.controller.BeerController.save(com.beerhouse.dto.BeerDto,org.springframework.web.util.UriComponentsBuilder) with 2 errors: [Field error in object 'beerDto' on field 'name': rejected value [null]; codes [NotEmpty.beerDto.name,NotEmpty.name,NotEmpty.java.lang.String,NotEmpty]; arguments [org.springframework.context.support.DefaultMessageSourceResolvable: codes [beerDto.name,name]; arguments []; default message [name]]; default message [Name cannot be empty]] [Field error in object 'beerDto' on field 'name': rejected value [null]; codes [NotNull.beerDto.name,NotNull.name,NotNull.java.lang.String,NotNull]; arguments [org.springframework.context.support.DefaultMessageSourceResolvable: codes [beerDto.name,name]; arguments []; default message [name]]; default message [Name cannot be null]] ]
2021-03-20 19:53:36,580 [Thread-45                   ] [INFO ] org.springframework.scheduling.concurrent.ThreadPoolTaskExecutor       -
				Shutting down ExecutorService 'applicationTaskExecutor'
2021-03-20 19:53:36,581 [Thread-45                   ] [INFO ] org.springframework.orm.jpa.LocalContainerEntityManagerFactoryBean     -
				Closing JPA EntityManagerFactory for persistence unit 'default'
2021-03-20 19:53:36,581 [Thread-45                   ] [INFO ] o.h.tool.schema.internal.SchemaDropperImpl$DelayedDropActionImpl       -
				HHH000477: Starting delayed evictData of schema as part of SessionFactory shut-down'
2021-03-20 19:53:36,583 [Thread-45                   ] [INFO ] com.zaxxer.hikari.HikariDataSource                                     -
				HikariPool-9 - Shutdown initiated...
2021-03-20 19:53:36,590 [Thread-45                   ] [INFO ] com.zaxxer.hikari.HikariDataSource                                     -
				HikariPool-9 - Shutdown completed.
2021-03-20 19:53:36,843 [restartedMain               ] [INFO ] com.beerhouse.Application                                              -
				Starting Application using Java 1.8.0_261 on cp3900 with PID 120157 (/home/mtuser/craftbeer/target/classes started by mtuser in /home/mtuser/craftbeer)
2021-03-20 19:53:36,843 [restartedMain               ] [DEBUG] com.beerhouse.Application                                              -
				Running with Spring Boot v2.4.4, Spring v5.3.5
2021-03-20 19:53:36,843 [restartedMain               ] [INFO ] com.beerhouse.Application                                              -
				The following profiles are active: dev
2021-03-20 19:53:37,043 [restartedMain               ] [INFO ] o.s.data.repository.config.RepositoryConfigurationDelegate             -
				Bootstrapping Spring Data JPA repositories in DEFAULT mode.
2021-03-20 19:53:37,056 [restartedMain               ] [INFO ] o.s.data.repository.config.RepositoryConfigurationDelegate             -
				Finished Spring Data repository scanning in 13 ms. Found 1 JPA repository interfaces.
2021-03-20 19:53:37,148 [restartedMain               ] [INFO ] org.springframework.boot.web.embedded.tomcat.TomcatWebServer           -
				Tomcat initialized with port(s): 9000 (http)
2021-03-20 19:53:37,149 [restartedMain               ] [INFO ] org.apache.coyote.http11.Http11NioProtocol                             -
				Initializing ProtocolHandler ["http-nio-9000"]
2021-03-20 19:53:37,149 [restartedMain               ] [INFO ] org.apache.catalina.core.StandardService                               -
				Starting service [Tomcat]
2021-03-20 19:53:37,149 [restartedMain               ] [INFO ] org.apache.catalina.core.StandardEngine                                -
				Starting Servlet engine: [Apache Tomcat/9.0.44]
2021-03-20 19:53:37,154 [restartedMain               ] [INFO ] org.apache.catalina.core.ContainerBase.[Tomcat].[localhost].[/]        -
				Initializing Spring embedded WebApplicationContext
2021-03-20 19:53:37,155 [restartedMain               ] [INFO ] o.s.boot.web.servlet.context.ServletWebServerApplicationContext        -
				Root WebApplicationContext: initialization completed in 309 ms
2021-03-20 19:53:37,175 [restartedMain               ] [INFO ] com.zaxxer.hikari.HikariDataSource                                     -
				HikariPool-10 - Starting...
2021-03-20 19:53:37,184 [restartedMain               ] [INFO ] com.zaxxer.hikari.HikariDataSource                                     -
				HikariPool-10 - Start completed.
2021-03-20 19:53:37,184 [restartedMain               ] [INFO ] org.springframework.boot.autoconfigure.h2.H2ConsoleAutoConfiguration   -
				H2 console available at '/h2'. Database available at 'jdbc:h2:file:~/test'
2021-03-20 19:53:37,202 [restartedMain               ] [INFO ] org.hibernate.jpa.internal.util.LogHelper                              -
				HHH000204: Processing PersistenceUnitInfo [name: default]
2021-03-20 19:53:37,206 [restartedMain               ] [INFO ] org.hibernate.dialect.Dialect                                          -
				HHH000400: Using dialect: org.hibernate.dialect.H2Dialect
2021-03-20 19:53:37,253 [restartedMain               ] [INFO ] o.h.engine.transaction.jta.platform.internal.JtaPlatformInitiator      -
				HHH000490: Using JtaPlatform implementation: [org.hibernate.engine.transaction.jta.platform.internal.NoJtaPlatform]
2021-03-20 19:53:37,254 [restartedMain               ] [INFO ] org.springframework.orm.jpa.LocalContainerEntityManagerFactoryBean     -
				Initialized JPA EntityManagerFactory for persistence unit 'default'
2021-03-20 19:53:37,260 [restartedMain               ] [INFO ] o.springframework.boot.devtools.autoconfigure.OptionalLiveReloadServer -
				LiveReload server is running on port 35729
2021-03-20 19:53:37,343 [restartedMain               ] [WARN ] o.s.b.autoconfigure.orm.jpa.JpaBaseConfiguration$JpaWebConfiguration   -
				spring.jpa.open-in-view is enabled by default. Therefore, database queries may be performed during view rendering. Explicitly configure spring.jpa.open-in-view to disable this warning
2021-03-20 19:53:37,375 [restartedMain               ] [INFO ] org.springframework.scheduling.concurrent.ThreadPoolTaskExecutor       -
				Initializing ExecutorService 'applicationTaskExecutor'
2021-03-20 19:53:37,426 [restartedMain               ] [INFO ] org.apache.coyote.http11.Http11NioProtocol                             -
				Starting ProtocolHandler ["http-nio-9000"]
2021-03-20 19:53:37,449 [restartedMain               ] [INFO ] org.springframework.boot.web.embedded.tomcat.TomcatWebServer           -
				Tomcat started on port(s): 9000 (http) with context path ''
2021-03-20 19:53:37,454 [restartedMain               ] [INFO ] com.beerhouse.Application                                              -
				Started Application in 0.661 seconds (JVM running for 2361.737)
2021-03-20 19:53:37,455 [restartedMain               ] [INFO ] o.s.b.devtools.autoconfigure.ConditionEvaluationDeltaLoggingListener   -
				Condition evaluation unchanged
2021-03-20 19:55:13,610 [http-nio-9000-exec-2        ] [INFO ] org.apache.catalina.core.ContainerBase.[Tomcat].[localhost].[/]        -
				Initializing Spring DispatcherServlet 'dispatcherServlet'
2021-03-20 19:55:13,613 [http-nio-9000-exec-2        ] [INFO ] org.springframework.web.servlet.DispatcherServlet                      -
				Initializing Servlet 'dispatcherServlet'
2021-03-20 19:55:13,615 [http-nio-9000-exec-2        ] [INFO ] org.springframework.web.servlet.DispatcherServlet                      -
				Completed initialization in 1 ms
2021-03-20 19:55:13,656 [http-nio-9000-exec-2        ] [ERROR] com.beerhouse.controller.ExceptionHandlerController                    -
				Invalid null value submitted for name
2021-03-20 19:55:13,656 [http-nio-9000-exec-2        ] [ERROR] com.beerhouse.controller.ExceptionHandlerController                    -
				Invalid null value submitted for name
2021-03-20 19:55:13,660 [http-nio-9000-exec-2        ] [WARN ] o.s.w.servlet.mvc.method.annotation.ExceptionHandlerExceptionResolver  -
				Resolved [org.springframework.web.bind.MethodArgumentNotValidException: Validation failed for argument [0] in public org.springframework.http.ResponseEntity<com.beerhouse.dto.BeerDto> com.beerhouse.controller.BeerController.save(com.beerhouse.dto.BeerDto,org.springframework.web.util.UriComponentsBuilder) with 2 errors: [Field error in object 'beerDto' on field 'name': rejected value [null]; codes [NotNull.beerDto.name,NotNull.name,NotNull.java.lang.String,NotNull]; arguments [org.springframework.context.support.DefaultMessageSourceResolvable: codes [beerDto.name,name]; arguments []; default message [name]]; default message [Name cannot be null]] [Field error in object 'beerDto' on field 'name': rejected value [null]; codes [NotEmpty.beerDto.name,NotEmpty.name,NotEmpty.java.lang.String,NotEmpty]; arguments [org.springframework.context.support.DefaultMessageSourceResolvable: codes [beerDto.name,name]; arguments []; default message [name]]; default message [Name cannot be empty]] ]
