2021-03-21 21:56:24,411 [background-preinit          ] [INFO ] org.hibernate.validator.internal.util.Version                          -
				HV000001: Hibernate Validator 6.1.7.Final
2021-03-21 21:56:24,418 [restartedMain               ] [INFO ] com.beerhouse.Application                                              -
				Starting Application using Java 1.8.0_261 on cp3900 with PID 75705 (/home/mtuser/craftbeer/target/classes started by mtuser in /home/mtuser/craftbeer)
2021-03-21 21:56:24,419 [restartedMain               ] [DEBUG] com.beerhouse.Application                                              -
				Running with Spring Boot v2.4.4, Spring v5.3.5
2021-03-21 21:56:24,420 [restartedMain               ] [INFO ] com.beerhouse.Application                                              -
				The following profiles are active: dev
2021-03-21 21:56:24,489 [restartedMain               ] [INFO ] o.s.boot.devtools.env.DevToolsPropertyDefaultsPostProcessor            -
				Devtools property defaults active! Set 'spring.devtools.add-properties' to 'false' to disable
2021-03-21 21:56:24,490 [restartedMain               ] [INFO ] o.s.boot.devtools.env.DevToolsPropertyDefaultsPostProcessor            -
				For additional web related logging consider setting the 'logging.level.web' property to 'DEBUG'
2021-03-21 21:56:26,325 [restartedMain               ] [INFO ] o.s.data.repository.config.RepositoryConfigurationDelegate             -
				Bootstrapping Spring Data JPA repositories in DEFAULT mode.
2021-03-21 21:56:26,415 [restartedMain               ] [INFO ] o.s.data.repository.config.RepositoryConfigurationDelegate             -
				Finished Spring Data repository scanning in 75 ms. Found 1 JPA repository interfaces.
2021-03-21 21:56:27,497 [restartedMain               ] [INFO ] org.springframework.boot.web.embedded.tomcat.TomcatWebServer           -
				Tomcat initialized with port(s): 9000 (http)
2021-03-21 21:56:27,514 [restartedMain               ] [INFO ] org.apache.coyote.http11.Http11NioProtocol                             -
				Initializing ProtocolHandler ["http-nio-9000"]
2021-03-21 21:56:27,515 [restartedMain               ] [INFO ] org.apache.catalina.core.StandardService                               -
				Starting service [Tomcat]
2021-03-21 21:56:27,515 [restartedMain               ] [INFO ] org.apache.catalina.core.StandardEngine                                -
				Starting Servlet engine: [Apache Tomcat/9.0.44]
2021-03-21 21:56:27,666 [restartedMain               ] [INFO ] org.apache.catalina.core.ContainerBase.[Tomcat].[localhost].[/]        -
				Initializing Spring embedded WebApplicationContext
2021-03-21 21:56:27,666 [restartedMain               ] [INFO ] o.s.boot.web.servlet.context.ServletWebServerApplicationContext        -
				Root WebApplicationContext: initialization completed in 3175 ms
2021-03-21 21:56:27,746 [restartedMain               ] [INFO ] com.zaxxer.hikari.HikariDataSource                                     -
				HikariPool-1 - Starting...
2021-03-21 21:56:28,017 [restartedMain               ] [INFO ] com.zaxxer.hikari.HikariDataSource                                     -
				HikariPool-1 - Start completed.
2021-03-21 21:56:28,026 [restartedMain               ] [INFO ] org.springframework.boot.autoconfigure.h2.H2ConsoleAutoConfiguration   -
				H2 console available at '/h2'. Database available at 'jdbc:h2:file:~/test'
2021-03-21 21:56:28,196 [restartedMain               ] [INFO ] org.hibernate.jpa.internal.util.LogHelper                              -
				HHH000204: Processing PersistenceUnitInfo [name: default]
2021-03-21 21:56:28,264 [restartedMain               ] [INFO ] org.hibernate.Version                                                  -
				HHH000412: Hibernate ORM core version 5.4.29.Final
2021-03-21 21:56:28,436 [restartedMain               ] [INFO ] org.hibernate.annotations.common.Version                               -
				HCANN000001: Hibernate Commons Annotations {5.1.2.Final}
2021-03-21 21:56:28,615 [restartedMain               ] [INFO ] org.hibernate.dialect.Dialect                                          -
				HHH000400: Using dialect: org.hibernate.dialect.H2Dialect
2021-03-21 21:56:29,347 [restartedMain               ] [INFO ] o.h.engine.transaction.jta.platform.internal.JtaPlatformInitiator      -
				HHH000490: Using JtaPlatform implementation: [org.hibernate.engine.transaction.jta.platform.internal.NoJtaPlatform]
2021-03-21 21:56:29,360 [restartedMain               ] [INFO ] org.springframework.orm.jpa.LocalContainerEntityManagerFactoryBean     -
				Initialized JPA EntityManagerFactory for persistence unit 'default'
2021-03-21 21:56:29,384 [restartedMain               ] [INFO ] o.springframework.boot.devtools.autoconfigure.OptionalLiveReloadServer -
				LiveReload server is running on port 35729
2021-03-21 21:56:29,929 [restartedMain               ] [WARN ] o.s.b.autoconfigure.orm.jpa.JpaBaseConfiguration$JpaWebConfiguration   -
				spring.jpa.open-in-view is enabled by default. Therefore, database queries may be performed during view rendering. Explicitly configure spring.jpa.open-in-view to disable this warning
2021-03-21 21:56:30,018 [restartedMain               ] [INFO ] org.springframework.scheduling.concurrent.ThreadPoolTaskExecutor       -
				Initializing ExecutorService 'applicationTaskExecutor'
2021-03-21 21:56:30,623 [restartedMain               ] [INFO ] org.apache.coyote.http11.Http11NioProtocol                             -
				Starting ProtocolHandler ["http-nio-9000"]
2021-03-21 21:56:30,632 [restartedMain               ] [WARN ] o.s.b.w.s.context.AnnotationConfigServletWebServerApplicationContext   -
				Exception encountered during context initialization - cancelling refresh attempt: org.springframework.context.ApplicationContextException: Failed to start bean 'webServerStartStop'; nested exception is org.springframework.boot.web.server.PortInUseException: Port 9000 is already in use
2021-03-21 21:56:30,640 [restartedMain               ] [INFO ] org.springframework.scheduling.concurrent.ThreadPoolTaskExecutor       -
				Shutting down ExecutorService 'applicationTaskExecutor'
2021-03-21 21:56:30,643 [restartedMain               ] [INFO ] org.springframework.orm.jpa.LocalContainerEntityManagerFactoryBean     -
				Closing JPA EntityManagerFactory for persistence unit 'default'
2021-03-21 21:56:30,644 [restartedMain               ] [INFO ] o.h.tool.schema.internal.SchemaDropperImpl$DelayedDropActionImpl       -
				HHH000477: Starting delayed evictData of schema as part of SessionFactory shut-down'
2021-03-21 21:56:30,654 [restartedMain               ] [INFO ] com.zaxxer.hikari.HikariDataSource                                     -
				HikariPool-1 - Shutdown initiated...
2021-03-21 21:56:30,674 [restartedMain               ] [INFO ] com.zaxxer.hikari.HikariDataSource                                     -
				HikariPool-1 - Shutdown completed.
2021-03-21 21:56:30,677 [restartedMain               ] [INFO ] org.apache.coyote.http11.Http11NioProtocol                             -
				Pausing ProtocolHandler ["http-nio-9000"]
2021-03-21 21:56:30,677 [restartedMain               ] [INFO ] org.apache.catalina.core.StandardService                               -
				Stopping service [Tomcat]
2021-03-21 21:56:30,686 [restartedMain               ] [INFO ] org.apache.coyote.http11.Http11NioProtocol                             -
				Stopping ProtocolHandler ["http-nio-9000"]
2021-03-21 21:56:30,687 [restartedMain               ] [INFO ] org.apache.coyote.http11.Http11NioProtocol                             -
				Destroying ProtocolHandler ["http-nio-9000"]
2021-03-21 21:56:30,701 [restartedMain               ] [INFO ] o.s.b.autoconfigure.logging.ConditionEvaluationReportLoggingListener   -
				

Error starting ApplicationContext. To display the conditions report re-run your application with 'debug' enabled.
2021-03-21 21:56:30,725 [restartedMain               ] [ERROR] org.springframework.boot.diagnostics.LoggingFailureAnalysisReporter    -
				

***************************
APPLICATION FAILED TO START
***************************

Description:

Web server failed to start. Port 9000 was already in use.

Action:

Identify and stop the process that's listening on port 9000 or configure this application to listen on another port.

2021-03-21 21:59:40,036 [background-preinit          ] [INFO ] org.hibernate.validator.internal.util.Version                          -
				HV000001: Hibernate Validator 6.1.7.Final
2021-03-21 21:59:40,047 [restartedMain               ] [INFO ] com.beerhouse.Application                                              -
				Starting Application using Java 1.8.0_261 on cp3900 with PID 76050 (/home/mtuser/craftbeer/target/classes started by mtuser in /home/mtuser/craftbeer)
2021-03-21 21:59:40,047 [restartedMain               ] [DEBUG] com.beerhouse.Application                                              -
				Running with Spring Boot v2.4.4, Spring v5.3.5
2021-03-21 21:59:40,048 [restartedMain               ] [INFO ] com.beerhouse.Application                                              -
				The following profiles are active: dev
2021-03-21 21:59:40,118 [restartedMain               ] [INFO ] o.s.boot.devtools.env.DevToolsPropertyDefaultsPostProcessor            -
				Devtools property defaults active! Set 'spring.devtools.add-properties' to 'false' to disable
2021-03-21 21:59:40,118 [restartedMain               ] [INFO ] o.s.boot.devtools.env.DevToolsPropertyDefaultsPostProcessor            -
				For additional web related logging consider setting the 'logging.level.web' property to 'DEBUG'
2021-03-21 21:59:41,267 [restartedMain               ] [INFO ] o.s.data.repository.config.RepositoryConfigurationDelegate             -
				Bootstrapping Spring Data JPA repositories in DEFAULT mode.
2021-03-21 21:59:41,378 [restartedMain               ] [INFO ] o.s.data.repository.config.RepositoryConfigurationDelegate             -
				Finished Spring Data repository scanning in 92 ms. Found 1 JPA repository interfaces.
2021-03-21 21:59:42,347 [restartedMain               ] [INFO ] org.springframework.boot.web.embedded.tomcat.TomcatWebServer           -
				Tomcat initialized with port(s): 9000 (http)
2021-03-21 21:59:42,359 [restartedMain               ] [INFO ] org.apache.coyote.http11.Http11NioProtocol                             -
				Initializing ProtocolHandler ["http-nio-9000"]
2021-03-21 21:59:42,360 [restartedMain               ] [INFO ] org.apache.catalina.core.StandardService                               -
				Starting service [Tomcat]
2021-03-21 21:59:42,361 [restartedMain               ] [INFO ] org.apache.catalina.core.StandardEngine                                -
				Starting Servlet engine: [Apache Tomcat/9.0.44]
2021-03-21 21:59:42,505 [restartedMain               ] [INFO ] org.apache.catalina.core.ContainerBase.[Tomcat].[localhost].[/]        -
				Initializing Spring embedded WebApplicationContext
2021-03-21 21:59:42,505 [restartedMain               ] [INFO ] o.s.boot.web.servlet.context.ServletWebServerApplicationContext        -
				Root WebApplicationContext: initialization completed in 2386 ms
2021-03-21 21:59:42,592 [restartedMain               ] [INFO ] com.zaxxer.hikari.HikariDataSource                                     -
				HikariPool-1 - Starting...
2021-03-21 21:59:42,881 [restartedMain               ] [INFO ] com.zaxxer.hikari.HikariDataSource                                     -
				HikariPool-1 - Start completed.
2021-03-21 21:59:42,895 [restartedMain               ] [INFO ] org.springframework.boot.autoconfigure.h2.H2ConsoleAutoConfiguration   -
				H2 console available at '/h2'. Database available at 'jdbc:h2:file:~/test'
2021-03-21 21:59:43,064 [restartedMain               ] [INFO ] org.hibernate.jpa.internal.util.LogHelper                              -
				HHH000204: Processing PersistenceUnitInfo [name: default]
2021-03-21 21:59:43,134 [restartedMain               ] [INFO ] org.hibernate.Version                                                  -
				HHH000412: Hibernate ORM core version 5.4.29.Final
2021-03-21 21:59:43,318 [restartedMain               ] [INFO ] org.hibernate.annotations.common.Version                               -
				HCANN000001: Hibernate Commons Annotations {5.1.2.Final}
2021-03-21 21:59:43,500 [restartedMain               ] [INFO ] org.hibernate.dialect.Dialect                                          -
				HHH000400: Using dialect: org.hibernate.dialect.H2Dialect
2021-03-21 21:59:44,246 [restartedMain               ] [INFO ] o.h.engine.transaction.jta.platform.internal.JtaPlatformInitiator      -
				HHH000490: Using JtaPlatform implementation: [org.hibernate.engine.transaction.jta.platform.internal.NoJtaPlatform]
2021-03-21 21:59:44,257 [restartedMain               ] [INFO ] org.springframework.orm.jpa.LocalContainerEntityManagerFactoryBean     -
				Initialized JPA EntityManagerFactory for persistence unit 'default'
2021-03-21 21:59:44,279 [restartedMain               ] [INFO ] o.springframework.boot.devtools.autoconfigure.OptionalLiveReloadServer -
				LiveReload server is running on port 35729
2021-03-21 21:59:44,880 [restartedMain               ] [WARN ] o.s.b.autoconfigure.orm.jpa.JpaBaseConfiguration$JpaWebConfiguration   -
				spring.jpa.open-in-view is enabled by default. Therefore, database queries may be performed during view rendering. Explicitly configure spring.jpa.open-in-view to disable this warning
2021-03-21 21:59:45,019 [restartedMain               ] [INFO ] org.springframework.scheduling.concurrent.ThreadPoolTaskExecutor       -
				Initializing ExecutorService 'applicationTaskExecutor'
2021-03-21 21:59:45,509 [restartedMain               ] [INFO ] org.apache.coyote.http11.Http11NioProtocol                             -
				Starting ProtocolHandler ["http-nio-9000"]
2021-03-21 21:59:45,535 [restartedMain               ] [INFO ] org.springframework.boot.web.embedded.tomcat.TomcatWebServer           -
				Tomcat started on port(s): 9000 (http) with context path ''
2021-03-21 21:59:45,547 [restartedMain               ] [INFO ] com.beerhouse.Application                                              -
				Started Application in 6.084 seconds (JVM running for 6.837)
