2021-03-20 17:29:51,240 [Thread-6                    ] [INFO ] org.springframework.scheduling.concurrent.ThreadPoolTaskExecutor       -
				Shutting down ExecutorService 'applicationTaskExecutor'
2021-03-20 17:29:51,242 [Thread-6                    ] [INFO ] org.springframework.orm.jpa.LocalContainerEntityManagerFactoryBean     -
				Closing JPA EntityManagerFactory for persistence unit 'default'
2021-03-20 17:29:51,243 [Thread-6                    ] [INFO ] o.h.tool.schema.internal.SchemaDropperImpl$DelayedDropActionImpl       -
				HHH000477: Starting delayed evictData of schema as part of SessionFactory shut-down'
2021-03-20 17:29:51,251 [Thread-6                    ] [INFO ] com.zaxxer.hikari.HikariDataSource                                     -
				HikariPool-1 - Shutdown initiated...
2021-03-20 17:29:51,264 [Thread-6                    ] [INFO ] com.zaxxer.hikari.HikariDataSource                                     -
				HikariPool-1 - Shutdown completed.
2021-03-20 17:30:30,646 [restartedMain               ] [INFO ] com.beerhouse.Application                                              -
				Starting Application using Java 1.8.0_261 on cp3900 with PID 102738 (/home/mtuser/craftbeer/target/classes started by mtuser in /home/mtuser/craftbeer)
2021-03-20 17:30:30,649 [restartedMain               ] [DEBUG] com.beerhouse.Application                                              -
				Running with Spring Boot v2.4.4, Spring v5.3.5
2021-03-20 17:30:30,650 [restartedMain               ] [INFO ] com.beerhouse.Application                                              -
				The following profiles are active: dev
2021-03-20 17:30:30,760 [restartedMain               ] [INFO ] o.s.boot.devtools.env.DevToolsPropertyDefaultsPostProcessor            -
				Devtools property defaults active! Set 'spring.devtools.add-properties' to 'false' to disable
2021-03-20 17:30:30,760 [restartedMain               ] [INFO ] o.s.boot.devtools.env.DevToolsPropertyDefaultsPostProcessor            -
				For additional web related logging consider setting the 'logging.level.web' property to 'DEBUG'
2021-03-20 17:30:31,659 [restartedMain               ] [INFO ] o.s.data.repository.config.RepositoryConfigurationDelegate             -
				Bootstrapping Spring Data JPA repositories in DEFAULT mode.
2021-03-20 17:30:31,753 [restartedMain               ] [INFO ] o.s.data.repository.config.RepositoryConfigurationDelegate             -
				Finished Spring Data repository scanning in 77 ms. Found 1 JPA repository interfaces.
2021-03-20 17:30:32,844 [restartedMain               ] [INFO ] org.springframework.boot.web.embedded.tomcat.TomcatWebServer           -
				Tomcat initialized with port(s): 9000 (http)
2021-03-20 17:30:32,860 [restartedMain               ] [INFO ] org.apache.coyote.http11.Http11NioProtocol                             -
				Initializing ProtocolHandler ["http-nio-9000"]
2021-03-20 17:30:32,861 [restartedMain               ] [INFO ] org.apache.catalina.core.StandardService                               -
				Starting service [Tomcat]
2021-03-20 17:30:32,862 [restartedMain               ] [INFO ] org.apache.catalina.core.StandardEngine                                -
				Starting Servlet engine: [Apache Tomcat/9.0.44]
2021-03-20 17:30:32,991 [restartedMain               ] [INFO ] org.apache.catalina.core.ContainerBase.[Tomcat].[localhost].[/]        -
				Initializing Spring embedded WebApplicationContext
2021-03-20 17:30:33,002 [restartedMain               ] [INFO ] o.s.boot.web.servlet.context.ServletWebServerApplicationContext        -
				Root WebApplicationContext: initialization completed in 2241 ms
2021-03-20 17:30:33,150 [restartedMain               ] [INFO ] com.zaxxer.hikari.HikariDataSource                                     -
				HikariPool-1 - Starting...
2021-03-20 17:30:33,523 [restartedMain               ] [INFO ] com.zaxxer.hikari.HikariDataSource                                     -
				HikariPool-1 - Start completed.
2021-03-20 17:30:33,530 [restartedMain               ] [INFO ] org.springframework.boot.autoconfigure.h2.H2ConsoleAutoConfiguration   -
				H2 console available at '/h2'. Database available at 'jdbc:h2:file:~/test'
2021-03-20 17:30:33,830 [restartedMain               ] [INFO ] org.hibernate.jpa.internal.util.LogHelper                              -
				HHH000204: Processing PersistenceUnitInfo [name: default]
2021-03-20 17:30:33,900 [restartedMain               ] [INFO ] org.hibernate.Version                                                  -
				HHH000412: Hibernate ORM core version 5.4.29.Final
2021-03-20 17:30:34,139 [restartedMain               ] [INFO ] org.hibernate.annotations.common.Version                               -
				HCANN000001: Hibernate Commons Annotations {5.1.2.Final}
2021-03-20 17:30:34,345 [restartedMain               ] [INFO ] org.hibernate.dialect.Dialect                                          -
				HHH000400: Using dialect: org.hibernate.dialect.H2Dialect
2021-03-20 17:30:35,067 [restartedMain               ] [INFO ] o.h.engine.transaction.jta.platform.internal.JtaPlatformInitiator      -
				HHH000490: Using JtaPlatform implementation: [org.hibernate.engine.transaction.jta.platform.internal.NoJtaPlatform]
2021-03-20 17:30:35,078 [restartedMain               ] [INFO ] org.springframework.orm.jpa.LocalContainerEntityManagerFactoryBean     -
				Initialized JPA EntityManagerFactory for persistence unit 'default'
2021-03-20 17:30:35,100 [restartedMain               ] [INFO ] o.springframework.boot.devtools.autoconfigure.OptionalLiveReloadServer -
				LiveReload server is running on port 35729
2021-03-20 17:30:35,616 [restartedMain               ] [WARN ] o.s.b.autoconfigure.orm.jpa.JpaBaseConfiguration$JpaWebConfiguration   -
				spring.jpa.open-in-view is enabled by default. Therefore, database queries may be performed during view rendering. Explicitly configure spring.jpa.open-in-view to disable this warning
2021-03-20 17:30:35,825 [restartedMain               ] [INFO ] org.springframework.scheduling.concurrent.ThreadPoolTaskExecutor       -
				Initializing ExecutorService 'applicationTaskExecutor'
2021-03-20 17:30:36,355 [restartedMain               ] [INFO ] org.apache.coyote.http11.Http11NioProtocol                             -
				Starting ProtocolHandler ["http-nio-9000"]
2021-03-20 17:30:36,391 [restartedMain               ] [INFO ] org.springframework.boot.web.embedded.tomcat.TomcatWebServer           -
				Tomcat started on port(s): 9000 (http) with context path ''
2021-03-20 17:30:36,415 [restartedMain               ] [INFO ] com.beerhouse.Application                                              -
				Started Application in 6.444 seconds (JVM running for 7.282)
2021-03-20 17:31:07,841 [http-nio-9000-exec-2        ] [INFO ] org.apache.catalina.core.ContainerBase.[Tomcat].[localhost].[/]        -
				Initializing Spring DispatcherServlet 'dispatcherServlet'
2021-03-20 17:31:07,842 [http-nio-9000-exec-2        ] [INFO ] org.springframework.web.servlet.DispatcherServlet                      -
				Initializing Servlet 'dispatcherServlet'
2021-03-20 17:31:07,857 [http-nio-9000-exec-2        ] [INFO ] org.springframework.web.servlet.DispatcherServlet                      -
				Completed initialization in 14 ms
2021-03-20 17:31:08,168 [http-nio-9000-exec-2        ] [INFO ] com.beerhouse.controller.BeerController                                -
				ADICIONADA CERVEJA: A Brand new Beer ID: 6
2021-03-20 17:31:18,577 [http-nio-9000-exec-3        ] [INFO ] com.beerhouse.controller.BeerController                                -
				ADICIONADA CERVEJA:  ID: 7
2021-03-20 17:31:23,888 [http-nio-9000-exec-4        ] [INFO ] com.beerhouse.controller.BeerController                                -
				ADICIONADA CERVEJA:  ID: 8
2021-03-20 17:31:38,412 [SpringContextShutdownHook   ] [INFO ] org.springframework.scheduling.concurrent.ThreadPoolTaskExecutor       -
				Shutting down ExecutorService 'applicationTaskExecutor'
2021-03-20 17:31:38,414 [SpringContextShutdownHook   ] [INFO ] org.springframework.orm.jpa.LocalContainerEntityManagerFactoryBean     -
				Closing JPA EntityManagerFactory for persistence unit 'default'
2021-03-20 17:31:38,415 [SpringContextShutdownHook   ] [INFO ] o.h.tool.schema.internal.SchemaDropperImpl$DelayedDropActionImpl       -
				HHH000477: Starting delayed evictData of schema as part of SessionFactory shut-down'
2021-03-20 17:31:38,713 [SpringContextShutdownHook   ] [INFO ] com.zaxxer.hikari.HikariDataSource                                     -
				HikariPool-1 - Shutdown initiated...
2021-03-20 17:31:38,723 [SpringContextShutdownHook   ] [INFO ] com.zaxxer.hikari.HikariDataSource                                     -
				HikariPool-1 - Shutdown completed.
2021-03-20 17:36:03,912 [restartedMain               ] [INFO ] com.beerhouse.Application                                              -
				Starting Application using Java 1.8.0_261 on cp3900 with PID 103694 (/home/mtuser/craftbeer/target/classes started by mtuser in /home/mtuser/craftbeer)
2021-03-20 17:36:03,915 [restartedMain               ] [DEBUG] com.beerhouse.Application                                              -
				Running with Spring Boot v2.4.4, Spring v5.3.5
2021-03-20 17:36:03,915 [restartedMain               ] [INFO ] com.beerhouse.Application                                              -
				The following profiles are active: dev
2021-03-20 17:36:03,991 [restartedMain               ] [INFO ] o.s.boot.devtools.env.DevToolsPropertyDefaultsPostProcessor            -
				Devtools property defaults active! Set 'spring.devtools.add-properties' to 'false' to disable
2021-03-20 17:36:03,991 [restartedMain               ] [INFO ] o.s.boot.devtools.env.DevToolsPropertyDefaultsPostProcessor            -
				For additional web related logging consider setting the 'logging.level.web' property to 'DEBUG'
2021-03-20 17:36:05,232 [restartedMain               ] [INFO ] o.s.data.repository.config.RepositoryConfigurationDelegate             -
				Bootstrapping Spring Data JPA repositories in DEFAULT mode.
2021-03-20 17:36:05,318 [restartedMain               ] [INFO ] o.s.data.repository.config.RepositoryConfigurationDelegate             -
				Finished Spring Data repository scanning in 72 ms. Found 1 JPA repository interfaces.
2021-03-20 17:36:06,305 [restartedMain               ] [INFO ] org.springframework.boot.web.embedded.tomcat.TomcatWebServer           -
				Tomcat initialized with port(s): 9000 (http)
2021-03-20 17:36:06,325 [restartedMain               ] [INFO ] org.apache.coyote.http11.Http11NioProtocol                             -
				Initializing ProtocolHandler ["http-nio-9000"]
2021-03-20 17:36:06,327 [restartedMain               ] [INFO ] org.apache.catalina.core.StandardService                               -
				Starting service [Tomcat]
2021-03-20 17:36:06,328 [restartedMain               ] [INFO ] org.apache.catalina.core.StandardEngine                                -
				Starting Servlet engine: [Apache Tomcat/9.0.44]
2021-03-20 17:36:06,444 [restartedMain               ] [INFO ] org.apache.catalina.core.ContainerBase.[Tomcat].[localhost].[/]        -
				Initializing Spring embedded WebApplicationContext
2021-03-20 17:36:06,445 [restartedMain               ] [INFO ] o.s.boot.web.servlet.context.ServletWebServerApplicationContext        -
				Root WebApplicationContext: initialization completed in 2453 ms
2021-03-20 17:36:06,541 [restartedMain               ] [INFO ] com.zaxxer.hikari.HikariDataSource                                     -
				HikariPool-1 - Starting...
2021-03-20 17:36:06,901 [restartedMain               ] [INFO ] com.zaxxer.hikari.HikariDataSource                                     -
				HikariPool-1 - Start completed.
2021-03-20 17:36:06,913 [restartedMain               ] [INFO ] org.springframework.boot.autoconfigure.h2.H2ConsoleAutoConfiguration   -
				H2 console available at '/h2'. Database available at 'jdbc:h2:file:~/test'
2021-03-20 17:36:07,178 [restartedMain               ] [INFO ] org.hibernate.jpa.internal.util.LogHelper                              -
				HHH000204: Processing PersistenceUnitInfo [name: default]
2021-03-20 17:36:07,246 [restartedMain               ] [INFO ] org.hibernate.Version                                                  -
				HHH000412: Hibernate ORM core version 5.4.29.Final
2021-03-20 17:36:07,416 [restartedMain               ] [INFO ] org.hibernate.annotations.common.Version                               -
				HCANN000001: Hibernate Commons Annotations {5.1.2.Final}
2021-03-20 17:36:07,610 [restartedMain               ] [INFO ] org.hibernate.dialect.Dialect                                          -
				HHH000400: Using dialect: org.hibernate.dialect.H2Dialect
2021-03-20 17:36:08,352 [restartedMain               ] [INFO ] o.h.engine.transaction.jta.platform.internal.JtaPlatformInitiator      -
				HHH000490: Using JtaPlatform implementation: [org.hibernate.engine.transaction.jta.platform.internal.NoJtaPlatform]
2021-03-20 17:36:08,367 [restartedMain               ] [INFO ] org.springframework.orm.jpa.LocalContainerEntityManagerFactoryBean     -
				Initialized JPA EntityManagerFactory for persistence unit 'default'
2021-03-20 17:36:08,394 [restartedMain               ] [INFO ] o.springframework.boot.devtools.autoconfigure.OptionalLiveReloadServer -
				LiveReload server is running on port 35729
2021-03-20 17:36:09,005 [restartedMain               ] [WARN ] o.s.b.autoconfigure.orm.jpa.JpaBaseConfiguration$JpaWebConfiguration   -
				spring.jpa.open-in-view is enabled by default. Therefore, database queries may be performed during view rendering. Explicitly configure spring.jpa.open-in-view to disable this warning
2021-03-20 17:36:09,173 [restartedMain               ] [INFO ] org.springframework.scheduling.concurrent.ThreadPoolTaskExecutor       -
				Initializing ExecutorService 'applicationTaskExecutor'
2021-03-20 17:36:09,487 [restartedMain               ] [INFO ] org.apache.coyote.http11.Http11NioProtocol                             -
				Starting ProtocolHandler ["http-nio-9000"]
2021-03-20 17:36:09,512 [restartedMain               ] [INFO ] org.springframework.boot.web.embedded.tomcat.TomcatWebServer           -
				Tomcat started on port(s): 9000 (http) with context path ''
2021-03-20 17:36:09,524 [restartedMain               ] [INFO ] com.beerhouse.Application                                              -
				Started Application in 6.339 seconds (JVM running for 7.008)
2021-03-20 17:36:11,866 [http-nio-9000-exec-2        ] [INFO ] org.apache.catalina.core.ContainerBase.[Tomcat].[localhost].[/]        -
				Initializing Spring DispatcherServlet 'dispatcherServlet'
2021-03-20 17:36:11,866 [http-nio-9000-exec-2        ] [INFO ] org.springframework.web.servlet.DispatcherServlet                      -
				Initializing Servlet 'dispatcherServlet'
2021-03-20 17:36:11,871 [http-nio-9000-exec-2        ] [INFO ] org.springframework.web.servlet.DispatcherServlet                      -
				Completed initialization in 4 ms
2021-03-20 17:36:24,532 [http-nio-9000-exec-3        ] [INFO ] com.beerhouse.controller.BeerController                                -
				Find beer: 
2021-03-20 17:36:24,533 [http-nio-9000-exec-3        ] [INFO ] com.beerhouse.controller.BeerController                                -
				Find beer: 
2021-03-20 17:36:24,533 [http-nio-9000-exec-3        ] [INFO ] com.beerhouse.controller.BeerController                                -
				Find beer: 
2021-03-20 17:36:24,533 [http-nio-9000-exec-3        ] [INFO ] com.beerhouse.controller.BeerController                                -
				Find beer: 
2021-03-20 17:36:24,533 [http-nio-9000-exec-3        ] [INFO ] com.beerhouse.controller.BeerController                                -
				Find beer: 
2021-03-20 17:36:41,969 [Thread-6                    ] [INFO ] org.springframework.scheduling.concurrent.ThreadPoolTaskExecutor       -
				Shutting down ExecutorService 'applicationTaskExecutor'
2021-03-20 17:36:41,970 [Thread-6                    ] [INFO ] org.springframework.orm.jpa.LocalContainerEntityManagerFactoryBean     -
				Closing JPA EntityManagerFactory for persistence unit 'default'
2021-03-20 17:36:41,971 [Thread-6                    ] [INFO ] o.h.tool.schema.internal.SchemaDropperImpl$DelayedDropActionImpl       -
				HHH000477: Starting delayed evictData of schema as part of SessionFactory shut-down'
2021-03-20 17:36:41,983 [Thread-6                    ] [INFO ] com.zaxxer.hikari.HikariDataSource                                     -
				HikariPool-1 - Shutdown initiated...
2021-03-20 17:36:42,000 [Thread-6                    ] [INFO ] com.zaxxer.hikari.HikariDataSource                                     -
				HikariPool-1 - Shutdown completed.
2021-03-20 17:36:42,266 [restartedMain               ] [INFO ] com.beerhouse.Application                                              -
				Starting Application using Java 1.8.0_261 on cp3900 with PID 103694 (/home/mtuser/craftbeer/target/classes started by mtuser in /home/mtuser/craftbeer)
2021-03-20 17:36:42,266 [restartedMain               ] [DEBUG] com.beerhouse.Application                                              -
				Running with Spring Boot v2.4.4, Spring v5.3.5
2021-03-20 17:36:42,266 [restartedMain               ] [INFO ] com.beerhouse.Application                                              -
				The following profiles are active: dev
2021-03-20 17:36:42,599 [restartedMain               ] [INFO ] o.s.data.repository.config.RepositoryConfigurationDelegate             -
				Bootstrapping Spring Data JPA repositories in DEFAULT mode.
2021-03-20 17:36:42,609 [restartedMain               ] [INFO ] o.s.data.repository.config.RepositoryConfigurationDelegate             -
				Finished Spring Data repository scanning in 9 ms. Found 1 JPA repository interfaces.
2021-03-20 17:36:42,817 [restartedMain               ] [INFO ] org.springframework.boot.web.embedded.tomcat.TomcatWebServer           -
				Tomcat initialized with port(s): 9000 (http)
2021-03-20 17:36:42,818 [restartedMain               ] [INFO ] org.apache.coyote.http11.Http11NioProtocol                             -
				Initializing ProtocolHandler ["http-nio-9000"]
2021-03-20 17:36:42,819 [restartedMain               ] [INFO ] org.apache.catalina.core.StandardService                               -
				Starting service [Tomcat]
2021-03-20 17:36:42,819 [restartedMain               ] [INFO ] org.apache.catalina.core.StandardEngine                                -
				Starting Servlet engine: [Apache Tomcat/9.0.44]
2021-03-20 17:36:42,826 [restartedMain               ] [INFO ] org.apache.catalina.core.ContainerBase.[Tomcat].[localhost].[/]        -
				Initializing Spring embedded WebApplicationContext
2021-03-20 17:36:42,826 [restartedMain               ] [INFO ] o.s.boot.web.servlet.context.ServletWebServerApplicationContext        -
				Root WebApplicationContext: initialization completed in 556 ms
2021-03-20 17:36:42,862 [restartedMain               ] [INFO ] com.zaxxer.hikari.HikariDataSource                                     -
				HikariPool-2 - Starting...
2021-03-20 17:36:42,884 [restartedMain               ] [INFO ] com.zaxxer.hikari.HikariDataSource                                     -
				HikariPool-2 - Start completed.
2021-03-20 17:36:42,885 [restartedMain               ] [INFO ] org.springframework.boot.autoconfigure.h2.H2ConsoleAutoConfiguration   -
				H2 console available at '/h2'. Database available at 'jdbc:h2:file:~/test'
2021-03-20 17:36:42,942 [restartedMain               ] [INFO ] org.hibernate.jpa.internal.util.LogHelper                              -
				HHH000204: Processing PersistenceUnitInfo [name: default]
2021-03-20 17:36:42,950 [restartedMain               ] [INFO ] org.hibernate.dialect.Dialect                                          -
				HHH000400: Using dialect: org.hibernate.dialect.H2Dialect
2021-03-20 17:36:43,037 [restartedMain               ] [INFO ] o.h.engine.transaction.jta.platform.internal.JtaPlatformInitiator      -
				HHH000490: Using JtaPlatform implementation: [org.hibernate.engine.transaction.jta.platform.internal.NoJtaPlatform]
2021-03-20 17:36:43,038 [restartedMain               ] [INFO ] org.springframework.orm.jpa.LocalContainerEntityManagerFactoryBean     -
				Initialized JPA EntityManagerFactory for persistence unit 'default'
2021-03-20 17:36:43,053 [restartedMain               ] [INFO ] o.springframework.boot.devtools.autoconfigure.OptionalLiveReloadServer -
				LiveReload server is running on port 35729
2021-03-20 17:36:43,217 [restartedMain               ] [WARN ] o.s.b.autoconfigure.orm.jpa.JpaBaseConfiguration$JpaWebConfiguration   -
				spring.jpa.open-in-view is enabled by default. Therefore, database queries may be performed during view rendering. Explicitly configure spring.jpa.open-in-view to disable this warning
2021-03-20 17:36:43,310 [restartedMain               ] [INFO ] org.springframework.scheduling.concurrent.ThreadPoolTaskExecutor       -
				Initializing ExecutorService 'applicationTaskExecutor'
2021-03-20 17:36:43,441 [restartedMain               ] [INFO ] org.apache.coyote.http11.Http11NioProtocol                             -
				Starting ProtocolHandler ["http-nio-9000"]
2021-03-20 17:36:43,446 [restartedMain               ] [INFO ] org.springframework.boot.web.embedded.tomcat.TomcatWebServer           -
				Tomcat started on port(s): 9000 (http) with context path ''
2021-03-20 17:36:43,454 [restartedMain               ] [INFO ] com.beerhouse.Application                                              -
				Started Application in 1.262 seconds (JVM running for 40.939)
2021-03-20 17:36:43,463 [restartedMain               ] [INFO ] o.s.b.devtools.autoconfigure.ConditionEvaluationDeltaLoggingListener   -
				Condition evaluation unchanged
2021-03-20 17:36:45,150 [http-nio-9000-exec-2        ] [INFO ] org.apache.catalina.core.ContainerBase.[Tomcat].[localhost].[/]        -
				Initializing Spring DispatcherServlet 'dispatcherServlet'
2021-03-20 17:36:45,152 [http-nio-9000-exec-2        ] [INFO ] org.springframework.web.servlet.DispatcherServlet                      -
				Initializing Servlet 'dispatcherServlet'
2021-03-20 17:36:45,156 [http-nio-9000-exec-2        ] [INFO ] org.springframework.web.servlet.DispatcherServlet                      -
				Completed initialization in 3 ms
2021-03-20 17:36:45,208 [http-nio-9000-exec-2        ] [INFO ] com.beerhouse.controller.BeerController                                -
				Find beer: 
2021-03-20 17:36:45,209 [http-nio-9000-exec-2        ] [INFO ] com.beerhouse.controller.BeerController                                -
				Find beer: 
2021-03-20 17:36:45,209 [http-nio-9000-exec-2        ] [INFO ] com.beerhouse.controller.BeerController                                -
				Find beer: 
2021-03-20 17:36:45,209 [http-nio-9000-exec-2        ] [INFO ] com.beerhouse.controller.BeerController                                -
				Find beer: 
2021-03-20 17:36:45,209 [http-nio-9000-exec-2        ] [INFO ] com.beerhouse.controller.BeerController                                -
				Find beer: 
2021-03-20 17:36:59,891 [Thread-10                   ] [INFO ] org.springframework.scheduling.concurrent.ThreadPoolTaskExecutor       -
				Shutting down ExecutorService 'applicationTaskExecutor'
2021-03-20 17:36:59,892 [Thread-10                   ] [INFO ] org.springframework.orm.jpa.LocalContainerEntityManagerFactoryBean     -
				Closing JPA EntityManagerFactory for persistence unit 'default'
2021-03-20 17:36:59,894 [Thread-10                   ] [INFO ] o.h.tool.schema.internal.SchemaDropperImpl$DelayedDropActionImpl       -
				HHH000477: Starting delayed evictData of schema as part of SessionFactory shut-down'
2021-03-20 17:36:59,901 [Thread-10                   ] [INFO ] com.zaxxer.hikari.HikariDataSource                                     -
				HikariPool-2 - Shutdown initiated...
2021-03-20 17:36:59,913 [Thread-10                   ] [INFO ] com.zaxxer.hikari.HikariDataSource                                     -
				HikariPool-2 - Shutdown completed.
2021-03-20 17:37:00,127 [restartedMain               ] [INFO ] com.beerhouse.Application                                              -
				Starting Application using Java 1.8.0_261 on cp3900 with PID 103694 (/home/mtuser/craftbeer/target/classes started by mtuser in /home/mtuser/craftbeer)
2021-03-20 17:37:00,128 [restartedMain               ] [DEBUG] com.beerhouse.Application                                              -
				Running with Spring Boot v2.4.4, Spring v5.3.5
2021-03-20 17:37:00,128 [restartedMain               ] [INFO ] com.beerhouse.Application                                              -
				The following profiles are active: dev
2021-03-20 17:37:00,587 [restartedMain               ] [INFO ] o.s.data.repository.config.RepositoryConfigurationDelegate             -
				Bootstrapping Spring Data JPA repositories in DEFAULT mode.
2021-03-20 17:37:00,607 [restartedMain               ] [INFO ] o.s.data.repository.config.RepositoryConfigurationDelegate             -
				Finished Spring Data repository scanning in 18 ms. Found 1 JPA repository interfaces.
2021-03-20 17:37:00,802 [restartedMain               ] [INFO ] org.springframework.boot.web.embedded.tomcat.TomcatWebServer           -
				Tomcat initialized with port(s): 9000 (http)
2021-03-20 17:37:00,803 [restartedMain               ] [INFO ] org.apache.coyote.http11.Http11NioProtocol                             -
				Initializing ProtocolHandler ["http-nio-9000"]
2021-03-20 17:37:00,806 [restartedMain               ] [INFO ] org.apache.catalina.core.StandardService                               -
				Starting service [Tomcat]
2021-03-20 17:37:00,806 [restartedMain               ] [INFO ] org.apache.catalina.core.StandardEngine                                -
				Starting Servlet engine: [Apache Tomcat/9.0.44]
2021-03-20 17:37:00,812 [restartedMain               ] [INFO ] org.apache.catalina.core.ContainerBase.[Tomcat].[localhost].[/]        -
				Initializing Spring embedded WebApplicationContext
2021-03-20 17:37:00,812 [restartedMain               ] [INFO ] o.s.boot.web.servlet.context.ServletWebServerApplicationContext        -
				Root WebApplicationContext: initialization completed in 680 ms
2021-03-20 17:37:00,840 [restartedMain               ] [INFO ] com.zaxxer.hikari.HikariDataSource                                     -
				HikariPool-3 - Starting...
2021-03-20 17:37:00,873 [restartedMain               ] [INFO ] com.zaxxer.hikari.HikariDataSource                                     -
				HikariPool-3 - Start completed.
2021-03-20 17:37:00,874 [restartedMain               ] [INFO ] org.springframework.boot.autoconfigure.h2.H2ConsoleAutoConfiguration   -
				H2 console available at '/h2'. Database available at 'jdbc:h2:file:~/test'
2021-03-20 17:37:01,027 [restartedMain               ] [INFO ] org.hibernate.jpa.internal.util.LogHelper                              -
				HHH000204: Processing PersistenceUnitInfo [name: default]
2021-03-20 17:37:01,042 [restartedMain               ] [INFO ] org.hibernate.dialect.Dialect                                          -
				HHH000400: Using dialect: org.hibernate.dialect.H2Dialect
2021-03-20 17:37:01,120 [restartedMain               ] [INFO ] o.h.engine.transaction.jta.platform.internal.JtaPlatformInitiator      -
				HHH000490: Using JtaPlatform implementation: [org.hibernate.engine.transaction.jta.platform.internal.NoJtaPlatform]
2021-03-20 17:37:01,137 [restartedMain               ] [INFO ] org.springframework.orm.jpa.LocalContainerEntityManagerFactoryBean     -
				Initialized JPA EntityManagerFactory for persistence unit 'default'
2021-03-20 17:37:01,145 [restartedMain               ] [INFO ] o.springframework.boot.devtools.autoconfigure.OptionalLiveReloadServer -
				LiveReload server is running on port 35729
2021-03-20 17:37:01,253 [restartedMain               ] [WARN ] o.s.b.autoconfigure.orm.jpa.JpaBaseConfiguration$JpaWebConfiguration   -
				spring.jpa.open-in-view is enabled by default. Therefore, database queries may be performed during view rendering. Explicitly configure spring.jpa.open-in-view to disable this warning
2021-03-20 17:37:01,293 [restartedMain               ] [INFO ] org.springframework.scheduling.concurrent.ThreadPoolTaskExecutor       -
				Initializing ExecutorService 'applicationTaskExecutor'
2021-03-20 17:37:01,383 [restartedMain               ] [INFO ] org.apache.coyote.http11.Http11NioProtocol                             -
				Starting ProtocolHandler ["http-nio-9000"]
2021-03-20 17:37:01,397 [restartedMain               ] [INFO ] org.springframework.boot.web.embedded.tomcat.TomcatWebServer           -
				Tomcat started on port(s): 9000 (http) with context path ''
2021-03-20 17:37:01,403 [restartedMain               ] [INFO ] com.beerhouse.Application                                              -
				Started Application in 1.347 seconds (JVM running for 58.887)
2021-03-20 17:37:01,405 [restartedMain               ] [INFO ] o.s.b.devtools.autoconfigure.ConditionEvaluationDeltaLoggingListener   -
				Condition evaluation unchanged
2021-03-20 17:37:03,613 [http-nio-9000-exec-1        ] [INFO ] org.apache.catalina.core.ContainerBase.[Tomcat].[localhost].[/]        -
				Initializing Spring DispatcherServlet 'dispatcherServlet'
2021-03-20 17:37:03,615 [http-nio-9000-exec-1        ] [INFO ] org.springframework.web.servlet.DispatcherServlet                      -
				Initializing Servlet 'dispatcherServlet'
2021-03-20 17:37:03,617 [http-nio-9000-exec-1        ] [INFO ] org.springframework.web.servlet.DispatcherServlet                      -
				Completed initialization in 2 ms
2021-03-20 17:37:03,657 [http-nio-9000-exec-1        ] [INFO ] com.beerhouse.controller.BeerController                                -
				Find beer: 1
2021-03-20 17:37:03,657 [http-nio-9000-exec-1        ] [INFO ] com.beerhouse.controller.BeerController                                -
				Find beer: 2
2021-03-20 17:37:03,657 [http-nio-9000-exec-1        ] [INFO ] com.beerhouse.controller.BeerController                                -
				Find beer: 3
2021-03-20 17:37:03,657 [http-nio-9000-exec-1        ] [INFO ] com.beerhouse.controller.BeerController                                -
				Find beer: 4
2021-03-20 17:37:03,657 [http-nio-9000-exec-1        ] [INFO ] com.beerhouse.controller.BeerController                                -
				Find beer: 5
2021-03-20 17:37:50,908 [Thread-15                   ] [INFO ] org.springframework.scheduling.concurrent.ThreadPoolTaskExecutor       -
				Shutting down ExecutorService 'applicationTaskExecutor'
2021-03-20 17:37:50,909 [Thread-15                   ] [INFO ] org.springframework.orm.jpa.LocalContainerEntityManagerFactoryBean     -
				Closing JPA EntityManagerFactory for persistence unit 'default'
2021-03-20 17:37:50,909 [Thread-15                   ] [INFO ] o.h.tool.schema.internal.SchemaDropperImpl$DelayedDropActionImpl       -
				HHH000477: Starting delayed evictData of schema as part of SessionFactory shut-down'
2021-03-20 17:37:50,916 [Thread-15                   ] [INFO ] com.zaxxer.hikari.HikariDataSource                                     -
				HikariPool-3 - Shutdown initiated...
2021-03-20 17:37:50,934 [Thread-15                   ] [INFO ] com.zaxxer.hikari.HikariDataSource                                     -
				HikariPool-3 - Shutdown completed.
2021-03-20 17:37:51,225 [restartedMain               ] [INFO ] com.beerhouse.Application                                              -
				Starting Application using Java 1.8.0_261 on cp3900 with PID 103694 (/home/mtuser/craftbeer/target/classes started by mtuser in /home/mtuser/craftbeer)
2021-03-20 17:37:51,227 [restartedMain               ] [DEBUG] com.beerhouse.Application                                              -
				Running with Spring Boot v2.4.4, Spring v5.3.5
2021-03-20 17:37:51,229 [restartedMain               ] [INFO ] com.beerhouse.Application                                              -
				The following profiles are active: dev
2021-03-20 17:37:51,489 [restartedMain               ] [INFO ] o.s.data.repository.config.RepositoryConfigurationDelegate             -
				Bootstrapping Spring Data JPA repositories in DEFAULT mode.
2021-03-20 17:37:51,500 [restartedMain               ] [INFO ] o.s.data.repository.config.RepositoryConfigurationDelegate             -
				Finished Spring Data repository scanning in 9 ms. Found 1 JPA repository interfaces.
2021-03-20 17:37:51,655 [restartedMain               ] [INFO ] org.springframework.boot.web.embedded.tomcat.TomcatWebServer           -
				Tomcat initialized with port(s): 9000 (http)
2021-03-20 17:37:51,657 [restartedMain               ] [INFO ] org.apache.coyote.http11.Http11NioProtocol                             -
				Initializing ProtocolHandler ["http-nio-9000"]
2021-03-20 17:37:51,658 [restartedMain               ] [INFO ] org.apache.catalina.core.StandardService                               -
				Starting service [Tomcat]
2021-03-20 17:37:51,658 [restartedMain               ] [INFO ] org.apache.catalina.core.StandardEngine                                -
				Starting Servlet engine: [Apache Tomcat/9.0.44]
2021-03-20 17:37:51,681 [restartedMain               ] [INFO ] org.apache.catalina.core.ContainerBase.[Tomcat].[localhost].[/]        -
				Initializing Spring embedded WebApplicationContext
2021-03-20 17:37:51,681 [restartedMain               ] [INFO ] o.s.boot.web.servlet.context.ServletWebServerApplicationContext        -
				Root WebApplicationContext: initialization completed in 448 ms
2021-03-20 17:37:51,715 [restartedMain               ] [INFO ] com.zaxxer.hikari.HikariDataSource                                     -
				HikariPool-4 - Starting...
2021-03-20 17:37:51,733 [restartedMain               ] [INFO ] com.zaxxer.hikari.HikariDataSource                                     -
				HikariPool-4 - Start completed.
2021-03-20 17:37:51,734 [restartedMain               ] [INFO ] org.springframework.boot.autoconfigure.h2.H2ConsoleAutoConfiguration   -
				H2 console available at '/h2'. Database available at 'jdbc:h2:file:~/test'
2021-03-20 17:37:51,784 [restartedMain               ] [INFO ] org.hibernate.jpa.internal.util.LogHelper                              -
				HHH000204: Processing PersistenceUnitInfo [name: default]
2021-03-20 17:37:51,788 [restartedMain               ] [INFO ] org.hibernate.dialect.Dialect                                          -
				HHH000400: Using dialect: org.hibernate.dialect.H2Dialect
2021-03-20 17:37:51,825 [restartedMain               ] [INFO ] o.h.engine.transaction.jta.platform.internal.JtaPlatformInitiator      -
				HHH000490: Using JtaPlatform implementation: [org.hibernate.engine.transaction.jta.platform.internal.NoJtaPlatform]
2021-03-20 17:37:51,825 [restartedMain               ] [INFO ] org.springframework.orm.jpa.LocalContainerEntityManagerFactoryBean     -
				Initialized JPA EntityManagerFactory for persistence unit 'default'
2021-03-20 17:37:51,833 [restartedMain               ] [INFO ] o.springframework.boot.devtools.autoconfigure.OptionalLiveReloadServer -
				LiveReload server is running on port 35729
2021-03-20 17:37:51,935 [restartedMain               ] [WARN ] o.s.b.autoconfigure.orm.jpa.JpaBaseConfiguration$JpaWebConfiguration   -
				spring.jpa.open-in-view is enabled by default. Therefore, database queries may be performed during view rendering. Explicitly configure spring.jpa.open-in-view to disable this warning
2021-03-20 17:37:51,987 [restartedMain               ] [INFO ] org.springframework.scheduling.concurrent.ThreadPoolTaskExecutor       -
				Initializing ExecutorService 'applicationTaskExecutor'
2021-03-20 17:37:52,083 [restartedMain               ] [INFO ] org.apache.coyote.http11.Http11NioProtocol                             -
				Starting ProtocolHandler ["http-nio-9000"]
2021-03-20 17:37:52,085 [restartedMain               ] [INFO ] org.springframework.boot.web.embedded.tomcat.TomcatWebServer           -
				Tomcat started on port(s): 9000 (http) with context path ''
2021-03-20 17:37:52,091 [restartedMain               ] [INFO ] com.beerhouse.Application                                              -
				Started Application in 0.945 seconds (JVM running for 109.576)
2021-03-20 17:37:52,094 [restartedMain               ] [INFO ] o.s.b.devtools.autoconfigure.ConditionEvaluationDeltaLoggingListener   -
				Condition evaluation unchanged
2021-03-20 17:51:47,989 [Thread-20                   ] [INFO ] org.springframework.scheduling.concurrent.ThreadPoolTaskExecutor       -
				Shutting down ExecutorService 'applicationTaskExecutor'
2021-03-20 17:51:47,990 [Thread-20                   ] [INFO ] org.springframework.orm.jpa.LocalContainerEntityManagerFactoryBean     -
				Closing JPA EntityManagerFactory for persistence unit 'default'
2021-03-20 17:51:47,990 [Thread-20                   ] [INFO ] o.h.tool.schema.internal.SchemaDropperImpl$DelayedDropActionImpl       -
				HHH000477: Starting delayed evictData of schema as part of SessionFactory shut-down'
2021-03-20 17:51:47,992 [Thread-20                   ] [INFO ] com.zaxxer.hikari.HikariDataSource                                     -
				HikariPool-4 - Shutdown initiated...
2021-03-20 17:51:48,009 [Thread-20                   ] [INFO ] com.zaxxer.hikari.HikariDataSource                                     -
				HikariPool-4 - Shutdown completed.
2021-03-20 17:51:51,216 [restartedMain               ] [INFO ] com.beerhouse.Application                                              -
				Starting Application using Java 1.8.0_261 on cp3900 with PID 103694 (/home/mtuser/craftbeer/target/classes started by mtuser in /home/mtuser/craftbeer)
2021-03-20 17:51:51,217 [restartedMain               ] [DEBUG] com.beerhouse.Application                                              -
				Running with Spring Boot v2.4.4, Spring v5.3.5
2021-03-20 17:51:51,217 [restartedMain               ] [INFO ] com.beerhouse.Application                                              -
				The following profiles are active: dev
2021-03-20 17:51:51,443 [restartedMain               ] [INFO ] o.s.data.repository.config.RepositoryConfigurationDelegate             -
				Bootstrapping Spring Data JPA repositories in DEFAULT mode.
2021-03-20 17:51:51,450 [restartedMain               ] [INFO ] o.s.data.repository.config.RepositoryConfigurationDelegate             -
				Finished Spring Data repository scanning in 7 ms. Found 1 JPA repository interfaces.
2021-03-20 17:51:51,549 [restartedMain               ] [INFO ] org.springframework.boot.web.embedded.tomcat.TomcatWebServer           -
				Tomcat initialized with port(s): 9000 (http)
2021-03-20 17:51:51,551 [restartedMain               ] [INFO ] org.apache.catalina.core.StandardService                               -
				Starting service [Tomcat]
2021-03-20 17:51:51,551 [restartedMain               ] [INFO ] org.apache.catalina.core.StandardEngine                                -
				Starting Servlet engine: [Apache Tomcat/9.0.44]
2021-03-20 17:51:51,558 [restartedMain               ] [INFO ] org.apache.catalina.core.ContainerBase.[Tomcat].[localhost].[/]        -
				Initializing Spring embedded WebApplicationContext
2021-03-20 17:51:51,558 [restartedMain               ] [INFO ] o.s.boot.web.servlet.context.ServletWebServerApplicationContext        -
				Root WebApplicationContext: initialization completed in 337 ms
2021-03-20 17:51:51,576 [restartedMain               ] [INFO ] com.zaxxer.hikari.HikariDataSource                                     -
				HikariPool-6 - Starting...
2021-03-20 17:51:51,594 [restartedMain               ] [INFO ] com.zaxxer.hikari.HikariDataSource                                     -
				HikariPool-6 - Start completed.
2021-03-20 17:51:51,594 [restartedMain               ] [INFO ] org.springframework.boot.autoconfigure.h2.H2ConsoleAutoConfiguration   -
				H2 console available at '/h2'. Database available at 'jdbc:h2:file:~/test'
2021-03-20 17:51:51,625 [restartedMain               ] [INFO ] org.hibernate.jpa.internal.util.LogHelper                              -
				HHH000204: Processing PersistenceUnitInfo [name: default]
2021-03-20 17:51:51,630 [restartedMain               ] [INFO ] org.hibernate.dialect.Dialect                                          -
				HHH000400: Using dialect: org.hibernate.dialect.H2Dialect
2021-03-20 17:51:51,673 [restartedMain               ] [INFO ] o.h.engine.transaction.jta.platform.internal.JtaPlatformInitiator      -
				HHH000490: Using JtaPlatform implementation: [org.hibernate.engine.transaction.jta.platform.internal.NoJtaPlatform]
2021-03-20 17:51:51,673 [restartedMain               ] [INFO ] org.springframework.orm.jpa.LocalContainerEntityManagerFactoryBean     -
				Initialized JPA EntityManagerFactory for persistence unit 'default'
2021-03-20 17:51:51,679 [restartedMain               ] [INFO ] o.springframework.boot.devtools.autoconfigure.OptionalLiveReloadServer -
				LiveReload server is running on port 35729
2021-03-20 17:51:51,761 [restartedMain               ] [WARN ] o.s.b.autoconfigure.orm.jpa.JpaBaseConfiguration$JpaWebConfiguration   -
				spring.jpa.open-in-view is enabled by default. Therefore, database queries may be performed during view rendering. Explicitly configure spring.jpa.open-in-view to disable this warning
2021-03-20 17:51:51,795 [restartedMain               ] [INFO ] org.springframework.scheduling.concurrent.ThreadPoolTaskExecutor       -
				Initializing ExecutorService 'applicationTaskExecutor'
2021-03-20 17:51:51,877 [restartedMain               ] [INFO ] org.springframework.boot.web.embedded.tomcat.TomcatWebServer           -
				Tomcat started on port(s): 9000 (http) with context path ''
2021-03-20 17:51:51,883 [restartedMain               ] [INFO ] com.beerhouse.Application                                              -
				Started Application in 0.769 seconds (JVM running for 949.368)
2021-03-20 17:51:51,888 [restartedMain               ] [INFO ] o.s.b.devtools.autoconfigure.ConditionEvaluationDeltaLoggingListener   -
				Condition evaluation unchanged
2021-03-20 17:51:51,904 [SpringContextShutdownHook   ] [INFO ] org.springframework.scheduling.concurrent.ThreadPoolTaskExecutor       -
				Shutting down ExecutorService 'applicationTaskExecutor'
2021-03-20 17:51:51,906 [SpringContextShutdownHook   ] [INFO ] org.springframework.orm.jpa.LocalContainerEntityManagerFactoryBean     -
				Closing JPA EntityManagerFactory for persistence unit 'default'
2021-03-20 17:51:51,906 [SpringContextShutdownHook   ] [INFO ] o.h.tool.schema.internal.SchemaDropperImpl$DelayedDropActionImpl       -
				HHH000477: Starting delayed evictData of schema as part of SessionFactory shut-down'
2021-03-20 17:51:51,913 [SpringContextShutdownHook   ] [WARN ] org.hibernate.engine.jdbc.spi.SqlExceptionHelper                       -
				SQL Error: 90121, SQLState: 90121
2021-03-20 17:51:51,913 [SpringContextShutdownHook   ] [ERROR] org.hibernate.engine.jdbc.spi.SqlExceptionHelper                       -
				Database is already closed (to disable automatic closing at VM shutdown, add ";DB_CLOSE_ON_EXIT=FALSE" to the db URL) [90121-200]
2021-03-20 17:51:51,917 [SpringContextShutdownHook   ] [WARN ] org.hibernate.engine.jdbc.spi.SqlExceptionHelper                       -
				SQL Error: 90121, SQLState: 90121
2021-03-20 17:51:51,917 [SpringContextShutdownHook   ] [ERROR] org.hibernate.engine.jdbc.spi.SqlExceptionHelper                       -
				Database is already closed (to disable automatic closing at VM shutdown, add ";DB_CLOSE_ON_EXIT=FALSE" to the db URL) [90121-200]
2021-03-20 17:51:51,917 [SpringContextShutdownHook   ] [WARN ] org.springframework.beans.factory.support.DisposableBeanAdapter        -
				Invocation of destroy method failed on bean with name 'entityManagerFactory': org.hibernate.exception.JDBCConnectionException: Unable to release JDBC Connection used for DDL execution
2021-03-20 17:51:51,918 [SpringContextShutdownHook   ] [INFO ] com.zaxxer.hikari.HikariDataSource                                     -
				HikariPool-6 - Shutdown initiated...
2021-03-20 17:51:51,928 [SpringContextShutdownHook   ] [INFO ] com.zaxxer.hikari.HikariDataSource                                     -
				HikariPool-6 - Shutdown completed.
2021-03-20 17:52:31,284 [background-preinit          ] [INFO ] org.hibernate.validator.internal.util.Version                          -
				HV000001: Hibernate Validator 6.1.7.Final
2021-03-20 17:52:31,296 [restartedMain               ] [INFO ] com.beerhouse.Application                                              -
				Starting Application using Java 1.8.0_261 on cp3900 with PID 108604 (/home/mtuser/craftbeer/target/classes started by mtuser in /home/mtuser/craftbeer)
2021-03-20 17:52:31,296 [restartedMain               ] [DEBUG] com.beerhouse.Application                                              -
				Running with Spring Boot v2.4.4, Spring v5.3.5
2021-03-20 17:52:31,297 [restartedMain               ] [INFO ] com.beerhouse.Application                                              -
				The following profiles are active: dev
2021-03-20 17:52:31,366 [restartedMain               ] [INFO ] o.s.boot.devtools.env.DevToolsPropertyDefaultsPostProcessor            -
				Devtools property defaults active! Set 'spring.devtools.add-properties' to 'false' to disable
2021-03-20 17:52:31,366 [restartedMain               ] [INFO ] o.s.boot.devtools.env.DevToolsPropertyDefaultsPostProcessor            -
				For additional web related logging consider setting the 'logging.level.web' property to 'DEBUG'
2021-03-20 17:52:32,519 [restartedMain               ] [INFO ] o.s.data.repository.config.RepositoryConfigurationDelegate             -
				Bootstrapping Spring Data JPA repositories in DEFAULT mode.
2021-03-20 17:52:32,597 [restartedMain               ] [INFO ] o.s.data.repository.config.RepositoryConfigurationDelegate             -
				Finished Spring Data repository scanning in 60 ms. Found 1 JPA repository interfaces.
2021-03-20 17:52:33,440 [restartedMain               ] [INFO ] org.springframework.boot.web.embedded.tomcat.TomcatWebServer           -
				Tomcat initialized with port(s): 9000 (http)
2021-03-20 17:52:33,453 [restartedMain               ] [INFO ] org.apache.coyote.http11.Http11NioProtocol                             -
				Initializing ProtocolHandler ["http-nio-9000"]
2021-03-20 17:52:33,454 [restartedMain               ] [INFO ] org.apache.catalina.core.StandardService                               -
				Starting service [Tomcat]
2021-03-20 17:52:33,455 [restartedMain               ] [INFO ] org.apache.catalina.core.StandardEngine                                -
				Starting Servlet engine: [Apache Tomcat/9.0.44]
2021-03-20 17:52:33,591 [restartedMain               ] [INFO ] org.apache.catalina.core.ContainerBase.[Tomcat].[localhost].[/]        -
				Initializing Spring embedded WebApplicationContext
2021-03-20 17:52:33,591 [restartedMain               ] [INFO ] o.s.boot.web.servlet.context.ServletWebServerApplicationContext        -
				Root WebApplicationContext: initialization completed in 2224 ms
2021-03-20 17:52:33,659 [restartedMain               ] [INFO ] com.zaxxer.hikari.HikariDataSource                                     -
				HikariPool-1 - Starting...
2021-03-20 17:52:33,892 [restartedMain               ] [INFO ] com.zaxxer.hikari.HikariDataSource                                     -
				HikariPool-1 - Start completed.
2021-03-20 17:52:33,899 [restartedMain               ] [INFO ] org.springframework.boot.autoconfigure.h2.H2ConsoleAutoConfiguration   -
				H2 console available at '/h2'. Database available at 'jdbc:h2:file:~/test'
2021-03-20 17:52:34,043 [restartedMain               ] [INFO ] org.hibernate.jpa.internal.util.LogHelper                              -
				HHH000204: Processing PersistenceUnitInfo [name: default]
2021-03-20 17:52:34,092 [restartedMain               ] [INFO ] org.hibernate.Version                                                  -
				HHH000412: Hibernate ORM core version 5.4.29.Final
2021-03-20 17:52:34,226 [restartedMain               ] [INFO ] org.hibernate.annotations.common.Version                               -
				HCANN000001: Hibernate Commons Annotations {5.1.2.Final}
2021-03-20 17:52:34,366 [restartedMain               ] [INFO ] org.hibernate.dialect.Dialect                                          -
				HHH000400: Using dialect: org.hibernate.dialect.H2Dialect
2021-03-20 17:52:35,163 [restartedMain               ] [INFO ] o.h.engine.transaction.jta.platform.internal.JtaPlatformInitiator      -
				HHH000490: Using JtaPlatform implementation: [org.hibernate.engine.transaction.jta.platform.internal.NoJtaPlatform]
2021-03-20 17:52:35,172 [restartedMain               ] [INFO ] org.springframework.orm.jpa.LocalContainerEntityManagerFactoryBean     -
				Initialized JPA EntityManagerFactory for persistence unit 'default'
2021-03-20 17:52:35,190 [restartedMain               ] [INFO ] o.springframework.boot.devtools.autoconfigure.OptionalLiveReloadServer -
				LiveReload server is running on port 35729
2021-03-20 17:52:35,681 [restartedMain               ] [WARN ] o.s.b.autoconfigure.orm.jpa.JpaBaseConfiguration$JpaWebConfiguration   -
				spring.jpa.open-in-view is enabled by default. Therefore, database queries may be performed during view rendering. Explicitly configure spring.jpa.open-in-view to disable this warning
2021-03-20 17:52:35,833 [restartedMain               ] [INFO ] org.springframework.scheduling.concurrent.ThreadPoolTaskExecutor       -
				Initializing ExecutorService 'applicationTaskExecutor'
2021-03-20 17:52:36,352 [restartedMain               ] [INFO ] org.apache.coyote.http11.Http11NioProtocol                             -
				Starting ProtocolHandler ["http-nio-9000"]
2021-03-20 17:52:36,409 [restartedMain               ] [INFO ] org.springframework.boot.web.embedded.tomcat.TomcatWebServer           -
				Tomcat started on port(s): 9000 (http) with context path ''
2021-03-20 17:52:36,424 [restartedMain               ] [INFO ] com.beerhouse.Application                                              -
				Started Application in 5.604 seconds (JVM running for 6.191)
2021-03-20 17:52:47,708 [http-nio-9000-exec-1        ] [INFO ] org.apache.catalina.core.ContainerBase.[Tomcat].[localhost].[/]        -
				Initializing Spring DispatcherServlet 'dispatcherServlet'
2021-03-20 17:52:47,708 [http-nio-9000-exec-1        ] [INFO ] org.springframework.web.servlet.DispatcherServlet                      -
				Initializing Servlet 'dispatcherServlet'
2021-03-20 17:52:47,710 [http-nio-9000-exec-1        ] [INFO ] org.springframework.web.servlet.DispatcherServlet                      -
				Completed initialization in 2 ms
2021-03-20 17:52:48,064 [http-nio-9000-exec-1        ] [INFO ] com.beerhouse.controller.BeerController                                -
				Find beer: 3
2021-03-20 17:52:48,066 [http-nio-9000-exec-1        ] [INFO ] com.beerhouse.controller.BeerController                                -
				Find beer: 4
2021-03-20 17:52:48,065 [ForkJoinPool.commonPool-work] [INFO ] com.beerhouse.controller.BeerController                                -
				Find beer: 2
2021-03-20 17:52:48,065 [ForkJoinPool.commonPool-work] [INFO ] com.beerhouse.controller.BeerController                                -
				Find beer: 5
2021-03-20 17:52:48,065 [ForkJoinPool.commonPool-work] [INFO ] com.beerhouse.controller.BeerController                                -
				Find beer: 1
2021-03-20 17:53:12,300 [http-nio-9000-exec-4        ] [ERROR] o.a.c.core.ContainerBase.[Tomcat].[localhost].[/].[dispatcherServlet]  -
				Servlet.service() for servlet [dispatcherServlet] in context with path [] threw exception [Request processing failed; nested exception is javax.validation.UnexpectedTypeException: HV000030: No validator could be found for constraint 'javax.validation.constraints.NotEmpty' validating type 'java.math.BigDecimal'. Check configuration for 'price'] with root cause
javax.validation.UnexpectedTypeException: HV000030: No validator could be found for constraint 'javax.validation.constraints.NotEmpty' validating type 'java.math.BigDecimal'. Check configuration for 'price'
	at org.hibernate.validator.internal.engine.constraintvalidation.ConstraintTree.getExceptionForNullValidator(ConstraintTree.java:116)
	at org.hibernate.validator.internal.engine.constraintvalidation.ConstraintTree.getInitializedConstraintValidator(ConstraintTree.java:162)
	at org.hibernate.validator.internal.engine.constraintvalidation.SimpleConstraintTree.validateConstraints(SimpleConstraintTree.java:54)
	at org.hibernate.validator.internal.engine.constraintvalidation.ConstraintTree.validateConstraints(ConstraintTree.java:75)
	at org.hibernate.validator.internal.metadata.core.MetaConstraint.doValidateConstraint(MetaConstraint.java:130)
	at org.hibernate.validator.internal.metadata.core.MetaConstraint.validateConstraint(MetaConstraint.java:123)
	at org.hibernate.validator.internal.engine.ValidatorImpl.validateMetaConstraint(ValidatorImpl.java:555)
	at org.hibernate.validator.internal.engine.ValidatorImpl.validateConstraintsForSingleDefaultGroupElement(ValidatorImpl.java:518)
	at org.hibernate.validator.internal.engine.ValidatorImpl.validateConstraintsForDefaultGroup(ValidatorImpl.java:488)
	at org.hibernate.validator.internal.engine.ValidatorImpl.validateConstraintsForCurrentGroup(ValidatorImpl.java:450)
	at org.hibernate.validator.internal.engine.ValidatorImpl.validateInContext(ValidatorImpl.java:400)
	at org.hibernate.validator.internal.engine.ValidatorImpl.validate(ValidatorImpl.java:172)
	at org.springframework.validation.beanvalidation.SpringValidatorAdapter.validate(SpringValidatorAdapter.java:117)
	at org.springframework.boot.autoconfigure.validation.ValidatorAdapter.validate(ValidatorAdapter.java:70)
	at org.springframework.validation.DataBinder.validate(DataBinder.java:892)
	at org.springframework.web.servlet.mvc.method.annotation.AbstractMessageConverterMethodArgumentResolver.validateIfApplicable(AbstractMessageConverterMethodArgumentResolver.java:248)
	at org.springframework.web.servlet.mvc.method.annotation.RequestResponseBodyMethodProcessor.resolveArgument(RequestResponseBodyMethodProcessor.java:137)
	at org.springframework.web.method.support.HandlerMethodArgumentResolverComposite.resolveArgument(HandlerMethodArgumentResolverComposite.java:121)
	at org.springframework.web.method.support.InvocableHandlerMethod.getMethodArgumentValues(InvocableHandlerMethod.java:170)
	at org.springframework.web.method.support.InvocableHandlerMethod.invokeForRequest(InvocableHandlerMethod.java:137)
	at org.springframework.web.servlet.mvc.method.annotation.ServletInvocableHandlerMethod.invokeAndHandle(ServletInvocableHandlerMethod.java:106)
	at org.springframework.web.servlet.mvc.method.annotation.RequestMappingHandlerAdapter.invokeHandlerMethod(RequestMappingHandlerAdapter.java:894)
	at org.springframework.web.servlet.mvc.method.annotation.RequestMappingHandlerAdapter.handleInternal(RequestMappingHandlerAdapter.java:808)
	at org.springframework.web.servlet.mvc.method.AbstractHandlerMethodAdapter.handle(AbstractHandlerMethodAdapter.java:87)
	at org.springframework.web.servlet.DispatcherServlet.doDispatch(DispatcherServlet.java:1060)
	at org.springframework.web.servlet.DispatcherServlet.doService(DispatcherServlet.java:962)
	at org.springframework.web.servlet.FrameworkServlet.processRequest(FrameworkServlet.java:1006)
	at org.springframework.web.servlet.FrameworkServlet.doPost(FrameworkServlet.java:909)
	at javax.servlet.http.HttpServlet.service(HttpServlet.java:652)
	at org.springframework.web.servlet.FrameworkServlet.service(FrameworkServlet.java:883)
	at javax.servlet.http.HttpServlet.service(HttpServlet.java:733)
	at org.apache.catalina.core.ApplicationFilterChain.internalDoFilter(ApplicationFilterChain.java:227)
	at org.apache.catalina.core.ApplicationFilterChain.doFilter(ApplicationFilterChain.java:162)
	at org.apache.tomcat.websocket.server.WsFilter.doFilter(WsFilter.java:53)
	at org.apache.catalina.core.ApplicationFilterChain.internalDoFilter(ApplicationFilterChain.java:189)
	at org.apache.catalina.core.ApplicationFilterChain.doFilter(ApplicationFilterChain.java:162)
	at org.springframework.web.filter.RequestContextFilter.doFilterInternal(RequestContextFilter.java:100)
	at org.springframework.web.filter.OncePerRequestFilter.doFilter(OncePerRequestFilter.java:119)
	at org.apache.catalina.core.ApplicationFilterChain.internalDoFilter(ApplicationFilterChain.java:189)
	at org.apache.catalina.core.ApplicationFilterChain.doFilter(ApplicationFilterChain.java:162)
	at org.springframework.web.filter.FormContentFilter.doFilterInternal(FormContentFilter.java:93)
	at org.springframework.web.filter.OncePerRequestFilter.doFilter(OncePerRequestFilter.java:119)
	at org.apache.catalina.core.ApplicationFilterChain.internalDoFilter(ApplicationFilterChain.java:189)
	at org.apache.catalina.core.ApplicationFilterChain.doFilter(ApplicationFilterChain.java:162)
	at org.springframework.web.filter.CharacterEncodingFilter.doFilterInternal(CharacterEncodingFilter.java:201)
	at org.springframework.web.filter.OncePerRequestFilter.doFilter(OncePerRequestFilter.java:119)
	at org.apache.catalina.core.ApplicationFilterChain.internalDoFilter(ApplicationFilterChain.java:189)
	at org.apache.catalina.core.ApplicationFilterChain.doFilter(ApplicationFilterChain.java:162)
	at org.apache.catalina.core.StandardWrapperValve.invoke(StandardWrapperValve.java:202)
	at org.apache.catalina.core.StandardContextValve.invoke(StandardContextValve.java:97)
	at org.apache.catalina.authenticator.AuthenticatorBase.invoke(AuthenticatorBase.java:542)
	at org.apache.catalina.core.StandardHostValve.invoke(StandardHostValve.java:143)
	at org.apache.catalina.valves.ErrorReportValve.invoke(ErrorReportValve.java:92)
	at org.apache.catalina.core.StandardEngineValve.invoke(StandardEngineValve.java:78)
	at org.apache.catalina.connector.CoyoteAdapter.service(CoyoteAdapter.java:357)
	at org.apache.coyote.http11.Http11Processor.service(Http11Processor.java:374)
	at org.apache.coyote.AbstractProcessorLight.process(AbstractProcessorLight.java:65)
	at org.apache.coyote.AbstractProtocol$ConnectionHandler.process(AbstractProtocol.java:893)
	at org.apache.tomcat.util.net.NioEndpoint$SocketProcessor.doRun(NioEndpoint.java:1707)
	at org.apache.tomcat.util.net.SocketProcessorBase.run(SocketProcessorBase.java:49)
	at java.util.concurrent.ThreadPoolExecutor.runWorker(ThreadPoolExecutor.java:1149)
	at java.util.concurrent.ThreadPoolExecutor$Worker.run(ThreadPoolExecutor.java:624)
	at org.apache.tomcat.util.threads.TaskThread$WrappingRunnable.run(TaskThread.java:61)
	at java.lang.Thread.run(Thread.java:748)
2021-03-20 17:55:27,091 [Thread-6                    ] [INFO ] org.springframework.scheduling.concurrent.ThreadPoolTaskExecutor       -
				Shutting down ExecutorService 'applicationTaskExecutor'
2021-03-20 17:55:27,093 [Thread-6                    ] [INFO ] org.springframework.orm.jpa.LocalContainerEntityManagerFactoryBean     -
				Closing JPA EntityManagerFactory for persistence unit 'default'
2021-03-20 17:55:27,093 [Thread-6                    ] [INFO ] o.h.tool.schema.internal.SchemaDropperImpl$DelayedDropActionImpl       -
				HHH000477: Starting delayed evictData of schema as part of SessionFactory shut-down'
2021-03-20 17:55:27,101 [Thread-6                    ] [INFO ] com.zaxxer.hikari.HikariDataSource                                     -
				HikariPool-1 - Shutdown initiated...
2021-03-20 17:55:27,118 [Thread-6                    ] [INFO ] com.zaxxer.hikari.HikariDataSource                                     -
				HikariPool-1 - Shutdown completed.
2021-03-20 17:55:27,371 [restartedMain               ] [INFO ] com.beerhouse.Application                                              -
				Starting Application using Java 1.8.0_261 on cp3900 with PID 108604 (/home/mtuser/craftbeer/target/classes started by mtuser in /home/mtuser/craftbeer)
2021-03-20 17:55:27,371 [restartedMain               ] [DEBUG] com.beerhouse.Application                                              -
				Running with Spring Boot v2.4.4, Spring v5.3.5
2021-03-20 17:55:27,372 [restartedMain               ] [INFO ] com.beerhouse.Application                                              -
				The following profiles are active: dev
2021-03-20 17:55:27,653 [restartedMain               ] [INFO ] o.s.data.repository.config.RepositoryConfigurationDelegate             -
				Bootstrapping Spring Data JPA repositories in DEFAULT mode.
2021-03-20 17:55:27,662 [restartedMain               ] [INFO ] o.s.data.repository.config.RepositoryConfigurationDelegate             -
				Finished Spring Data repository scanning in 8 ms. Found 1 JPA repository interfaces.
2021-03-20 17:55:27,840 [restartedMain               ] [INFO ] org.springframework.boot.web.embedded.tomcat.TomcatWebServer           -
				Tomcat initialized with port(s): 9000 (http)
2021-03-20 17:55:27,841 [restartedMain               ] [INFO ] org.apache.coyote.http11.Http11NioProtocol                             -
				Initializing ProtocolHandler ["http-nio-9000"]
2021-03-20 17:55:27,842 [restartedMain               ] [INFO ] org.apache.catalina.core.StandardService                               -
				Starting service [Tomcat]
2021-03-20 17:55:27,842 [restartedMain               ] [INFO ] org.apache.catalina.core.StandardEngine                                -
				Starting Servlet engine: [Apache Tomcat/9.0.44]
2021-03-20 17:55:27,854 [restartedMain               ] [INFO ] org.apache.catalina.core.ContainerBase.[Tomcat].[localhost].[/]        -
				Initializing Spring embedded WebApplicationContext
2021-03-20 17:55:27,854 [restartedMain               ] [INFO ] o.s.boot.web.servlet.context.ServletWebServerApplicationContext        -
				Root WebApplicationContext: initialization completed in 475 ms
2021-03-20 17:55:27,915 [restartedMain               ] [INFO ] com.zaxxer.hikari.HikariDataSource                                     -
				HikariPool-2 - Starting...
2021-03-20 17:55:27,924 [restartedMain               ] [INFO ] com.zaxxer.hikari.HikariDataSource                                     -
				HikariPool-2 - Start completed.
2021-03-20 17:55:27,924 [restartedMain               ] [INFO ] org.springframework.boot.autoconfigure.h2.H2ConsoleAutoConfiguration   -
				H2 console available at '/h2'. Database available at 'jdbc:h2:file:~/test'
2021-03-20 17:55:27,963 [restartedMain               ] [INFO ] org.hibernate.jpa.internal.util.LogHelper                              -
				HHH000204: Processing PersistenceUnitInfo [name: default]
2021-03-20 17:55:27,968 [restartedMain               ] [INFO ] org.hibernate.dialect.Dialect                                          -
				HHH000400: Using dialect: org.hibernate.dialect.H2Dialect
2021-03-20 17:55:28,019 [restartedMain               ] [INFO ] o.h.engine.transaction.jta.platform.internal.JtaPlatformInitiator      -
				HHH000490: Using JtaPlatform implementation: [org.hibernate.engine.transaction.jta.platform.internal.NoJtaPlatform]
2021-03-20 17:55:28,019 [restartedMain               ] [INFO ] org.springframework.orm.jpa.LocalContainerEntityManagerFactoryBean     -
				Initialized JPA EntityManagerFactory for persistence unit 'default'
2021-03-20 17:55:28,038 [restartedMain               ] [INFO ] o.springframework.boot.devtools.autoconfigure.OptionalLiveReloadServer -
				LiveReload server is running on port 35729
2021-03-20 17:55:28,173 [restartedMain               ] [WARN ] o.s.b.autoconfigure.orm.jpa.JpaBaseConfiguration$JpaWebConfiguration   -
				spring.jpa.open-in-view is enabled by default. Therefore, database queries may be performed during view rendering. Explicitly configure spring.jpa.open-in-view to disable this warning
2021-03-20 17:55:28,221 [restartedMain               ] [INFO ] org.springframework.scheduling.concurrent.ThreadPoolTaskExecutor       -
				Initializing ExecutorService 'applicationTaskExecutor'
2021-03-20 17:55:28,317 [restartedMain               ] [INFO ] org.apache.coyote.http11.Http11NioProtocol                             -
				Starting ProtocolHandler ["http-nio-9000"]
2021-03-20 17:55:28,326 [restartedMain               ] [INFO ] org.springframework.boot.web.embedded.tomcat.TomcatWebServer           -
				Tomcat started on port(s): 9000 (http) with context path ''
2021-03-20 17:55:28,332 [restartedMain               ] [INFO ] com.beerhouse.Application                                              -
				Started Application in 1.034 seconds (JVM running for 178.099)
2021-03-20 17:55:28,335 [restartedMain               ] [INFO ] o.s.b.devtools.autoconfigure.ConditionEvaluationDeltaLoggingListener   -
				Condition evaluation unchanged
2021-03-20 17:56:18,833 [Thread-10                   ] [INFO ] org.springframework.scheduling.concurrent.ThreadPoolTaskExecutor       -
				Shutting down ExecutorService 'applicationTaskExecutor'
2021-03-20 17:56:18,836 [Thread-10                   ] [INFO ] org.springframework.orm.jpa.LocalContainerEntityManagerFactoryBean     -
				Closing JPA EntityManagerFactory for persistence unit 'default'
2021-03-20 17:56:18,836 [Thread-10                   ] [INFO ] o.h.tool.schema.internal.SchemaDropperImpl$DelayedDropActionImpl       -
				HHH000477: Starting delayed evictData of schema as part of SessionFactory shut-down'
2021-03-20 17:56:18,842 [Thread-10                   ] [INFO ] com.zaxxer.hikari.HikariDataSource                                     -
				HikariPool-2 - Shutdown initiated...
2021-03-20 17:56:18,856 [Thread-10                   ] [INFO ] com.zaxxer.hikari.HikariDataSource                                     -
				HikariPool-2 - Shutdown completed.
2021-03-20 17:56:19,155 [restartedMain               ] [INFO ] com.beerhouse.Application                                              -
				Starting Application using Java 1.8.0_261 on cp3900 with PID 108604 (/home/mtuser/craftbeer/target/classes started by mtuser in /home/mtuser/craftbeer)
2021-03-20 17:56:19,155 [restartedMain               ] [DEBUG] com.beerhouse.Application                                              -
				Running with Spring Boot v2.4.4, Spring v5.3.5
2021-03-20 17:56:19,155 [restartedMain               ] [INFO ] com.beerhouse.Application                                              -
				The following profiles are active: dev
2021-03-20 17:56:19,515 [restartedMain               ] [INFO ] o.s.data.repository.config.RepositoryConfigurationDelegate             -
				Bootstrapping Spring Data JPA repositories in DEFAULT mode.
2021-03-20 17:56:19,527 [restartedMain               ] [INFO ] o.s.data.repository.config.RepositoryConfigurationDelegate             -
				Finished Spring Data repository scanning in 12 ms. Found 1 JPA repository interfaces.
2021-03-20 17:56:19,710 [restartedMain               ] [INFO ] org.springframework.boot.web.embedded.tomcat.TomcatWebServer           -
				Tomcat initialized with port(s): 9000 (http)
2021-03-20 17:56:19,711 [restartedMain               ] [INFO ] org.apache.coyote.http11.Http11NioProtocol                             -
				Initializing ProtocolHandler ["http-nio-9000"]
2021-03-20 17:56:19,712 [restartedMain               ] [INFO ] org.apache.catalina.core.StandardService                               -
				Starting service [Tomcat]
2021-03-20 17:56:19,712 [restartedMain               ] [INFO ] org.apache.catalina.core.StandardEngine                                -
				Starting Servlet engine: [Apache Tomcat/9.0.44]
2021-03-20 17:56:19,728 [restartedMain               ] [INFO ] org.apache.catalina.core.ContainerBase.[Tomcat].[localhost].[/]        -
				Initializing Spring embedded WebApplicationContext
2021-03-20 17:56:19,728 [restartedMain               ] [INFO ] o.s.boot.web.servlet.context.ServletWebServerApplicationContext        -
				Root WebApplicationContext: initialization completed in 567 ms
2021-03-20 17:56:19,758 [restartedMain               ] [INFO ] com.zaxxer.hikari.HikariDataSource                                     -
				HikariPool-3 - Starting...
2021-03-20 17:56:19,778 [restartedMain               ] [INFO ] com.zaxxer.hikari.HikariDataSource                                     -
				HikariPool-3 - Start completed.
2021-03-20 17:56:19,779 [restartedMain               ] [INFO ] org.springframework.boot.autoconfigure.h2.H2ConsoleAutoConfiguration   -
				H2 console available at '/h2'. Database available at 'jdbc:h2:file:~/test'
2021-03-20 17:56:19,815 [restartedMain               ] [INFO ] org.hibernate.jpa.internal.util.LogHelper                              -
				HHH000204: Processing PersistenceUnitInfo [name: default]
2021-03-20 17:56:19,823 [restartedMain               ] [INFO ] org.hibernate.dialect.Dialect                                          -
				HHH000400: Using dialect: org.hibernate.dialect.H2Dialect
2021-03-20 17:56:19,900 [restartedMain               ] [INFO ] o.h.engine.transaction.jta.platform.internal.JtaPlatformInitiator      -
				HHH000490: Using JtaPlatform implementation: [org.hibernate.engine.transaction.jta.platform.internal.NoJtaPlatform]
2021-03-20 17:56:19,902 [restartedMain               ] [INFO ] org.springframework.orm.jpa.LocalContainerEntityManagerFactoryBean     -
				Initialized JPA EntityManagerFactory for persistence unit 'default'
2021-03-20 17:56:19,912 [restartedMain               ] [INFO ] o.springframework.boot.devtools.autoconfigure.OptionalLiveReloadServer -
				LiveReload server is running on port 35729
2021-03-20 17:56:20,067 [restartedMain               ] [WARN ] o.s.b.autoconfigure.orm.jpa.JpaBaseConfiguration$JpaWebConfiguration   -
				spring.jpa.open-in-view is enabled by default. Therefore, database queries may be performed during view rendering. Explicitly configure spring.jpa.open-in-view to disable this warning
2021-03-20 17:56:20,147 [restartedMain               ] [INFO ] org.springframework.scheduling.concurrent.ThreadPoolTaskExecutor       -
				Initializing ExecutorService 'applicationTaskExecutor'
2021-03-20 17:56:20,237 [restartedMain               ] [INFO ] org.apache.coyote.http11.Http11NioProtocol                             -
				Starting ProtocolHandler ["http-nio-9000"]
2021-03-20 17:56:20,284 [restartedMain               ] [INFO ] org.springframework.boot.web.embedded.tomcat.TomcatWebServer           -
				Tomcat started on port(s): 9000 (http) with context path ''
2021-03-20 17:56:20,291 [restartedMain               ] [INFO ] com.beerhouse.Application                                              -
				Started Application in 1.194 seconds (JVM running for 230.058)
2021-03-20 17:56:20,295 [restartedMain               ] [INFO ] o.s.b.devtools.autoconfigure.ConditionEvaluationDeltaLoggingListener   -
				Condition evaluation unchanged
2021-03-20 17:56:26,930 [http-nio-9000-exec-2        ] [INFO ] org.apache.catalina.core.ContainerBase.[Tomcat].[localhost].[/]        -
				Initializing Spring DispatcherServlet 'dispatcherServlet'
2021-03-20 17:56:26,933 [http-nio-9000-exec-2        ] [INFO ] org.springframework.web.servlet.DispatcherServlet                      -
				Initializing Servlet 'dispatcherServlet'
2021-03-20 17:56:26,935 [http-nio-9000-exec-2        ] [INFO ] org.springframework.web.servlet.DispatcherServlet                      -
				Completed initialization in 1 ms
2021-03-20 17:56:26,970 [http-nio-9000-exec-2        ] [ERROR] o.a.c.core.ContainerBase.[Tomcat].[localhost].[/].[dispatcherServlet]  -
				Servlet.service() for servlet [dispatcherServlet] in context with path [] threw exception [Request processing failed; nested exception is javax.validation.UnexpectedTypeException: HV000030: No validator could be found for constraint 'javax.validation.constraints.NotEmpty' validating type 'java.math.BigDecimal'. Check configuration for 'price'] with root cause
javax.validation.UnexpectedTypeException: HV000030: No validator could be found for constraint 'javax.validation.constraints.NotEmpty' validating type 'java.math.BigDecimal'. Check configuration for 'price'
	at org.hibernate.validator.internal.engine.constraintvalidation.ConstraintTree.getExceptionForNullValidator(ConstraintTree.java:116)
	at org.hibernate.validator.internal.engine.constraintvalidation.ConstraintTree.getInitializedConstraintValidator(ConstraintTree.java:162)
	at org.hibernate.validator.internal.engine.constraintvalidation.SimpleConstraintTree.validateConstraints(SimpleConstraintTree.java:54)
	at org.hibernate.validator.internal.engine.constraintvalidation.ConstraintTree.validateConstraints(ConstraintTree.java:75)
	at org.hibernate.validator.internal.metadata.core.MetaConstraint.doValidateConstraint(MetaConstraint.java:130)
	at org.hibernate.validator.internal.metadata.core.MetaConstraint.validateConstraint(MetaConstraint.java:123)
	at org.hibernate.validator.internal.engine.ValidatorImpl.validateMetaConstraint(ValidatorImpl.java:555)
	at org.hibernate.validator.internal.engine.ValidatorImpl.validateConstraintsForSingleDefaultGroupElement(ValidatorImpl.java:518)
	at org.hibernate.validator.internal.engine.ValidatorImpl.validateConstraintsForDefaultGroup(ValidatorImpl.java:488)
	at org.hibernate.validator.internal.engine.ValidatorImpl.validateConstraintsForCurrentGroup(ValidatorImpl.java:450)
	at org.hibernate.validator.internal.engine.ValidatorImpl.validateInContext(ValidatorImpl.java:400)
	at org.hibernate.validator.internal.engine.ValidatorImpl.validate(ValidatorImpl.java:172)
	at org.springframework.validation.beanvalidation.SpringValidatorAdapter.validate(SpringValidatorAdapter.java:117)
	at org.springframework.boot.autoconfigure.validation.ValidatorAdapter.validate(ValidatorAdapter.java:70)
	at org.springframework.validation.DataBinder.validate(DataBinder.java:892)
	at org.springframework.web.servlet.mvc.method.annotation.AbstractMessageConverterMethodArgumentResolver.validateIfApplicable(AbstractMessageConverterMethodArgumentResolver.java:248)
	at org.springframework.web.servlet.mvc.method.annotation.RequestResponseBodyMethodProcessor.resolveArgument(RequestResponseBodyMethodProcessor.java:137)
	at org.springframework.web.method.support.HandlerMethodArgumentResolverComposite.resolveArgument(HandlerMethodArgumentResolverComposite.java:121)
	at org.springframework.web.method.support.InvocableHandlerMethod.getMethodArgumentValues(InvocableHandlerMethod.java:170)
	at org.springframework.web.method.support.InvocableHandlerMethod.invokeForRequest(InvocableHandlerMethod.java:137)
	at org.springframework.web.servlet.mvc.method.annotation.ServletInvocableHandlerMethod.invokeAndHandle(ServletInvocableHandlerMethod.java:106)
	at org.springframework.web.servlet.mvc.method.annotation.RequestMappingHandlerAdapter.invokeHandlerMethod(RequestMappingHandlerAdapter.java:894)
	at org.springframework.web.servlet.mvc.method.annotation.RequestMappingHandlerAdapter.handleInternal(RequestMappingHandlerAdapter.java:808)
	at org.springframework.web.servlet.mvc.method.AbstractHandlerMethodAdapter.handle(AbstractHandlerMethodAdapter.java:87)
	at org.springframework.web.servlet.DispatcherServlet.doDispatch(DispatcherServlet.java:1060)
	at org.springframework.web.servlet.DispatcherServlet.doService(DispatcherServlet.java:962)
	at org.springframework.web.servlet.FrameworkServlet.processRequest(FrameworkServlet.java:1006)
	at org.springframework.web.servlet.FrameworkServlet.doPost(FrameworkServlet.java:909)
	at javax.servlet.http.HttpServlet.service(HttpServlet.java:652)
	at org.springframework.web.servlet.FrameworkServlet.service(FrameworkServlet.java:883)
	at javax.servlet.http.HttpServlet.service(HttpServlet.java:733)
	at org.apache.catalina.core.ApplicationFilterChain.internalDoFilter(ApplicationFilterChain.java:227)
	at org.apache.catalina.core.ApplicationFilterChain.doFilter(ApplicationFilterChain.java:162)
	at org.apache.tomcat.websocket.server.WsFilter.doFilter(WsFilter.java:53)
	at org.apache.catalina.core.ApplicationFilterChain.internalDoFilter(ApplicationFilterChain.java:189)
	at org.apache.catalina.core.ApplicationFilterChain.doFilter(ApplicationFilterChain.java:162)
	at org.springframework.web.filter.RequestContextFilter.doFilterInternal(RequestContextFilter.java:100)
	at org.springframework.web.filter.OncePerRequestFilter.doFilter(OncePerRequestFilter.java:119)
	at org.apache.catalina.core.ApplicationFilterChain.internalDoFilter(ApplicationFilterChain.java:189)
	at org.apache.catalina.core.ApplicationFilterChain.doFilter(ApplicationFilterChain.java:162)
	at org.springframework.web.filter.FormContentFilter.doFilterInternal(FormContentFilter.java:93)
	at org.springframework.web.filter.OncePerRequestFilter.doFilter(OncePerRequestFilter.java:119)
	at org.apache.catalina.core.ApplicationFilterChain.internalDoFilter(ApplicationFilterChain.java:189)
	at org.apache.catalina.core.ApplicationFilterChain.doFilter(ApplicationFilterChain.java:162)
	at org.springframework.web.filter.CharacterEncodingFilter.doFilterInternal(CharacterEncodingFilter.java:201)
	at org.springframework.web.filter.OncePerRequestFilter.doFilter(OncePerRequestFilter.java:119)
	at org.apache.catalina.core.ApplicationFilterChain.internalDoFilter(ApplicationFilterChain.java:189)
	at org.apache.catalina.core.ApplicationFilterChain.doFilter(ApplicationFilterChain.java:162)
	at org.apache.catalina.core.StandardWrapperValve.invoke(StandardWrapperValve.java:202)
	at org.apache.catalina.core.StandardContextValve.invoke(StandardContextValve.java:97)
	at org.apache.catalina.authenticator.AuthenticatorBase.invoke(AuthenticatorBase.java:542)
	at org.apache.catalina.core.StandardHostValve.invoke(StandardHostValve.java:143)
	at org.apache.catalina.valves.ErrorReportValve.invoke(ErrorReportValve.java:92)
	at org.apache.catalina.core.StandardEngineValve.invoke(StandardEngineValve.java:78)
	at org.apache.catalina.connector.CoyoteAdapter.service(CoyoteAdapter.java:357)
	at org.apache.coyote.http11.Http11Processor.service(Http11Processor.java:374)
	at org.apache.coyote.AbstractProcessorLight.process(AbstractProcessorLight.java:65)
	at org.apache.coyote.AbstractProtocol$ConnectionHandler.process(AbstractProtocol.java:893)
	at org.apache.tomcat.util.net.NioEndpoint$SocketProcessor.doRun(NioEndpoint.java:1707)
	at org.apache.tomcat.util.net.SocketProcessorBase.run(SocketProcessorBase.java:49)
	at java.util.concurrent.ThreadPoolExecutor.runWorker(ThreadPoolExecutor.java:1149)
	at java.util.concurrent.ThreadPoolExecutor$Worker.run(ThreadPoolExecutor.java:624)
	at org.apache.tomcat.util.threads.TaskThread$WrappingRunnable.run(TaskThread.java:61)
	at java.lang.Thread.run(Thread.java:748)
2021-03-20 17:57:35,783 [Thread-15                   ] [INFO ] org.springframework.scheduling.concurrent.ThreadPoolTaskExecutor       -
				Shutting down ExecutorService 'applicationTaskExecutor'
2021-03-20 17:57:35,785 [Thread-15                   ] [INFO ] org.springframework.orm.jpa.LocalContainerEntityManagerFactoryBean     -
				Closing JPA EntityManagerFactory for persistence unit 'default'
2021-03-20 17:57:35,785 [Thread-15                   ] [INFO ] o.h.tool.schema.internal.SchemaDropperImpl$DelayedDropActionImpl       -
				HHH000477: Starting delayed evictData of schema as part of SessionFactory shut-down'
2021-03-20 17:57:35,788 [Thread-15                   ] [INFO ] com.zaxxer.hikari.HikariDataSource                                     -
				HikariPool-3 - Shutdown initiated...
2021-03-20 17:57:35,810 [Thread-15                   ] [INFO ] com.zaxxer.hikari.HikariDataSource                                     -
				HikariPool-3 - Shutdown completed.
2021-03-20 17:57:36,059 [restartedMain               ] [INFO ] com.beerhouse.Application                                              -
				Starting Application using Java 1.8.0_261 on cp3900 with PID 108604 (/home/mtuser/craftbeer/target/classes started by mtuser in /home/mtuser/craftbeer)
2021-03-20 17:57:36,059 [restartedMain               ] [DEBUG] com.beerhouse.Application                                              -
				Running with Spring Boot v2.4.4, Spring v5.3.5
2021-03-20 17:57:36,060 [restartedMain               ] [INFO ] com.beerhouse.Application                                              -
				The following profiles are active: dev
2021-03-20 17:57:36,295 [restartedMain               ] [INFO ] o.s.data.repository.config.RepositoryConfigurationDelegate             -
				Bootstrapping Spring Data JPA repositories in DEFAULT mode.
2021-03-20 17:57:36,306 [restartedMain               ] [INFO ] o.s.data.repository.config.RepositoryConfigurationDelegate             -
				Finished Spring Data repository scanning in 10 ms. Found 1 JPA repository interfaces.
2021-03-20 17:57:36,430 [restartedMain               ] [INFO ] org.springframework.boot.web.embedded.tomcat.TomcatWebServer           -
				Tomcat initialized with port(s): 9000 (http)
2021-03-20 17:57:36,442 [restartedMain               ] [INFO ] org.apache.coyote.http11.Http11NioProtocol                             -
				Initializing ProtocolHandler ["http-nio-9000"]
2021-03-20 17:57:36,442 [restartedMain               ] [INFO ] org.apache.catalina.core.StandardService                               -
				Starting service [Tomcat]
2021-03-20 17:57:36,442 [restartedMain               ] [INFO ] org.apache.catalina.core.StandardEngine                                -
				Starting Servlet engine: [Apache Tomcat/9.0.44]
2021-03-20 17:57:36,448 [restartedMain               ] [INFO ] org.apache.catalina.core.ContainerBase.[Tomcat].[localhost].[/]        -
				Initializing Spring embedded WebApplicationContext
2021-03-20 17:57:36,448 [restartedMain               ] [INFO ] o.s.boot.web.servlet.context.ServletWebServerApplicationContext        -
				Root WebApplicationContext: initialization completed in 383 ms
2021-03-20 17:57:36,477 [restartedMain               ] [INFO ] com.zaxxer.hikari.HikariDataSource                                     -
				HikariPool-4 - Starting...
2021-03-20 17:57:36,492 [restartedMain               ] [INFO ] com.zaxxer.hikari.HikariDataSource                                     -
				HikariPool-4 - Start completed.
2021-03-20 17:57:36,493 [restartedMain               ] [INFO ] org.springframework.boot.autoconfigure.h2.H2ConsoleAutoConfiguration   -
				H2 console available at '/h2'. Database available at 'jdbc:h2:file:~/test'
2021-03-20 17:57:36,559 [restartedMain               ] [INFO ] org.hibernate.jpa.internal.util.LogHelper                              -
				HHH000204: Processing PersistenceUnitInfo [name: default]
2021-03-20 17:57:36,569 [restartedMain               ] [INFO ] org.hibernate.dialect.Dialect                                          -
				HHH000400: Using dialect: org.hibernate.dialect.H2Dialect
2021-03-20 17:57:36,696 [restartedMain               ] [INFO ] o.h.engine.transaction.jta.platform.internal.JtaPlatformInitiator      -
				HHH000490: Using JtaPlatform implementation: [org.hibernate.engine.transaction.jta.platform.internal.NoJtaPlatform]
2021-03-20 17:57:36,697 [restartedMain               ] [INFO ] org.springframework.orm.jpa.LocalContainerEntityManagerFactoryBean     -
				Initialized JPA EntityManagerFactory for persistence unit 'default'
2021-03-20 17:57:36,704 [restartedMain               ] [INFO ] o.springframework.boot.devtools.autoconfigure.OptionalLiveReloadServer -
				LiveReload server is running on port 35729
2021-03-20 17:57:36,828 [restartedMain               ] [WARN ] o.s.b.autoconfigure.orm.jpa.JpaBaseConfiguration$JpaWebConfiguration   -
				spring.jpa.open-in-view is enabled by default. Therefore, database queries may be performed during view rendering. Explicitly configure spring.jpa.open-in-view to disable this warning
2021-03-20 17:57:36,863 [restartedMain               ] [INFO ] org.springframework.scheduling.concurrent.ThreadPoolTaskExecutor       -
				Initializing ExecutorService 'applicationTaskExecutor'
2021-03-20 17:57:36,945 [restartedMain               ] [INFO ] org.apache.coyote.http11.Http11NioProtocol                             -
				Starting ProtocolHandler ["http-nio-9000"]
2021-03-20 17:57:36,950 [restartedMain               ] [INFO ] org.springframework.boot.web.embedded.tomcat.TomcatWebServer           -
				Tomcat started on port(s): 9000 (http) with context path ''
2021-03-20 17:57:36,955 [restartedMain               ] [INFO ] com.beerhouse.Application                                              -
				Started Application in 0.965 seconds (JVM running for 306.723)
2021-03-20 17:57:36,957 [restartedMain               ] [INFO ] o.s.b.devtools.autoconfigure.ConditionEvaluationDeltaLoggingListener   -
				Condition evaluation unchanged
2021-03-20 17:57:49,192 [http-nio-9000-exec-2        ] [INFO ] org.apache.catalina.core.ContainerBase.[Tomcat].[localhost].[/]        -
				Initializing Spring DispatcherServlet 'dispatcherServlet'
2021-03-20 17:57:49,192 [http-nio-9000-exec-2        ] [INFO ] org.springframework.web.servlet.DispatcherServlet                      -
				Initializing Servlet 'dispatcherServlet'
2021-03-20 17:57:49,194 [http-nio-9000-exec-2        ] [INFO ] org.springframework.web.servlet.DispatcherServlet                      -
				Completed initialization in 2 ms
2021-03-20 17:57:49,229 [http-nio-9000-exec-2        ] [ERROR] o.a.c.core.ContainerBase.[Tomcat].[localhost].[/].[dispatcherServlet]  -
				Servlet.service() for servlet [dispatcherServlet] in context with path [] threw exception [Request processing failed; nested exception is javax.validation.UnexpectedTypeException: HV000030: No validator could be found for constraint 'javax.validation.constraints.NotEmpty' validating type 'java.math.BigDecimal'. Check configuration for 'price'] with root cause
javax.validation.UnexpectedTypeException: HV000030: No validator could be found for constraint 'javax.validation.constraints.NotEmpty' validating type 'java.math.BigDecimal'. Check configuration for 'price'
	at org.hibernate.validator.internal.engine.constraintvalidation.ConstraintTree.getExceptionForNullValidator(ConstraintTree.java:116)
	at org.hibernate.validator.internal.engine.constraintvalidation.ConstraintTree.getInitializedConstraintValidator(ConstraintTree.java:162)
	at org.hibernate.validator.internal.engine.constraintvalidation.SimpleConstraintTree.validateConstraints(SimpleConstraintTree.java:54)
	at org.hibernate.validator.internal.engine.constraintvalidation.ConstraintTree.validateConstraints(ConstraintTree.java:75)
	at org.hibernate.validator.internal.metadata.core.MetaConstraint.doValidateConstraint(MetaConstraint.java:130)
	at org.hibernate.validator.internal.metadata.core.MetaConstraint.validateConstraint(MetaConstraint.java:123)
	at org.hibernate.validator.internal.engine.ValidatorImpl.validateMetaConstraint(ValidatorImpl.java:555)
	at org.hibernate.validator.internal.engine.ValidatorImpl.validateConstraintsForSingleDefaultGroupElement(ValidatorImpl.java:518)
	at org.hibernate.validator.internal.engine.ValidatorImpl.validateConstraintsForDefaultGroup(ValidatorImpl.java:488)
	at org.hibernate.validator.internal.engine.ValidatorImpl.validateConstraintsForCurrentGroup(ValidatorImpl.java:450)
	at org.hibernate.validator.internal.engine.ValidatorImpl.validateInContext(ValidatorImpl.java:400)
	at org.hibernate.validator.internal.engine.ValidatorImpl.validate(ValidatorImpl.java:172)
	at org.springframework.validation.beanvalidation.SpringValidatorAdapter.validate(SpringValidatorAdapter.java:117)
	at org.springframework.boot.autoconfigure.validation.ValidatorAdapter.validate(ValidatorAdapter.java:70)
	at org.springframework.validation.DataBinder.validate(DataBinder.java:892)
	at org.springframework.web.servlet.mvc.method.annotation.AbstractMessageConverterMethodArgumentResolver.validateIfApplicable(AbstractMessageConverterMethodArgumentResolver.java:248)
	at org.springframework.web.servlet.mvc.method.annotation.RequestResponseBodyMethodProcessor.resolveArgument(RequestResponseBodyMethodProcessor.java:137)
	at org.springframework.web.method.support.HandlerMethodArgumentResolverComposite.resolveArgument(HandlerMethodArgumentResolverComposite.java:121)
	at org.springframework.web.method.support.InvocableHandlerMethod.getMethodArgumentValues(InvocableHandlerMethod.java:170)
	at org.springframework.web.method.support.InvocableHandlerMethod.invokeForRequest(InvocableHandlerMethod.java:137)
	at org.springframework.web.servlet.mvc.method.annotation.ServletInvocableHandlerMethod.invokeAndHandle(ServletInvocableHandlerMethod.java:106)
	at org.springframework.web.servlet.mvc.method.annotation.RequestMappingHandlerAdapter.invokeHandlerMethod(RequestMappingHandlerAdapter.java:894)
	at org.springframework.web.servlet.mvc.method.annotation.RequestMappingHandlerAdapter.handleInternal(RequestMappingHandlerAdapter.java:808)
	at org.springframework.web.servlet.mvc.method.AbstractHandlerMethodAdapter.handle(AbstractHandlerMethodAdapter.java:87)
	at org.springframework.web.servlet.DispatcherServlet.doDispatch(DispatcherServlet.java:1060)
	at org.springframework.web.servlet.DispatcherServlet.doService(DispatcherServlet.java:962)
	at org.springframework.web.servlet.FrameworkServlet.processRequest(FrameworkServlet.java:1006)
	at org.springframework.web.servlet.FrameworkServlet.doPost(FrameworkServlet.java:909)
	at javax.servlet.http.HttpServlet.service(HttpServlet.java:652)
	at org.springframework.web.servlet.FrameworkServlet.service(FrameworkServlet.java:883)
	at javax.servlet.http.HttpServlet.service(HttpServlet.java:733)
	at org.apache.catalina.core.ApplicationFilterChain.internalDoFilter(ApplicationFilterChain.java:227)
	at org.apache.catalina.core.ApplicationFilterChain.doFilter(ApplicationFilterChain.java:162)
	at org.apache.tomcat.websocket.server.WsFilter.doFilter(WsFilter.java:53)
	at org.apache.catalina.core.ApplicationFilterChain.internalDoFilter(ApplicationFilterChain.java:189)
	at org.apache.catalina.core.ApplicationFilterChain.doFilter(ApplicationFilterChain.java:162)
	at org.springframework.web.filter.RequestContextFilter.doFilterInternal(RequestContextFilter.java:100)
	at org.springframework.web.filter.OncePerRequestFilter.doFilter(OncePerRequestFilter.java:119)
	at org.apache.catalina.core.ApplicationFilterChain.internalDoFilter(ApplicationFilterChain.java:189)
	at org.apache.catalina.core.ApplicationFilterChain.doFilter(ApplicationFilterChain.java:162)
	at org.springframework.web.filter.FormContentFilter.doFilterInternal(FormContentFilter.java:93)
	at org.springframework.web.filter.OncePerRequestFilter.doFilter(OncePerRequestFilter.java:119)
	at org.apache.catalina.core.ApplicationFilterChain.internalDoFilter(ApplicationFilterChain.java:189)
	at org.apache.catalina.core.ApplicationFilterChain.doFilter(ApplicationFilterChain.java:162)
	at org.springframework.web.filter.CharacterEncodingFilter.doFilterInternal(CharacterEncodingFilter.java:201)
	at org.springframework.web.filter.OncePerRequestFilter.doFilter(OncePerRequestFilter.java:119)
	at org.apache.catalina.core.ApplicationFilterChain.internalDoFilter(ApplicationFilterChain.java:189)
	at org.apache.catalina.core.ApplicationFilterChain.doFilter(ApplicationFilterChain.java:162)
	at org.apache.catalina.core.StandardWrapperValve.invoke(StandardWrapperValve.java:202)
	at org.apache.catalina.core.StandardContextValve.invoke(StandardContextValve.java:97)
	at org.apache.catalina.authenticator.AuthenticatorBase.invoke(AuthenticatorBase.java:542)
	at org.apache.catalina.core.StandardHostValve.invoke(StandardHostValve.java:143)
	at org.apache.catalina.valves.ErrorReportValve.invoke(ErrorReportValve.java:92)
	at org.apache.catalina.core.StandardEngineValve.invoke(StandardEngineValve.java:78)
	at org.apache.catalina.connector.CoyoteAdapter.service(CoyoteAdapter.java:357)
	at org.apache.coyote.http11.Http11Processor.service(Http11Processor.java:374)
	at org.apache.coyote.AbstractProcessorLight.process(AbstractProcessorLight.java:65)
	at org.apache.coyote.AbstractProtocol$ConnectionHandler.process(AbstractProtocol.java:893)
	at org.apache.tomcat.util.net.NioEndpoint$SocketProcessor.doRun(NioEndpoint.java:1707)
	at org.apache.tomcat.util.net.SocketProcessorBase.run(SocketProcessorBase.java:49)
	at java.util.concurrent.ThreadPoolExecutor.runWorker(ThreadPoolExecutor.java:1149)
	at java.util.concurrent.ThreadPoolExecutor$Worker.run(ThreadPoolExecutor.java:624)
	at org.apache.tomcat.util.threads.TaskThread$WrappingRunnable.run(TaskThread.java:61)
	at java.lang.Thread.run(Thread.java:748)
2021-03-20 17:59:43,592 [Thread-20                   ] [INFO ] org.springframework.scheduling.concurrent.ThreadPoolTaskExecutor       -
				Shutting down ExecutorService 'applicationTaskExecutor'
2021-03-20 17:59:43,593 [Thread-20                   ] [INFO ] org.springframework.orm.jpa.LocalContainerEntityManagerFactoryBean     -
				Closing JPA EntityManagerFactory for persistence unit 'default'
2021-03-20 17:59:43,594 [Thread-20                   ] [INFO ] o.h.tool.schema.internal.SchemaDropperImpl$DelayedDropActionImpl       -
				HHH000477: Starting delayed evictData of schema as part of SessionFactory shut-down'
2021-03-20 17:59:43,606 [Thread-20                   ] [INFO ] com.zaxxer.hikari.HikariDataSource                                     -
				HikariPool-4 - Shutdown initiated...
2021-03-20 17:59:43,623 [Thread-20                   ] [INFO ] com.zaxxer.hikari.HikariDataSource                                     -
				HikariPool-4 - Shutdown completed.
2021-03-20 17:59:43,823 [restartedMain               ] [INFO ] com.beerhouse.Application                                              -
				Starting Application using Java 1.8.0_261 on cp3900 with PID 108604 (/home/mtuser/craftbeer/target/classes started by mtuser in /home/mtuser/craftbeer)
2021-03-20 17:59:43,824 [restartedMain               ] [DEBUG] com.beerhouse.Application                                              -
				Running with Spring Boot v2.4.4, Spring v5.3.5
2021-03-20 17:59:43,824 [restartedMain               ] [INFO ] com.beerhouse.Application                                              -
				The following profiles are active: dev
2021-03-20 17:59:44,077 [restartedMain               ] [INFO ] o.s.data.repository.config.RepositoryConfigurationDelegate             -
				Bootstrapping Spring Data JPA repositories in DEFAULT mode.
2021-03-20 17:59:44,087 [restartedMain               ] [INFO ] o.s.data.repository.config.RepositoryConfigurationDelegate             -
				Finished Spring Data repository scanning in 10 ms. Found 1 JPA repository interfaces.
2021-03-20 17:59:44,226 [restartedMain               ] [INFO ] org.springframework.boot.web.embedded.tomcat.TomcatWebServer           -
				Tomcat initialized with port(s): 9000 (http)
2021-03-20 17:59:44,227 [restartedMain               ] [INFO ] org.apache.coyote.http11.Http11NioProtocol                             -
				Initializing ProtocolHandler ["http-nio-9000"]
2021-03-20 17:59:44,227 [restartedMain               ] [INFO ] org.apache.catalina.core.StandardService                               -
				Starting service [Tomcat]
2021-03-20 17:59:44,227 [restartedMain               ] [INFO ] org.apache.catalina.core.StandardEngine                                -
				Starting Servlet engine: [Apache Tomcat/9.0.44]
2021-03-20 17:59:44,238 [restartedMain               ] [INFO ] org.apache.catalina.core.ContainerBase.[Tomcat].[localhost].[/]        -
				Initializing Spring embedded WebApplicationContext
2021-03-20 17:59:44,239 [restartedMain               ] [INFO ] o.s.boot.web.servlet.context.ServletWebServerApplicationContext        -
				Root WebApplicationContext: initialization completed in 413 ms
2021-03-20 17:59:44,305 [restartedMain               ] [INFO ] com.zaxxer.hikari.HikariDataSource                                     -
				HikariPool-5 - Starting...
2021-03-20 17:59:44,333 [restartedMain               ] [INFO ] com.zaxxer.hikari.HikariDataSource                                     -
				HikariPool-5 - Start completed.
2021-03-20 17:59:44,333 [restartedMain               ] [INFO ] org.springframework.boot.autoconfigure.h2.H2ConsoleAutoConfiguration   -
				H2 console available at '/h2'. Database available at 'jdbc:h2:file:~/test'
2021-03-20 17:59:44,392 [restartedMain               ] [INFO ] org.hibernate.jpa.internal.util.LogHelper                              -
				HHH000204: Processing PersistenceUnitInfo [name: default]
2021-03-20 17:59:44,398 [restartedMain               ] [INFO ] org.hibernate.dialect.Dialect                                          -
				HHH000400: Using dialect: org.hibernate.dialect.H2Dialect
2021-03-20 17:59:44,512 [restartedMain               ] [INFO ] o.h.engine.transaction.jta.platform.internal.JtaPlatformInitiator      -
				HHH000490: Using JtaPlatform implementation: [org.hibernate.engine.transaction.jta.platform.internal.NoJtaPlatform]
2021-03-20 17:59:44,512 [restartedMain               ] [INFO ] org.springframework.orm.jpa.LocalContainerEntityManagerFactoryBean     -
				Initialized JPA EntityManagerFactory for persistence unit 'default'
2021-03-20 17:59:44,518 [restartedMain               ] [INFO ] o.springframework.boot.devtools.autoconfigure.OptionalLiveReloadServer -
				LiveReload server is running on port 35729
2021-03-20 17:59:44,625 [restartedMain               ] [WARN ] o.s.b.autoconfigure.orm.jpa.JpaBaseConfiguration$JpaWebConfiguration   -
				spring.jpa.open-in-view is enabled by default. Therefore, database queries may be performed during view rendering. Explicitly configure spring.jpa.open-in-view to disable this warning
2021-03-20 17:59:44,656 [restartedMain               ] [INFO ] org.springframework.scheduling.concurrent.ThreadPoolTaskExecutor       -
				Initializing ExecutorService 'applicationTaskExecutor'
2021-03-20 17:59:44,702 [restartedMain               ] [INFO ] org.apache.coyote.http11.Http11NioProtocol                             -
				Starting ProtocolHandler ["http-nio-9000"]
2021-03-20 17:59:44,713 [restartedMain               ] [INFO ] org.springframework.boot.web.embedded.tomcat.TomcatWebServer           -
				Tomcat started on port(s): 9000 (http) with context path ''
2021-03-20 17:59:44,717 [restartedMain               ] [INFO ] com.beerhouse.Application                                              -
				Started Application in 0.934 seconds (JVM running for 434.484)
2021-03-20 17:59:44,718 [restartedMain               ] [INFO ] o.s.b.devtools.autoconfigure.ConditionEvaluationDeltaLoggingListener   -
				Condition evaluation unchanged
