2021-03-21 16:17:39,182 [background-preinit          ] [INFO ] org.hibernate.validator.internal.util.Version                          -
				HV000001: Hibernate Validator 6.1.7.Final
2021-03-21 16:17:39,207 [restartedMain               ] [INFO ] com.beerhouse.Application                                              -
				Starting Application using Java 1.8.0_261 on cp3900 with PID 34859 (/home/mtuser/craftbeer/target/classes started by mtuser in /home/mtuser/craftbeer)
2021-03-21 16:17:39,208 [restartedMain               ] [DEBUG] com.beerhouse.Application                                              -
				Running with Spring Boot v2.4.4, Spring v5.3.5
2021-03-21 16:17:39,208 [restartedMain               ] [INFO ] com.beerhouse.Application                                              -
				The following profiles are active: dev
2021-03-21 16:17:39,315 [restartedMain               ] [INFO ] o.s.boot.devtools.env.DevToolsPropertyDefaultsPostProcessor            -
				Devtools property defaults active! Set 'spring.devtools.add-properties' to 'false' to disable
2021-03-21 16:17:39,317 [restartedMain               ] [INFO ] o.s.boot.devtools.env.DevToolsPropertyDefaultsPostProcessor            -
				For additional web related logging consider setting the 'logging.level.web' property to 'DEBUG'
2021-03-21 16:17:40,440 [restartedMain               ] [INFO ] o.s.data.repository.config.RepositoryConfigurationDelegate             -
				Bootstrapping Spring Data JPA repositories in DEFAULT mode.
2021-03-21 16:17:40,549 [restartedMain               ] [INFO ] o.s.data.repository.config.RepositoryConfigurationDelegate             -
				Finished Spring Data repository scanning in 92 ms. Found 1 JPA repository interfaces.
2021-03-21 16:17:41,561 [restartedMain               ] [INFO ] org.springframework.boot.web.embedded.tomcat.TomcatWebServer           -
				Tomcat initialized with port(s): 9000 (http)
2021-03-21 16:17:41,658 [restartedMain               ] [INFO ] org.apache.coyote.http11.Http11NioProtocol                             -
				Initializing ProtocolHandler ["http-nio-9000"]
2021-03-21 16:17:41,659 [restartedMain               ] [INFO ] org.apache.catalina.core.StandardService                               -
				Starting service [Tomcat]
2021-03-21 16:17:41,660 [restartedMain               ] [INFO ] org.apache.catalina.core.StandardEngine                                -
				Starting Servlet engine: [Apache Tomcat/9.0.44]
2021-03-21 16:17:41,736 [restartedMain               ] [INFO ] org.apache.catalina.core.ContainerBase.[Tomcat].[localhost].[/]        -
				Initializing Spring embedded WebApplicationContext
2021-03-21 16:17:41,736 [restartedMain               ] [INFO ] o.s.boot.web.servlet.context.ServletWebServerApplicationContext        -
				Root WebApplicationContext: initialization completed in 2417 ms
2021-03-21 16:17:41,801 [restartedMain               ] [INFO ] com.zaxxer.hikari.HikariDataSource                                     -
				HikariPool-1 - Starting...
2021-03-21 16:17:42,053 [restartedMain               ] [INFO ] com.zaxxer.hikari.HikariDataSource                                     -
				HikariPool-1 - Start completed.
2021-03-21 16:17:42,061 [restartedMain               ] [INFO ] org.springframework.boot.autoconfigure.h2.H2ConsoleAutoConfiguration   -
				H2 console available at '/h2'. Database available at 'jdbc:h2:file:~/test'
2021-03-21 16:17:42,206 [restartedMain               ] [INFO ] org.hibernate.jpa.internal.util.LogHelper                              -
				HHH000204: Processing PersistenceUnitInfo [name: default]
2021-03-21 16:17:42,267 [restartedMain               ] [INFO ] org.hibernate.Version                                                  -
				HHH000412: Hibernate ORM core version 5.4.29.Final
2021-03-21 16:17:42,415 [restartedMain               ] [INFO ] org.hibernate.annotations.common.Version                               -
				HCANN000001: Hibernate Commons Annotations {5.1.2.Final}
2021-03-21 16:17:42,579 [restartedMain               ] [INFO ] org.hibernate.dialect.Dialect                                          -
				HHH000400: Using dialect: org.hibernate.dialect.H2Dialect
2021-03-21 16:17:43,301 [restartedMain               ] [INFO ] o.h.engine.transaction.jta.platform.internal.JtaPlatformInitiator      -
				HHH000490: Using JtaPlatform implementation: [org.hibernate.engine.transaction.jta.platform.internal.NoJtaPlatform]
2021-03-21 16:17:43,312 [restartedMain               ] [INFO ] org.springframework.orm.jpa.LocalContainerEntityManagerFactoryBean     -
				Initialized JPA EntityManagerFactory for persistence unit 'default'
2021-03-21 16:17:43,338 [restartedMain               ] [INFO ] o.springframework.boot.devtools.autoconfigure.OptionalLiveReloadServer -
				LiveReload server is running on port 35729
2021-03-21 16:17:43,865 [restartedMain               ] [WARN ] o.s.b.autoconfigure.orm.jpa.JpaBaseConfiguration$JpaWebConfiguration   -
				spring.jpa.open-in-view is enabled by default. Therefore, database queries may be performed during view rendering. Explicitly configure spring.jpa.open-in-view to disable this warning
2021-03-21 16:17:43,964 [restartedMain               ] [INFO ] org.springframework.scheduling.concurrent.ThreadPoolTaskExecutor       -
				Initializing ExecutorService 'applicationTaskExecutor'
2021-03-21 16:17:44,532 [restartedMain               ] [INFO ] org.apache.coyote.http11.Http11NioProtocol                             -
				Starting ProtocolHandler ["http-nio-9000"]
2021-03-21 16:17:44,558 [restartedMain               ] [INFO ] org.springframework.boot.web.embedded.tomcat.TomcatWebServer           -
				Tomcat started on port(s): 9000 (http) with context path ''
2021-03-21 16:17:44,568 [restartedMain               ] [INFO ] com.beerhouse.Application                                              -
				Started Application in 5.967 seconds (JVM running for 6.61)
