2021-03-21 01:25:56,121 [main                        ] [INFO ] o.springframework.boot.test.context.SpringBootTestContextBootstrapper  -
				Neither @ContextConfiguration nor @ContextHierarchy found for test class [com.beerhouse.controller.BeerControllerTest], using SpringBootContextLoader
2021-03-21 01:25:56,210 [main                        ] [INFO ] org.springframework.test.context.support.AbstractContextLoader         -
				Could not detect default resource locations for test class [com.beerhouse.controller.BeerControllerTest]: no resource found for suffixes {-context.xml, Context.groovy}.
2021-03-21 01:25:56,212 [main                        ] [INFO ] o.s.test.context.support.AnnotationConfigContextLoaderUtils            -
				Could not detect default configuration classes for test class [com.beerhouse.controller.BeerControllerTest]: BeerControllerTest does not declare any static, non-private, non-final, nested classes annotated with @Configuration.
2021-03-21 01:25:57,135 [main                        ] [INFO ] o.springframework.boot.test.context.SpringBootTestContextBootstrapper  -
				Found @SpringBootConfiguration com.beerhouse.Application for test class com.beerhouse.controller.BeerControllerTest
2021-03-21 01:25:57,580 [main                        ] [INFO ] o.springframework.boot.test.context.SpringBootTestContextBootstrapper  -
				Loaded default TestExecutionListener class names from location [META-INF/spring.factories]: [org.springframework.boot.test.mock.mockito.MockitoTestExecutionListener, org.springframework.boot.test.mock.mockito.ResetMocksTestExecutionListener, org.springframework.boot.test.autoconfigure.restdocs.RestDocsTestExecutionListener, org.springframework.boot.test.autoconfigure.web.client.MockRestServiceServerResetTestExecutionListener, org.springframework.boot.test.autoconfigure.web.servlet.MockMvcPrintOnlyOnFailureTestExecutionListener, org.springframework.boot.test.autoconfigure.web.servlet.WebDriverTestExecutionListener, org.springframework.boot.test.autoconfigure.webservices.client.MockWebServiceServerTestExecutionListener, org.springframework.test.context.web.ServletTestExecutionListener, org.springframework.test.context.support.DirtiesContextBeforeModesTestExecutionListener, org.springframework.test.context.event.ApplicationEventsTestExecutionListener, org.springframework.test.context.support.DependencyInjectionTestExecutionListener, org.springframework.test.context.support.DirtiesContextTestExecutionListener, org.springframework.test.context.transaction.TransactionalTestExecutionListener, org.springframework.test.context.jdbc.SqlScriptsTestExecutionListener, org.springframework.test.context.event.EventPublishingTestExecutionListener]
2021-03-21 01:25:57,638 [main                        ] [INFO ] o.springframework.boot.test.context.SpringBootTestContextBootstrapper  -
				Using TestExecutionListeners: [org.springframework.test.context.web.ServletTestExecutionListener@6e1d8f9e, org.springframework.test.context.support.DirtiesContextBeforeModesTestExecutionListener@3e34ace1, org.springframework.test.context.event.ApplicationEventsTestExecutionListener@62fe6067, org.springframework.boot.test.mock.mockito.MockitoTestExecutionListener@4f071df8, org.springframework.boot.test.autoconfigure.SpringBootDependencyInjectionTestExecutionListener@4de41af9, org.springframework.test.context.support.DirtiesContextTestExecutionListener@56ace400, org.springframework.test.context.transaction.TransactionalTestExecutionListener@47404bea, org.springframework.test.context.jdbc.SqlScriptsTestExecutionListener@305f7627, org.springframework.test.context.event.EventPublishingTestExecutionListener@5d018107, org.springframework.boot.test.mock.mockito.ResetMocksTestExecutionListener@6cbcf243, org.springframework.boot.test.autoconfigure.restdocs.RestDocsTestExecutionListener@29e6eb25, org.springframework.boot.test.autoconfigure.web.client.MockRestServiceServerResetTestExecutionListener@62435e70, org.springframework.boot.test.autoconfigure.web.servlet.MockMvcPrintOnlyOnFailureTestExecutionListener@339bf286, org.springframework.boot.test.autoconfigure.web.servlet.WebDriverTestExecutionListener@38be305c, org.springframework.boot.test.autoconfigure.webservices.client.MockWebServiceServerTestExecutionListener@269f4bad]
2021-03-21 01:25:59,062 [main                        ] [INFO ] com.beerhouse.controller.BeerControllerTest                            -
				Starting BeerControllerTest using Java 1.8.0_261 on cp3900 with PID 160072 (started by mtuser in /home/mtuser/craftbeer)
2021-03-21 01:25:59,063 [main                        ] [DEBUG] com.beerhouse.controller.BeerControllerTest                            -
				Running with Spring Boot v2.4.4, Spring v5.3.5
2021-03-21 01:25:59,064 [main                        ] [INFO ] com.beerhouse.controller.BeerControllerTest                            -
				The following profiles are active: dev
2021-03-21 01:25:59,060 [background-preinit          ] [INFO ] org.hibernate.validator.internal.util.Version                          -
				HV000001: Hibernate Validator 6.1.7.Final
2021-03-21 01:26:02,695 [main                        ] [INFO ] o.s.data.repository.config.RepositoryConfigurationDelegate             -
				Bootstrapping Spring Data JPA repositories in DEFAULT mode.
2021-03-21 01:26:03,093 [main                        ] [INFO ] o.s.data.repository.config.RepositoryConfigurationDelegate             -
				Finished Spring Data repository scanning in 375 ms. Found 1 JPA repository interfaces.
2021-03-21 01:26:05,726 [main                        ] [INFO ] org.hibernate.jpa.internal.util.LogHelper                              -
				HHH000204: Processing PersistenceUnitInfo [name: default]
2021-03-21 01:26:06,026 [main                        ] [INFO ] org.hibernate.Version                                                  -
				HHH000412: Hibernate ORM core version 5.4.29.Final
2021-03-21 01:26:06,450 [main                        ] [INFO ] org.hibernate.annotations.common.Version                               -
				HCANN000001: Hibernate Commons Annotations {5.1.2.Final}
2021-03-21 01:26:06,798 [main                        ] [INFO ] com.zaxxer.hikari.HikariDataSource                                     -
				HikariPool-1 - Starting...
2021-03-21 01:26:07,378 [main                        ] [INFO ] com.zaxxer.hikari.HikariDataSource                                     -
				HikariPool-1 - Start completed.
2021-03-21 01:26:07,537 [main                        ] [INFO ] org.hibernate.dialect.Dialect                                          -
				HHH000400: Using dialect: org.hibernate.dialect.H2Dialect
2021-03-21 01:26:12,991 [main                        ] [INFO ] o.h.engine.transaction.jta.platform.internal.JtaPlatformInitiator      -
				HHH000490: Using JtaPlatform implementation: [org.hibernate.engine.transaction.jta.platform.internal.NoJtaPlatform]
2021-03-21 01:26:13,020 [main                        ] [INFO ] org.springframework.orm.jpa.LocalContainerEntityManagerFactoryBean     -
				Initialized JPA EntityManagerFactory for persistence unit 'default'
2021-03-21 01:26:15,490 [main                        ] [WARN ] o.s.b.autoconfigure.orm.jpa.JpaBaseConfiguration$JpaWebConfiguration   -
				spring.jpa.open-in-view is enabled by default. Therefore, database queries may be performed during view rendering. Explicitly configure spring.jpa.open-in-view to disable this warning
2021-03-21 01:26:15,914 [main                        ] [INFO ] org.springframework.scheduling.concurrent.ThreadPoolTaskExecutor       -
				Initializing ExecutorService 'applicationTaskExecutor'
2021-03-21 01:26:16,207 [main                        ] [INFO ] org.springframework.boot.autoconfigure.h2.H2ConsoleAutoConfiguration   -
				H2 console available at '/h2'. Database available at 'jdbc:h2:file:~/test'
2021-03-21 01:26:18,053 [main                        ] [INFO ] org.springframework.boot.test.mock.web.SpringBootMockServletContext    -
				Initializing Spring TestDispatcherServlet ''
2021-03-21 01:26:18,054 [main                        ] [INFO ] org.springframework.test.web.servlet.TestDispatcherServlet             -
				Initializing Servlet ''
2021-03-21 01:26:18,056 [main                        ] [INFO ] org.springframework.test.web.servlet.TestDispatcherServlet             -
				Completed initialization in 1 ms
2021-03-21 01:26:18,110 [main                        ] [INFO ] com.beerhouse.controller.BeerControllerTest                            -
				Started BeerControllerTest in 20.15 seconds (JVM running for 23.654)
2021-03-21 01:26:19,828 [SpringContextShutdownHook   ] [INFO ] org.springframework.scheduling.concurrent.ThreadPoolTaskExecutor       -
				Shutting down ExecutorService 'applicationTaskExecutor'
2021-03-21 01:26:19,831 [SpringContextShutdownHook   ] [INFO ] org.springframework.orm.jpa.LocalContainerEntityManagerFactoryBean     -
				Closing JPA EntityManagerFactory for persistence unit 'default'
2021-03-21 01:26:19,832 [SpringContextShutdownHook   ] [INFO ] o.h.tool.schema.internal.SchemaDropperImpl$DelayedDropActionImpl       -
				HHH000477: Starting delayed evictData of schema as part of SessionFactory shut-down'
2021-03-21 01:26:19,854 [SpringContextShutdownHook   ] [WARN ] org.hibernate.engine.jdbc.spi.SqlExceptionHelper                       -
				SQL Error: 90121, SQLState: 90121
2021-03-21 01:26:19,854 [SpringContextShutdownHook   ] [ERROR] org.hibernate.engine.jdbc.spi.SqlExceptionHelper                       -
				Database is already closed (to disable automatic closing at VM shutdown, add ";DB_CLOSE_ON_EXIT=FALSE" to the db URL) [90121-200]
2021-03-21 01:26:19,860 [SpringContextShutdownHook   ] [WARN ] org.hibernate.engine.jdbc.spi.SqlExceptionHelper                       -
				SQL Error: 90121, SQLState: 90121
2021-03-21 01:26:19,860 [SpringContextShutdownHook   ] [ERROR] org.hibernate.engine.jdbc.spi.SqlExceptionHelper                       -
				Database is already closed (to disable automatic closing at VM shutdown, add ";DB_CLOSE_ON_EXIT=FALSE" to the db URL) [90121-200]
2021-03-21 01:26:19,861 [SpringContextShutdownHook   ] [WARN ] org.springframework.beans.factory.support.DisposableBeanAdapter        -
				Invocation of destroy method failed on bean with name 'entityManagerFactory': org.hibernate.exception.JDBCConnectionException: Unable to release JDBC Connection used for DDL execution
2021-03-21 01:26:19,864 [SpringContextShutdownHook   ] [INFO ] com.zaxxer.hikari.HikariDataSource                                     -
				HikariPool-1 - Shutdown initiated...
2021-03-21 01:26:19,905 [SpringContextShutdownHook   ] [INFO ] com.zaxxer.hikari.HikariDataSource                                     -
				HikariPool-1 - Shutdown completed.
2021-03-21 01:28:48,358 [main                        ] [INFO ] o.springframework.boot.test.context.SpringBootTestContextBootstrapper  -
				Neither @ContextConfiguration nor @ContextHierarchy found for test class [com.beerhouse.controller.BeerControllerTest], using SpringBootContextLoader
2021-03-21 01:28:48,367 [main                        ] [INFO ] org.springframework.test.context.support.AbstractContextLoader         -
				Could not detect default resource locations for test class [com.beerhouse.controller.BeerControllerTest]: no resource found for suffixes {-context.xml, Context.groovy}.
2021-03-21 01:28:48,369 [main                        ] [INFO ] o.s.test.context.support.AnnotationConfigContextLoaderUtils            -
				Could not detect default configuration classes for test class [com.beerhouse.controller.BeerControllerTest]: BeerControllerTest does not declare any static, non-private, non-final, nested classes annotated with @Configuration.
2021-03-21 01:28:48,641 [main                        ] [INFO ] o.springframework.boot.test.context.SpringBootTestContextBootstrapper  -
				Found @SpringBootConfiguration com.beerhouse.Application for test class com.beerhouse.controller.BeerControllerTest
2021-03-21 01:28:48,810 [main                        ] [INFO ] o.springframework.boot.test.context.SpringBootTestContextBootstrapper  -
				Loaded default TestExecutionListener class names from location [META-INF/spring.factories]: [org.springframework.boot.test.mock.mockito.MockitoTestExecutionListener, org.springframework.boot.test.mock.mockito.ResetMocksTestExecutionListener, org.springframework.boot.test.autoconfigure.restdocs.RestDocsTestExecutionListener, org.springframework.boot.test.autoconfigure.web.client.MockRestServiceServerResetTestExecutionListener, org.springframework.boot.test.autoconfigure.web.servlet.MockMvcPrintOnlyOnFailureTestExecutionListener, org.springframework.boot.test.autoconfigure.web.servlet.WebDriverTestExecutionListener, org.springframework.boot.test.autoconfigure.webservices.client.MockWebServiceServerTestExecutionListener, org.springframework.test.context.web.ServletTestExecutionListener, org.springframework.test.context.support.DirtiesContextBeforeModesTestExecutionListener, org.springframework.test.context.event.ApplicationEventsTestExecutionListener, org.springframework.test.context.support.DependencyInjectionTestExecutionListener, org.springframework.test.context.support.DirtiesContextTestExecutionListener, org.springframework.test.context.transaction.TransactionalTestExecutionListener, org.springframework.test.context.jdbc.SqlScriptsTestExecutionListener, org.springframework.test.context.event.EventPublishingTestExecutionListener]
2021-03-21 01:28:48,842 [main                        ] [INFO ] o.springframework.boot.test.context.SpringBootTestContextBootstrapper  -
				Using TestExecutionListeners: [org.springframework.test.context.web.ServletTestExecutionListener@36916eb0, org.springframework.test.context.support.DirtiesContextBeforeModesTestExecutionListener@7bab3f1a, org.springframework.test.context.event.ApplicationEventsTestExecutionListener@437da279, org.springframework.boot.test.mock.mockito.MockitoTestExecutionListener@23c30a20, org.springframework.boot.test.autoconfigure.SpringBootDependencyInjectionTestExecutionListener@1e1a0406, org.springframework.test.context.support.DirtiesContextTestExecutionListener@3cebbb30, org.springframework.test.context.transaction.TransactionalTestExecutionListener@12aba8be, org.springframework.test.context.jdbc.SqlScriptsTestExecutionListener@290222c1, org.springframework.test.context.event.EventPublishingTestExecutionListener@67f639d3, org.springframework.boot.test.mock.mockito.ResetMocksTestExecutionListener@6253c26, org.springframework.boot.test.autoconfigure.restdocs.RestDocsTestExecutionListener@49049a04, org.springframework.boot.test.autoconfigure.web.client.MockRestServiceServerResetTestExecutionListener@71a8adcf, org.springframework.boot.test.autoconfigure.web.servlet.MockMvcPrintOnlyOnFailureTestExecutionListener@27462a88, org.springframework.boot.test.autoconfigure.web.servlet.WebDriverTestExecutionListener@82de64a, org.springframework.boot.test.autoconfigure.webservices.client.MockWebServiceServerTestExecutionListener@659499f1]
2021-03-21 01:28:49,471 [background-preinit          ] [INFO ] org.hibernate.validator.internal.util.Version                          -
				HV000001: Hibernate Validator 6.1.7.Final
2021-03-21 01:28:49,505 [main                        ] [INFO ] com.beerhouse.controller.BeerControllerTest                            -
				Starting BeerControllerTest using Java 1.8.0_261 on cp3900 with PID 160441 (started by mtuser in /home/mtuser/craftbeer)
2021-03-21 01:28:49,506 [main                        ] [DEBUG] com.beerhouse.controller.BeerControllerTest                            -
				Running with Spring Boot v2.4.4, Spring v5.3.5
2021-03-21 01:28:49,506 [main                        ] [INFO ] com.beerhouse.controller.BeerControllerTest                            -
				The following profiles are active: dev
2021-03-21 01:28:50,879 [main                        ] [INFO ] o.s.data.repository.config.RepositoryConfigurationDelegate             -
				Bootstrapping Spring Data JPA repositories in DEFAULT mode.
2021-03-21 01:28:50,990 [main                        ] [INFO ] o.s.data.repository.config.RepositoryConfigurationDelegate             -
				Finished Spring Data repository scanning in 96 ms. Found 1 JPA repository interfaces.
2021-03-21 01:28:51,827 [main                        ] [INFO ] org.hibernate.jpa.internal.util.LogHelper                              -
				HHH000204: Processing PersistenceUnitInfo [name: default]
2021-03-21 01:28:51,957 [main                        ] [INFO ] org.hibernate.Version                                                  -
				HHH000412: Hibernate ORM core version 5.4.29.Final
2021-03-21 01:28:52,142 [main                        ] [INFO ] org.hibernate.annotations.common.Version                               -
				HCANN000001: Hibernate Commons Annotations {5.1.2.Final}
2021-03-21 01:28:52,320 [main                        ] [INFO ] com.zaxxer.hikari.HikariDataSource                                     -
				HikariPool-1 - Starting...
2021-03-21 01:28:52,660 [main                        ] [INFO ] com.zaxxer.hikari.HikariDataSource                                     -
				HikariPool-1 - Start completed.
2021-03-21 01:28:52,712 [main                        ] [INFO ] org.hibernate.dialect.Dialect                                          -
				HHH000400: Using dialect: org.hibernate.dialect.H2Dialect
2021-03-21 01:28:54,236 [main                        ] [INFO ] o.h.engine.transaction.jta.platform.internal.JtaPlatformInitiator      -
				HHH000490: Using JtaPlatform implementation: [org.hibernate.engine.transaction.jta.platform.internal.NoJtaPlatform]
2021-03-21 01:28:54,249 [main                        ] [INFO ] org.springframework.orm.jpa.LocalContainerEntityManagerFactoryBean     -
				Initialized JPA EntityManagerFactory for persistence unit 'default'
2021-03-21 01:28:56,012 [main                        ] [WARN ] o.s.b.autoconfigure.orm.jpa.JpaBaseConfiguration$JpaWebConfiguration   -
				spring.jpa.open-in-view is enabled by default. Therefore, database queries may be performed during view rendering. Explicitly configure spring.jpa.open-in-view to disable this warning
2021-03-21 01:28:56,621 [main                        ] [INFO ] org.springframework.scheduling.concurrent.ThreadPoolTaskExecutor       -
				Initializing ExecutorService 'applicationTaskExecutor'
2021-03-21 01:28:56,815 [main                        ] [INFO ] org.springframework.boot.autoconfigure.h2.H2ConsoleAutoConfiguration   -
				H2 console available at '/h2'. Database available at 'jdbc:h2:file:~/test'
2021-03-21 01:28:57,965 [main                        ] [INFO ] org.springframework.boot.test.mock.web.SpringBootMockServletContext    -
				Initializing Spring TestDispatcherServlet ''
2021-03-21 01:28:57,966 [main                        ] [INFO ] org.springframework.test.web.servlet.TestDispatcherServlet             -
				Initializing Servlet ''
2021-03-21 01:28:57,968 [main                        ] [INFO ] org.springframework.test.web.servlet.TestDispatcherServlet             -
				Completed initialization in 2 ms
2021-03-21 01:28:57,999 [main                        ] [INFO ] com.beerhouse.controller.BeerControllerTest                            -
				Started BeerControllerTest in 9.055 seconds (JVM running for 10.61)
2021-03-21 01:28:58,922 [SpringContextShutdownHook   ] [INFO ] org.springframework.scheduling.concurrent.ThreadPoolTaskExecutor       -
				Shutting down ExecutorService 'applicationTaskExecutor'
2021-03-21 01:28:58,925 [SpringContextShutdownHook   ] [INFO ] org.springframework.orm.jpa.LocalContainerEntityManagerFactoryBean     -
				Closing JPA EntityManagerFactory for persistence unit 'default'
2021-03-21 01:28:58,925 [SpringContextShutdownHook   ] [INFO ] o.h.tool.schema.internal.SchemaDropperImpl$DelayedDropActionImpl       -
				HHH000477: Starting delayed evictData of schema as part of SessionFactory shut-down'
2021-03-21 01:28:58,931 [SpringContextShutdownHook   ] [WARN ] org.hibernate.engine.jdbc.spi.SqlExceptionHelper                       -
				SQL Error: 90121, SQLState: 90121
2021-03-21 01:28:58,932 [SpringContextShutdownHook   ] [ERROR] org.hibernate.engine.jdbc.spi.SqlExceptionHelper                       -
				Database is already closed (to disable automatic closing at VM shutdown, add ";DB_CLOSE_ON_EXIT=FALSE" to the db URL) [90121-200]
2021-03-21 01:28:58,933 [SpringContextShutdownHook   ] [WARN ] org.hibernate.engine.jdbc.spi.SqlExceptionHelper                       -
				SQL Error: 90121, SQLState: 90121
2021-03-21 01:28:58,934 [SpringContextShutdownHook   ] [ERROR] org.hibernate.engine.jdbc.spi.SqlExceptionHelper                       -
				Database is already closed (to disable automatic closing at VM shutdown, add ";DB_CLOSE_ON_EXIT=FALSE" to the db URL) [90121-200]
2021-03-21 01:28:58,934 [SpringContextShutdownHook   ] [WARN ] org.springframework.beans.factory.support.DisposableBeanAdapter        -
				Invocation of destroy method failed on bean with name 'entityManagerFactory': org.hibernate.exception.JDBCConnectionException: Unable to release JDBC Connection used for DDL execution
2021-03-21 01:28:58,935 [SpringContextShutdownHook   ] [INFO ] com.zaxxer.hikari.HikariDataSource                                     -
				HikariPool-1 - Shutdown initiated...
2021-03-21 01:28:58,949 [SpringContextShutdownHook   ] [INFO ] com.zaxxer.hikari.HikariDataSource                                     -
				HikariPool-1 - Shutdown completed.
2021-03-21 01:32:41,947 [main                        ] [INFO ] o.springframework.boot.test.context.SpringBootTestContextBootstrapper  -
				Neither @ContextConfiguration nor @ContextHierarchy found for test class [com.beerhouse.controller.BeerControllerTest], using SpringBootContextLoader
2021-03-21 01:32:41,978 [main                        ] [INFO ] org.springframework.test.context.support.AbstractContextLoader         -
				Could not detect default resource locations for test class [com.beerhouse.controller.BeerControllerTest]: no resource found for suffixes {-context.xml, Context.groovy}.
2021-03-21 01:32:41,981 [main                        ] [INFO ] o.s.test.context.support.AnnotationConfigContextLoaderUtils            -
				Could not detect default configuration classes for test class [com.beerhouse.controller.BeerControllerTest]: BeerControllerTest does not declare any static, non-private, non-final, nested classes annotated with @Configuration.
2021-03-21 01:32:42,253 [main                        ] [INFO ] o.springframework.boot.test.context.SpringBootTestContextBootstrapper  -
				Found @SpringBootConfiguration com.beerhouse.Application for test class com.beerhouse.controller.BeerControllerTest
2021-03-21 01:32:42,465 [main                        ] [INFO ] o.springframework.boot.test.context.SpringBootTestContextBootstrapper  -
				Loaded default TestExecutionListener class names from location [META-INF/spring.factories]: [org.springframework.boot.test.mock.mockito.MockitoTestExecutionListener, org.springframework.boot.test.mock.mockito.ResetMocksTestExecutionListener, org.springframework.boot.test.autoconfigure.restdocs.RestDocsTestExecutionListener, org.springframework.boot.test.autoconfigure.web.client.MockRestServiceServerResetTestExecutionListener, org.springframework.boot.test.autoconfigure.web.servlet.MockMvcPrintOnlyOnFailureTestExecutionListener, org.springframework.boot.test.autoconfigure.web.servlet.WebDriverTestExecutionListener, org.springframework.boot.test.autoconfigure.webservices.client.MockWebServiceServerTestExecutionListener, org.springframework.test.context.web.ServletTestExecutionListener, org.springframework.test.context.support.DirtiesContextBeforeModesTestExecutionListener, org.springframework.test.context.event.ApplicationEventsTestExecutionListener, org.springframework.test.context.support.DependencyInjectionTestExecutionListener, org.springframework.test.context.support.DirtiesContextTestExecutionListener, org.springframework.test.context.transaction.TransactionalTestExecutionListener, org.springframework.test.context.jdbc.SqlScriptsTestExecutionListener, org.springframework.test.context.event.EventPublishingTestExecutionListener]
2021-03-21 01:32:42,504 [main                        ] [INFO ] o.springframework.boot.test.context.SpringBootTestContextBootstrapper  -
				Using TestExecutionListeners: [org.springframework.test.context.web.ServletTestExecutionListener@3829ac1, org.springframework.test.context.support.DirtiesContextBeforeModesTestExecutionListener@4baf352a, org.springframework.test.context.event.ApplicationEventsTestExecutionListener@1bb1fde8, org.springframework.boot.test.mock.mockito.MockitoTestExecutionListener@15eebbff, org.springframework.boot.test.autoconfigure.SpringBootDependencyInjectionTestExecutionListener@22d6f11, org.springframework.test.context.support.DirtiesContextTestExecutionListener@30990c1b, org.springframework.test.context.transaction.TransactionalTestExecutionListener@2453f95d, org.springframework.test.context.jdbc.SqlScriptsTestExecutionListener@44828f6b, org.springframework.test.context.event.EventPublishingTestExecutionListener@2dbe250d, org.springframework.boot.test.mock.mockito.ResetMocksTestExecutionListener@553f1d75, org.springframework.boot.test.autoconfigure.restdocs.RestDocsTestExecutionListener@6e1d8f9e, org.springframework.boot.test.autoconfigure.web.client.MockRestServiceServerResetTestExecutionListener@3e34ace1, org.springframework.boot.test.autoconfigure.web.servlet.MockMvcPrintOnlyOnFailureTestExecutionListener@62fe6067, org.springframework.boot.test.autoconfigure.web.servlet.WebDriverTestExecutionListener@4f071df8, org.springframework.boot.test.autoconfigure.webservices.client.MockWebServiceServerTestExecutionListener@4de41af9]
2021-03-21 01:32:43,366 [background-preinit          ] [INFO ] org.hibernate.validator.internal.util.Version                          -
				HV000001: Hibernate Validator 6.1.7.Final
2021-03-21 01:32:43,387 [main                        ] [INFO ] com.beerhouse.controller.BeerControllerTest                            -
				Starting BeerControllerTest using Java 1.8.0_261 on cp3900 with PID 160931 (started by mtuser in /home/mtuser/craftbeer)
2021-03-21 01:32:43,389 [main                        ] [DEBUG] com.beerhouse.controller.BeerControllerTest                            -
				Running with Spring Boot v2.4.4, Spring v5.3.5
2021-03-21 01:32:43,390 [main                        ] [INFO ] com.beerhouse.controller.BeerControllerTest                            -
				The following profiles are active: dev
2021-03-21 01:32:44,823 [main                        ] [INFO ] o.s.data.repository.config.RepositoryConfigurationDelegate             -
				Bootstrapping Spring Data JPA repositories in DEFAULT mode.
2021-03-21 01:32:44,929 [main                        ] [INFO ] o.s.data.repository.config.RepositoryConfigurationDelegate             -
				Finished Spring Data repository scanning in 88 ms. Found 1 JPA repository interfaces.
2021-03-21 01:32:46,693 [main                        ] [INFO ] org.hibernate.jpa.internal.util.LogHelper                              -
				HHH000204: Processing PersistenceUnitInfo [name: default]
2021-03-21 01:32:46,838 [main                        ] [INFO ] org.hibernate.Version                                                  -
				HHH000412: Hibernate ORM core version 5.4.29.Final
2021-03-21 01:32:47,201 [main                        ] [INFO ] org.hibernate.annotations.common.Version                               -
				HCANN000001: Hibernate Commons Annotations {5.1.2.Final}
2021-03-21 01:32:47,517 [main                        ] [INFO ] com.zaxxer.hikari.HikariDataSource                                     -
				HikariPool-1 - Starting...
2021-03-21 01:32:48,132 [main                        ] [INFO ] com.zaxxer.hikari.HikariDataSource                                     -
				HikariPool-1 - Start completed.
2021-03-21 01:32:48,443 [main                        ] [INFO ] org.hibernate.dialect.Dialect                                          -
				HHH000400: Using dialect: org.hibernate.dialect.H2Dialect
2021-03-21 01:32:50,695 [main                        ] [INFO ] o.h.engine.transaction.jta.platform.internal.JtaPlatformInitiator      -
				HHH000490: Using JtaPlatform implementation: [org.hibernate.engine.transaction.jta.platform.internal.NoJtaPlatform]
2021-03-21 01:32:50,756 [main                        ] [INFO ] org.springframework.orm.jpa.LocalContainerEntityManagerFactoryBean     -
				Initialized JPA EntityManagerFactory for persistence unit 'default'
2021-03-21 01:32:53,330 [main                        ] [WARN ] o.s.b.autoconfigure.orm.jpa.JpaBaseConfiguration$JpaWebConfiguration   -
				spring.jpa.open-in-view is enabled by default. Therefore, database queries may be performed during view rendering. Explicitly configure spring.jpa.open-in-view to disable this warning
2021-03-21 01:32:54,130 [main                        ] [INFO ] org.springframework.scheduling.concurrent.ThreadPoolTaskExecutor       -
				Initializing ExecutorService 'applicationTaskExecutor'
2021-03-21 01:32:54,584 [main                        ] [INFO ] org.springframework.boot.autoconfigure.h2.H2ConsoleAutoConfiguration   -
				H2 console available at '/h2'. Database available at 'jdbc:h2:file:~/test'
2021-03-21 01:32:55,553 [main                        ] [INFO ] org.springframework.boot.test.mock.web.SpringBootMockServletContext    -
				Initializing Spring TestDispatcherServlet ''
2021-03-21 01:32:55,554 [main                        ] [INFO ] org.springframework.test.web.servlet.TestDispatcherServlet             -
				Initializing Servlet ''
2021-03-21 01:32:55,556 [main                        ] [INFO ] org.springframework.test.web.servlet.TestDispatcherServlet             -
				Completed initialization in 2 ms
2021-03-21 01:32:55,598 [main                        ] [INFO ] com.beerhouse.controller.BeerControllerTest                            -
				Started BeerControllerTest in 12.977 seconds (JVM running for 14.798)
2021-03-21 01:32:57,003 [SpringContextShutdownHook   ] [INFO ] org.springframework.scheduling.concurrent.ThreadPoolTaskExecutor       -
				Shutting down ExecutorService 'applicationTaskExecutor'
2021-03-21 01:32:57,005 [SpringContextShutdownHook   ] [INFO ] org.springframework.orm.jpa.LocalContainerEntityManagerFactoryBean     -
				Closing JPA EntityManagerFactory for persistence unit 'default'
2021-03-21 01:32:57,005 [SpringContextShutdownHook   ] [INFO ] o.h.tool.schema.internal.SchemaDropperImpl$DelayedDropActionImpl       -
				HHH000477: Starting delayed evictData of schema as part of SessionFactory shut-down'
2021-03-21 01:32:57,033 [SpringContextShutdownHook   ] [WARN ] org.hibernate.engine.jdbc.spi.SqlExceptionHelper                       -
				SQL Error: 90121, SQLState: 90121
2021-03-21 01:32:57,033 [SpringContextShutdownHook   ] [ERROR] org.hibernate.engine.jdbc.spi.SqlExceptionHelper                       -
				Database is already closed (to disable automatic closing at VM shutdown, add ";DB_CLOSE_ON_EXIT=FALSE" to the db URL) [90121-200]
2021-03-21 01:32:57,035 [SpringContextShutdownHook   ] [WARN ] org.hibernate.engine.jdbc.spi.SqlExceptionHelper                       -
				SQL Error: 90121, SQLState: 90121
2021-03-21 01:32:57,036 [SpringContextShutdownHook   ] [ERROR] org.hibernate.engine.jdbc.spi.SqlExceptionHelper                       -
				Database is already closed (to disable automatic closing at VM shutdown, add ";DB_CLOSE_ON_EXIT=FALSE" to the db URL) [90121-200]
2021-03-21 01:32:57,065 [SpringContextShutdownHook   ] [WARN ] org.springframework.beans.factory.support.DisposableBeanAdapter        -
				Invocation of destroy method failed on bean with name 'entityManagerFactory': org.hibernate.exception.JDBCConnectionException: Unable to release JDBC Connection used for DDL execution
2021-03-21 01:32:57,066 [SpringContextShutdownHook   ] [INFO ] com.zaxxer.hikari.HikariDataSource                                     -
				HikariPool-1 - Shutdown initiated...
2021-03-21 01:32:57,083 [SpringContextShutdownHook   ] [INFO ] com.zaxxer.hikari.HikariDataSource                                     -
				HikariPool-1 - Shutdown completed.
